2021-04-16 22:26:11,575 - root - DEBUG - 开始操作
2021-04-16 22:26:11,576 - root - DEBUG - 显示少女前线 - MuMu模拟器！
2021-04-16 22:26:14,620 - root - DEBUG - 主菜单
2021-04-16 22:31:39,481 - root - DEBUG - 显示少女前线 - MuMu模拟器！
2021-04-16 22:31:42,561 - root - DEBUG - 委托完成
2021-04-16 22:31:42,561 - root - DEBUG - ACTION: 收派后勤
2021-04-16 22:31:50,265 - root - DEBUG - 收派后勤数：1
2021-04-16 22:31:50,266 - root - DEBUG - 显示少女前线 - MuMu模拟器！
2021-04-16 22:31:53,300 - root - DEBUG - 主菜单
2021-04-16 22:37:22,914 - root - DEBUG - 显示少女前线 - MuMu模拟器！
2021-04-16 22:37:25,951 - root - DEBUG - 主菜单
2021-04-16 22:42:54,326 - root - DEBUG - 显示少女前线 - MuMu模拟器！
2021-04-16 22:42:57,376 - root - DEBUG - 主菜单
2021-04-16 22:48:06,871 - root - DEBUG - 显示少女前线 - MuMu模拟器！
2021-04-16 22:48:09,903 - root - DEBUG - 主菜单
2021-04-16 22:53:34,564 - root - DEBUG - 显示少女前线 - MuMu模拟器！
2021-04-16 22:53:37,598 - root - DEBUG - 主菜单
2021-04-16 22:58:59,772 - root - DEBUG - 显示少女前线 - MuMu模拟器！
2021-04-16 22:59:02,816 - root - DEBUG - 主菜单
2021-04-16 23:04:06,792 - root - DEBUG - 显示少女前线 - MuMu模拟器！
2021-04-16 23:04:09,835 - root - DEBUG - 主菜单
2021-04-16 23:09:51,599 - root - DEBUG - 显示少女前线 - MuMu模拟器！
2021-04-16 23:09:54,652 - root - DEBUG - 主菜单
2021-04-16 23:15:27,446 - root - DEBUG - 显示少女前线 - MuMu模拟器！
2021-04-16 23:15:30,483 - root - DEBUG - 主菜单
2021-04-16 23:21:32,504 - root - DEBUG - 显示少女前线 - MuMu模拟器！
2021-04-16 23:21:35,544 - root - DEBUG - 主菜单
2021-04-16 23:27:00,370 - root - DEBUG - 显示少女前线 - MuMu模拟器！
2021-04-16 23:27:03,442 - root - DEBUG - 委托完成
2021-04-16 23:27:03,442 - root - DEBUG - ACTION: 收派后勤
2021-04-16 23:27:10,336 - root - DEBUG - 收派后勤数：2
2021-04-16 23:27:10,337 - root - DEBUG - 显示少女前线 - MuMu模拟器！
2021-04-16 23:27:13,378 - root - DEBUG - 主菜单
2021-04-16 23:32:45,892 - root - DEBUG - 显示少女前线 - MuMu模拟器！
2021-04-16 23:32:48,933 - root - DEBUG - 主菜单
2021-04-16 23:37:57,650 - root - DEBUG - 显示少女前线 - MuMu模拟器！
2021-04-16 23:38:00,684 - root - DEBUG - 主菜单
2021-04-16 23:43:53,921 - root - DEBUG - 显示少女前线 - MuMu模拟器！
2021-04-16 23:43:56,988 - root - DEBUG - 委托完成
2021-04-16 23:43:56,988 - root - DEBUG - ACTION: 收派后勤
2021-04-16 23:44:04,024 - root - DEBUG - 收派后勤数：3
2021-04-16 23:44:04,024 - root - DEBUG - 显示少女前线 - MuMu模拟器！
2021-04-16 23:44:07,051 - root - DEBUG - 主菜单
2021-04-16 23:49:11,173 - root - DEBUG - 显示少女前线 - MuMu模拟器！
2021-04-16 23:49:14,220 - root - DEBUG - 主菜单
2021-04-16 23:54:56,614 - root - DEBUG - 显示少女前线 - MuMu模拟器！
2021-04-16 23:54:59,662 - root - DEBUG - 主菜单
2021-04-17 00:00:53,626 - root - DEBUG - 显示少女前线 - MuMu模拟器！
2021-04-17 00:00:56,692 - root - DEBUG - 委托完成
2021-04-17 00:00:56,693 - root - DEBUG - ACTION: 收派后勤
2021-04-17 00:01:03,654 - root - DEBUG - 收派后勤数：4
2021-04-17 00:01:03,654 - root - DEBUG - 显示少女前线 - MuMu模拟器！
2021-04-17 00:01:06,683 - root - DEBUG - 主菜单
2021-04-17 00:06:49,591 - root - DEBUG - 显示少女前线 - MuMu模拟器！
2021-04-17 00:06:52,623 - root - DEBUG - 主菜单
2021-04-17 00:12:02,482 - root - DEBUG - 显示少女前线 - MuMu模拟器！
2021-04-17 00:12:05,526 - root - DEBUG - 主菜单
2021-04-17 00:17:14,235 - root - DEBUG - 显示少女前线 - MuMu模拟器！
2021-04-17 00:17:17,275 - root - DEBUG - 主菜单
2021-04-17 00:23:19,949 - root - DEBUG - 显示少女前线 - MuMu模拟器！
2021-04-17 00:23:22,991 - root - DEBUG - 主菜单
2021-04-17 00:28:45,810 - root - DEBUG - 显示少女前线 - MuMu模拟器！
2021-04-17 00:28:48,860 - root - DEBUG - 主菜单
2021-04-17 00:34:06,146 - root - DEBUG - 显示少女前线 - MuMu模拟器！
2021-04-17 00:34:09,195 - root - DEBUG - 主菜单
2021-04-17 00:39:59,011 - root - DEBUG - 显示少女前线 - MuMu模拟器！
2021-04-17 00:40:02,046 - root - DEBUG - 主菜单
2021-04-17 00:45:35,563 - root - DEBUG - 显示少女前线 - MuMu模拟器！
2021-04-17 00:45:38,602 - root - DEBUG - 主菜单
2021-04-17 00:50:55,801 - root - DEBUG - 显示少女前线 - MuMu模拟器！
2021-04-17 00:50:58,838 - root - DEBUG - 主菜单
2021-04-17 00:56:47,073 - root - DEBUG - 显示少女前线 - MuMu模拟器！
2021-04-17 00:56:50,112 - root - DEBUG - 主菜单
2021-04-17 01:02:02,035 - root - DEBUG - 显示少女前线 - MuMu模拟器！
2021-04-17 01:02:05,117 - root - DEBUG - 委托完成
2021-04-17 01:02:05,117 - root - DEBUG - ACTION: 收派后勤
2021-04-17 01:02:11,736 - root - DEBUG - 收派后勤数：5
2021-04-17 01:02:11,736 - root - DEBUG - 显示少女前线 - MuMu模拟器！
2021-04-17 01:02:14,783 - root - DEBUG - 主菜单
2021-04-17 01:07:58,402 - root - DEBUG - 显示少女前线 - MuMu模拟器！
2021-04-17 01:08:01,452 - root - DEBUG - 主菜单
2021-04-17 01:13:45,042 - root - DEBUG - 显示少女前线 - MuMu模拟器！
2021-04-17 01:13:48,090 - root - DEBUG - 主菜单
2021-04-17 01:19:48,496 - root - DEBUG - 显示少女前线 - MuMu模拟器！
2021-04-17 01:19:51,528 - root - DEBUG - 主菜单
2021-04-17 01:25:28,253 - root - DEBUG - 显示少女前线 - MuMu模拟器！
2021-04-17 01:25:31,288 - root - DEBUG - 主菜单
2021-04-17 01:31:23,815 - root - DEBUG - 显示少女前线 - MuMu模拟器！
2021-04-17 01:31:26,867 - root - DEBUG - 主菜单
2021-04-17 01:36:43,684 - root - DEBUG - 显示少女前线 - MuMu模拟器！
2021-04-17 01:36:46,726 - root - DEBUG - 主菜单
2021-04-17 01:42:24,572 - root - DEBUG - 显示少女前线 - MuMu模拟器！
2021-04-17 01:42:27,613 - root - DEBUG - 主菜单
2021-04-17 01:48:18,058 - root - DEBUG - 显示少女前线 - MuMu模拟器！
2021-04-17 01:48:21,091 - root - DEBUG - 主菜单
2021-04-17 01:53:47,549 - root - DEBUG - 显示少女前线 - MuMu模拟器！
2021-04-17 01:53:50,588 - root - DEBUG - 主菜单
2021-04-17 01:59:31,533 - root - DEBUG - 显示少女前线 - MuMu模拟器！
2021-04-17 01:59:34,577 - root - DEBUG - 主菜单
2021-04-17 02:05:07,497 - root - DEBUG - 显示少女前线 - MuMu模拟器！
2021-04-17 02:05:10,531 - root - DEBUG - 主菜单
2021-04-17 02:11:09,009 - root - DEBUG - 显示少女前线 - MuMu模拟器！
2021-04-17 02:11:12,043 - root - DEBUG - 主菜单
2021-04-17 02:16:23,019 - root - DEBUG - 显示少女前线 - MuMu模拟器！
2021-04-17 02:16:26,045 - root - DEBUG - 主菜单
2021-04-17 02:21:36,917 - root - DEBUG - 显示少女前线 - MuMu模拟器！
2021-04-17 02:21:39,951 - root - DEBUG - 主菜单
2021-04-17 02:27:12,546 - root - DEBUG - 显示少女前线 - MuMu模拟器！
2021-04-17 02:27:15,582 - root - DEBUG - 主菜单
2021-04-17 02:32:49,790 - root - DEBUG - 显示少女前线 - MuMu模拟器！
2021-04-17 02:32:52,835 - root - DEBUG - 主菜单
2021-04-17 02:38:02,252 - root - DEBUG - 显示少女前线 - MuMu模拟器！
2021-04-17 02:38:05,289 - root - DEBUG - 主菜单
2021-04-17 02:43:25,784 - root - DEBUG - 显示少女前线 - MuMu模拟器！
2021-04-17 02:43:28,832 - root - DEBUG - 主菜单
2021-04-17 02:48:42,880 - root - DEBUG - 显示少女前线 - MuMu模拟器！
2021-04-17 02:48:45,910 - root - DEBUG - 主菜单
2021-04-17 02:54:11,971 - root - DEBUG - 显示少女前线 - MuMu模拟器！
2021-04-17 02:54:15,009 - root - DEBUG - 主菜单
2021-04-17 02:59:32,552 - root - DEBUG - 显示少女前线 - MuMu模拟器！
2021-04-17 02:59:35,592 - root - DEBUG - 主菜单
2021-04-17 03:04:44,564 - root - DEBUG - 显示少女前线 - MuMu模拟器！
2021-04-17 03:04:47,645 - root - DEBUG - 委托完成
2021-04-17 03:04:47,647 - root - DEBUG - ACTION: 收派后勤
2021-04-17 03:04:54,892 - root - DEBUG - 收派后勤数：6
2021-04-17 03:04:54,892 - root - DEBUG - 显示少女前线 - MuMu模拟器！
2021-04-17 03:04:57,932 - root - DEBUG - 主菜单
2021-04-17 03:10:21,471 - root - DEBUG - 显示少女前线 - MuMu模拟器！
2021-04-17 03:10:24,503 - root - DEBUG - 主菜单
2021-04-17 03:15:50,354 - root - DEBUG - 显示少女前线 - MuMu模拟器！
2021-04-17 03:15:53,400 - root - DEBUG - 主菜单
2021-04-17 03:21:15,851 - root - DEBUG - 显示少女前线 - MuMu模拟器！
2021-04-17 03:21:18,891 - root - DEBUG - 主菜单
2021-04-17 03:26:46,599 - root - DEBUG - 显示少女前线 - MuMu模拟器！
2021-04-17 03:26:49,640 - root - DEBUG - 主菜单
2021-04-17 03:32:12,673 - root - DEBUG - 显示少女前线 - MuMu模拟器！
2021-04-17 03:32:15,735 - root - DEBUG - 委托完成
2021-04-17 03:32:15,735 - root - DEBUG - ACTION: 收派后勤
2021-04-17 03:32:23,015 - root - DEBUG - 收派后勤数：7
2021-04-17 03:32:23,016 - root - DEBUG - 显示少女前线 - MuMu模拟器！
2021-04-17 03:32:26,046 - root - DEBUG - 主菜单
2021-04-17 03:37:34,065 - root - DEBUG - 显示少女前线 - MuMu模拟器！
2021-04-17 03:37:37,096 - root - DEBUG - 主菜单
2021-04-17 03:43:02,827 - root - DEBUG - 显示少女前线 - MuMu模拟器！
2021-04-17 03:43:05,867 - root - DEBUG - 主菜单
2021-04-17 03:48:50,182 - root - DEBUG - 显示少女前线 - MuMu模拟器！
2021-04-17 03:48:53,210 - root - DEBUG - 主菜单
2021-04-17 03:54:41,016 - root - DEBUG - 显示少女前线 - MuMu模拟器！
2021-04-17 03:54:44,057 - root - DEBUG - 主菜单
2021-04-17 03:59:58,672 - root - DEBUG - 显示少女前线 - MuMu模拟器！
2021-04-17 04:00:01,719 - root - DEBUG - 主菜单
2021-04-17 04:05:07,068 - root - DEBUG - 显示少女前线 - MuMu模拟器！
2021-04-17 04:05:10,115 - root - DEBUG - 主菜单
2021-04-17 04:10:41,118 - root - DEBUG - 显示少女前线 - MuMu模拟器！
2021-04-17 04:10:44,167 - root - DEBUG - 主菜单
2021-04-17 04:16:44,950 - root - DEBUG - 显示少女前线 - MuMu模拟器！
2021-04-17 04:16:47,984 - root - DEBUG - 主菜单
2021-04-17 04:22:42,364 - root - DEBUG - 显示少女前线 - MuMu模拟器！
2021-04-17 04:22:45,414 - root - DEBUG - 主菜单
2021-04-17 04:28:31,598 - root - DEBUG - 显示少女前线 - MuMu模拟器！
2021-04-17 04:28:34,634 - root - DEBUG - 主菜单
2021-04-17 04:34:01,386 - root - DEBUG - 显示少女前线 - MuMu模拟器！
2021-04-17 04:34:04,432 - root - DEBUG - 主菜单
2021-04-17 04:39:35,012 - root - DEBUG - 显示少女前线 - MuMu模拟器！
2021-04-17 04:39:38,058 - root - DEBUG - 主菜单
2021-04-17 04:44:50,161 - root - DEBUG - 显示少女前线 - MuMu模拟器！
2021-04-17 04:44:53,189 - root - DEBUG - 主菜单
2021-04-17 04:50:38,444 - root - DEBUG - 显示少女前线 - MuMu模拟器！
2021-04-17 04:50:41,483 - root - DEBUG - 主菜单
2021-04-17 04:55:45,836 - root - DEBUG - 显示少女前线 - MuMu模拟器！
2021-04-17 04:55:48,879 - root - DEBUG - 主菜单
2021-04-17 05:01:09,128 - root - DEBUG - 显示少女前线 - MuMu模拟器！
2021-04-17 05:01:12,170 - root - DEBUG - 主菜单
2021-04-17 05:06:16,435 - root - DEBUG - 显示少女前线 - MuMu模拟器！
2021-04-17 05:06:19,465 - root - DEBUG - 主菜单
2021-04-17 05:11:46,958 - root - DEBUG - 显示少女前线 - MuMu模拟器！
2021-04-17 05:11:50,014 - root - DEBUG - 主菜单
2021-04-17 05:17:30,296 - root - DEBUG - 显示少女前线 - MuMu模拟器！
2021-04-17 05:17:33,325 - root - DEBUG - 主菜单
2021-04-17 05:23:24,217 - root - DEBUG - 显示少女前线 - MuMu模拟器！
2021-04-17 05:23:27,255 - root - DEBUG - 主菜单
2021-04-17 05:28:54,689 - root - DEBUG - 显示少女前线 - MuMu模拟器！
2021-04-17 05:28:57,777 - root - DEBUG - 委托完成
2021-04-17 05:28:57,778 - root - DEBUG - ACTION: 收派后勤
2021-04-17 05:29:05,515 - root - DEBUG - 收派后勤数：8
2021-04-17 05:29:05,515 - root - DEBUG - 显示少女前线 - MuMu模拟器！
2021-04-17 05:29:08,541 - root - DEBUG - 主菜单
2021-04-17 05:34:17,300 - root - DEBUG - 显示少女前线 - MuMu模拟器！
2021-04-17 05:34:20,342 - root - DEBUG - 主菜单
2021-04-17 05:40:20,427 - root - DEBUG - 显示少女前线 - MuMu模拟器！
2021-04-17 05:40:23,479 - root - DEBUG - 主菜单
2021-04-17 05:45:54,598 - root - DEBUG - 显示少女前线 - MuMu模拟器！
2021-04-17 05:45:57,682 - root - DEBUG - 委托完成
2021-04-17 05:45:57,682 - root - DEBUG - ACTION: 收派后勤
2021-04-17 05:46:04,500 - root - DEBUG - 收派后勤数：9
2021-04-17 05:46:04,501 - root - DEBUG - 显示少女前线 - MuMu模拟器！
2021-04-17 05:46:07,548 - root - DEBUG - 主菜单
2021-04-17 05:51:57,835 - root - DEBUG - 显示少女前线 - MuMu模拟器！
2021-04-17 05:52:00,870 - root - DEBUG - 主菜单
2021-04-17 05:57:53,427 - root - DEBUG - 显示少女前线 - MuMu模拟器！
2021-04-17 05:57:56,474 - root - DEBUG - 主菜单
2021-04-17 06:03:20,361 - root - DEBUG - 显示少女前线 - MuMu模拟器！
2021-04-17 06:03:23,419 - root - DEBUG - 委托完成
2021-04-17 06:03:23,420 - root - DEBUG - ACTION: 收派后勤
2021-04-17 06:03:30,353 - root - DEBUG - 收派后勤数：10
2021-04-17 06:03:30,353 - root - DEBUG - 显示少女前线 - MuMu模拟器！
2021-04-17 06:03:33,380 - root - DEBUG - 主菜单
2021-04-17 06:09:32,100 - root - DEBUG - 显示少女前线 - MuMu模拟器！
2021-04-17 06:09:35,170 - root - DEBUG - 委托完成
2021-04-17 06:09:35,171 - root - DEBUG - ACTION: 收派后勤
2021-04-17 06:09:42,779 - root - DEBUG - 收派后勤数：11
2021-04-17 06:09:42,780 - root - DEBUG - 显示少女前线 - MuMu模拟器！
2021-04-17 06:09:45,803 - root - DEBUG - 主菜单
2021-04-17 06:14:52,974 - root - DEBUG - 显示少女前线 - MuMu模拟器！
2021-04-17 06:14:56,002 - root - DEBUG - 主菜单
2021-04-17 06:20:26,128 - root - DEBUG - 显示少女前线 - MuMu模拟器！
2021-04-17 06:20:29,156 - root - DEBUG - 主菜单
2021-04-17 06:25:33,973 - root - DEBUG - 显示少女前线 - MuMu模拟器！
2021-04-17 06:25:37,002 - root - DEBUG - 主菜单
2021-04-17 06:31:27,798 - root - DEBUG - 显示少女前线 - MuMu模拟器！
2021-04-17 06:31:30,829 - root - DEBUG - 主菜单
2021-04-17 06:37:33,804 - root - DEBUG - 显示少女前线 - MuMu模拟器！
2021-04-17 06:37:36,845 - root - DEBUG - 主菜单
2021-04-17 06:42:40,140 - root - DEBUG - 显示少女前线 - MuMu模拟器！
2021-04-17 06:42:43,190 - root - DEBUG - 主菜单
2021-04-17 06:48:05,363 - root - DEBUG - 显示少女前线 - MuMu模拟器！
2021-04-17 06:48:08,406 - root - DEBUG - 主菜单
2021-04-17 06:53:14,381 - root - DEBUG - 显示少女前线 - MuMu模拟器！
2021-04-17 06:53:17,429 - root - DEBUG - 主菜单
2021-04-17 06:58:42,600 - root - DEBUG - 显示少女前线 - MuMu模拟器！
2021-04-17 06:58:45,652 - root - DEBUG - 主菜单
2021-04-17 07:03:50,320 - root - DEBUG - 显示少女前线 - MuMu模拟器！
2021-04-17 07:03:53,372 - root - DEBUG - 主菜单
2021-04-17 07:09:03,028 - root - DEBUG - 显示少女前线 - MuMu模拟器！
2021-04-17 07:09:06,073 - root - DEBUG - 主菜单
2021-04-17 07:14:19,830 - root - DEBUG - 显示少女前线 - MuMu模拟器！
2021-04-17 07:14:22,880 - root - DEBUG - 主菜单
2021-04-17 07:19:28,350 - root - DEBUG - 显示少女前线 - MuMu模拟器！
2021-04-17 07:19:31,376 - root - DEBUG - 主菜单
2021-04-17 07:25:08,563 - root - DEBUG - 显示少女前线 - MuMu模拟器！
2021-04-17 07:25:11,612 - root - DEBUG - 主菜单
2021-04-17 07:30:17,932 - root - DEBUG - 显示少女前线 - MuMu模拟器！
2021-04-17 07:30:20,964 - root - DEBUG - 主菜单
2021-04-17 07:35:32,628 - root - DEBUG - 显示少女前线 - MuMu模拟器！
2021-04-17 07:35:35,665 - root - DEBUG - 主菜单
