2021-08-02 12:23:52,912 - root - DEBUG - 开始操作
2021-08-02 12:23:53,146 - root - DEBUG - STATE： 主菜单界面
2021-08-02 12:23:53,146 - root - DEBUG - ACTION: 前往作战菜单
2021-08-02 12:23:58,723 - root - DEBUG - STATE： 8-1n界面
2021-08-02 12:23:58,724 - root - DEBUG - ACTION: 启动8-1n
2021-08-02 12:24:07,134 - root - DEBUG - STATE：进入地图
2021-08-02 12:24:07,135 - root - DEBUG - STATE: 战前整备
2021-08-02 12:24:16,421 - root - DEBUG - ACTION: 更换打手
2021-08-02 12:24:34,123 - root - DEBUG - ACTION: 放置队伍
2021-08-02 12:24:38,226 - root - DEBUG - ACTION: 开始作战
2021-08-02 12:24:52,702 - root - DEBUG - ACTION: 重启作战
2021-08-02 12:25:00,100 - root - DEBUG - STATE：进入地图
2021-08-02 12:25:00,100 - root - DEBUG - ACTION: 更换打手
2021-08-02 12:25:15,617 - root - DEBUG - ACTION: 放置队伍
2021-08-02 12:25:19,752 - root - DEBUG - ACTION: 开始作战
2021-08-02 12:25:22,726 - root - DEBUG - ACTION: 计划模式
2021-08-02 12:27:36,791 - root - DEBUG - ACTION: 补给Zas
2021-08-02 12:27:40,420 - root - DEBUG - ACTION: 撤退Zas
2021-08-02 12:27:43,893 - root - DEBUG - ACTION: 重启作战
2021-08-02 12:27:50,780 - root - DEBUG - > 已运行：0:03:57.868195  8-1n轮次：1
2021-08-02 12:27:50,808 - root - DEBUG - STATE：进入地图
2021-08-02 12:27:50,809 - root - DEBUG - ACTION: 更换打手
2021-08-02 12:28:07,273 - root - DEBUG - ACTION: 放置队伍
2021-08-02 12:28:11,302 - root - DEBUG - ACTION: 开始作战
2021-08-02 12:28:14,383 - root - DEBUG - ACTION: 计划模式
2021-08-02 12:30:32,477 - root - DEBUG - ACTION: 补给Zas
2021-08-02 12:30:36,027 - root - DEBUG - ACTION: 撤退Zas
2021-08-02 12:30:39,608 - root - DEBUG - ACTION: 重启作战
2021-08-02 12:30:46,263 - root - DEBUG - > 已运行：0:06:53.350326  8-1n轮次：2
2021-08-02 12:30:53,278 - root - DEBUG - ACTION: 跳转至主菜单
2021-08-02 12:31:00,833 - root - DEBUG - STATE： 后勤结束界面
2021-08-02 12:31:00,833 - root - DEBUG - ACTION: 收派后勤
2021-08-02 12:31:08,295 - root - DEBUG - STATE： 后勤结束界面
2021-08-02 12:31:08,295 - root - DEBUG - ACTION: 收派后勤
2021-08-02 12:31:15,879 - root - DEBUG - STATE： 后勤结束界面
2021-08-02 12:31:15,879 - root - DEBUG - ACTION: 收派后勤
2021-08-02 12:31:22,789 - root - DEBUG - STATE： 主菜单界面
2021-08-02 12:31:22,789 - root - DEBUG - ACTION: 前往作战菜单
2021-08-02 12:31:28,616 - root - DEBUG - STATE： 8-1n界面
2021-08-02 12:31:28,617 - root - DEBUG - ACTION: 启动8-1n
2021-08-02 12:31:36,358 - root - DEBUG - STATE：进入地图
2021-08-02 12:31:36,358 - root - DEBUG - ACTION: 更换打手
2021-08-02 12:31:52,693 - root - DEBUG - ACTION: 放置队伍
2021-08-02 12:31:56,728 - root - DEBUG - ACTION: 开始作战
2021-08-02 12:31:59,725 - root - DEBUG - ACTION: 计划模式
2021-08-02 12:34:23,180 - root - DEBUG - ACTION: 补给Zas
2021-08-02 12:34:26,283 - root - DEBUG - ACTION: 撤退Zas
2021-08-02 12:34:29,832 - root - DEBUG - ACTION: 重启作战
2021-08-02 12:34:36,465 - root - DEBUG - > 已运行：0:10:43.552708  8-1n轮次：3
2021-08-02 12:34:36,493 - root - DEBUG - STATE：进入地图
2021-08-02 12:34:36,493 - root - DEBUG - ACTION: 更换打手
2021-08-02 12:34:52,863 - root - DEBUG - ACTION: 放置队伍
2021-08-02 12:34:56,820 - root - DEBUG - ACTION: 开始作战
2021-08-02 12:34:59,896 - root - DEBUG - ACTION: 计划模式
2021-08-02 12:37:19,266 - root - DEBUG - ACTION: 补给Zas
2021-08-02 12:37:22,843 - root - DEBUG - ACTION: 撤退Zas
2021-08-02 12:37:26,396 - root - DEBUG - ACTION: 重启作战
2021-08-02 12:37:33,679 - root - DEBUG - > 已运行：0:13:40.767161  8-1n轮次：4
2021-08-02 12:37:40,691 - root - DEBUG - ACTION: 跳转至主菜单
2021-08-02 12:37:47,822 - root - DEBUG - STATE： 主菜单界面
2021-08-02 12:37:47,823 - root - DEBUG - ACTION: 前往作战菜单
2021-08-02 12:37:53,230 - root - DEBUG - STATE： 8-1n界面
2021-08-02 12:37:53,230 - root - DEBUG - ACTION: 启动8-1n
2021-08-02 12:38:01,219 - root - DEBUG - STATE：进入地图
2021-08-02 12:38:01,219 - root - DEBUG - ACTION: 更换打手
2021-08-02 12:38:18,158 - root - DEBUG - ACTION: 放置队伍
2021-08-02 12:38:22,139 - root - DEBUG - ACTION: 开始作战
2021-08-02 12:38:25,192 - root - DEBUG - ACTION: 计划模式
2021-08-02 12:40:39,283 - root - DEBUG - ACTION: 补给Zas
2021-08-02 12:40:42,807 - root - DEBUG - ACTION: 撤退Zas
2021-08-02 12:40:46,316 - root - DEBUG - ACTION: 重启作战
2021-08-02 12:40:53,325 - root - DEBUG - > 已运行：0:17:00.412254  8-1n轮次：5
2021-08-02 12:40:53,373 - root - DEBUG - STATE：进入地图
2021-08-02 12:40:53,374 - root - DEBUG - ACTION: 更换打手
2021-08-02 12:41:10,365 - root - DEBUG - ACTION: 放置队伍
2021-08-02 12:41:14,395 - root - DEBUG - ACTION: 开始作战
2021-08-02 12:41:17,425 - root - DEBUG - ACTION: 计划模式
2021-08-02 12:43:30,816 - root - DEBUG - ACTION: 补给Zas
2021-08-02 12:43:34,363 - root - DEBUG - ACTION: 撤退Zas
2021-08-02 12:43:37,867 - root - DEBUG - ACTION: 重启作战
2021-08-02 12:43:44,978 - root - DEBUG - > 已运行：0:19:52.066184  8-1n轮次：6
2021-08-02 12:43:51,988 - root - DEBUG - ACTION: 跳转至主菜单
2021-08-02 12:43:59,394 - root - DEBUG - STATE： 主菜单界面
2021-08-02 12:43:59,394 - root - DEBUG - ACTION: 前往作战菜单
2021-08-02 12:44:05,155 - root - DEBUG - STATE： 8-1n界面
2021-08-02 12:44:05,156 - root - DEBUG - ACTION: 启动8-1n
2021-08-02 12:44:13,763 - root - DEBUG - STATE：进入地图
2021-08-02 12:44:13,764 - root - DEBUG - ACTION: 更换打手
2021-08-02 12:44:29,705 - root - DEBUG - ACTION: 放置队伍
2021-08-02 12:44:33,760 - root - DEBUG - ACTION: 开始作战
2021-08-02 12:44:36,762 - root - DEBUG - ACTION: 计划模式
2021-08-02 12:46:55,233 - root - DEBUG - ACTION: 补给Zas
2021-08-02 12:46:58,835 - root - DEBUG - ACTION: 撤退Zas
2021-08-02 12:47:02,391 - root - DEBUG - ACTION: 重启作战
2021-08-02 12:47:08,997 - root - DEBUG - > 已运行：0:23:16.084498  8-1n轮次：7
2021-08-02 12:47:09,024 - root - DEBUG - STATE：进入地图
2021-08-02 12:47:09,025 - root - DEBUG - ACTION: 更换打手
2021-08-02 12:47:25,445 - root - DEBUG - ACTION: 放置队伍
2021-08-02 12:47:29,627 - root - DEBUG - ACTION: 开始作战
2021-08-02 12:47:32,626 - root - DEBUG - ACTION: 计划模式
2021-08-02 12:49:52,196 - root - DEBUG - ACTION: 补给Zas
2021-08-02 12:49:55,297 - root - DEBUG - ACTION: 撤退Zas
2021-08-02 12:49:58,858 - root - DEBUG - ACTION: 重启作战
2021-08-02 12:50:06,090 - root - DEBUG - > 已运行：0:26:13.177719  8-1n轮次：8
2021-08-02 12:50:13,098 - root - DEBUG - ACTION: 跳转至主菜单
2021-08-02 12:50:19,857 - root - DEBUG - STATE： 主菜单界面
2021-08-02 12:50:19,857 - root - DEBUG - ACTION: 前往作战菜单
2021-08-02 12:50:25,112 - root - DEBUG - STATE： 8-1n界面
2021-08-02 12:50:25,112 - root - DEBUG - ACTION: 启动8-1n
2021-08-02 12:50:33,849 - root - DEBUG - STATE：进入地图
2021-08-02 12:50:33,849 - root - DEBUG - ACTION: 更换打手
2021-08-02 12:50:50,163 - root - DEBUG - ACTION: 放置队伍
2021-08-02 12:50:54,222 - root - DEBUG - ACTION: 开始作战
2021-08-02 12:50:57,251 - root - DEBUG - ACTION: 计划模式
2021-08-02 12:53:21,898 - root - DEBUG - ACTION: 补给Zas
2021-08-02 12:53:25,480 - root - DEBUG - ACTION: 撤退Zas
2021-08-02 12:53:28,985 - root - DEBUG - ACTION: 重启作战
2021-08-02 12:53:36,390 - root - DEBUG - > 已运行：0:29:43.477635  8-1n轮次：9
2021-08-02 12:53:36,418 - root - DEBUG - STATE：进入地图
2021-08-02 12:53:36,419 - root - DEBUG - ACTION: 更换打手
2021-08-02 12:53:53,033 - root - DEBUG - ACTION: 放置队伍
2021-08-02 12:53:57,119 - root - DEBUG - ACTION: 开始作战
2021-08-02 12:54:00,193 - root - DEBUG - ACTION: 计划模式
2021-08-02 12:56:14,631 - root - DEBUG - ACTION: 补给Zas
2021-08-02 12:56:18,086 - root - DEBUG - ACTION: 撤退Zas
2021-08-02 12:56:21,592 - root - DEBUG - ACTION: 重启作战
2021-08-02 12:56:28,950 - root - DEBUG - > 已运行：0:32:36.037313  8-1n轮次：10
2021-08-02 12:56:35,958 - root - DEBUG - ACTION: 跳转至主菜单
2021-08-02 12:56:42,794 - root - DEBUG - STATE： 主菜单界面
2021-08-02 12:56:42,794 - root - DEBUG - ACTION: 前往作战菜单
2021-08-02 12:56:48,121 - root - DEBUG - STATE： 8-1n界面
2021-08-02 12:56:48,121 - root - DEBUG - ACTION: 启动8-1n
2021-08-02 12:56:56,909 - root - DEBUG - STATE：进入地图
2021-08-02 12:56:56,910 - root - DEBUG - ACTION: 更换打手
2021-08-02 12:57:13,700 - root - DEBUG - ACTION: 放置队伍
2021-08-02 12:57:17,760 - root - DEBUG - ACTION: 开始作战
2021-08-02 12:57:20,786 - root - DEBUG - ACTION: 计划模式
2021-08-02 12:59:35,028 - root - DEBUG - ACTION: 补给Zas
2021-08-02 12:59:38,526 - root - DEBUG - ACTION: 撤退Zas
2021-08-02 12:59:42,006 - root - DEBUG - ACTION: 重启作战
2021-08-02 12:59:49,067 - root - DEBUG - > 已运行：0:35:56.154903  8-1n轮次：11
2021-08-02 12:59:49,117 - root - DEBUG - STATE：进入地图
2021-08-02 12:59:49,118 - root - DEBUG - ACTION: 更换打手
2021-08-02 13:00:05,312 - root - DEBUG - ACTION: 放置队伍
2021-08-02 13:00:09,394 - root - DEBUG - ACTION: 开始作战
2021-08-02 13:00:12,365 - root - DEBUG - ACTION: 计划模式
2021-08-02 13:02:35,943 - root - DEBUG - ACTION: 补给Zas
2021-08-02 13:02:39,046 - root - DEBUG - ACTION: 撤退Zas
2021-08-02 13:02:42,550 - root - DEBUG - ACTION: 重启作战
2021-08-02 13:02:49,285 - root - DEBUG - > 已运行：0:38:56.372642  8-1n轮次：12
2021-08-02 13:02:56,292 - root - DEBUG - ACTION: 跳转至主菜单
2021-08-02 13:03:02,697 - root - DEBUG - STATE： 主菜单界面
2021-08-02 13:03:02,697 - root - DEBUG - ACTION: 前往作战菜单
2021-08-02 13:03:07,828 - root - DEBUG - STATE： 8-1n界面
2021-08-02 13:03:07,828 - root - DEBUG - ACTION: 启动8-1n
2021-08-02 13:03:15,563 - root - DEBUG - STATE：进入地图
2021-08-02 13:03:15,563 - root - DEBUG - ACTION: 更换打手
2021-08-02 13:03:31,706 - root - DEBUG - ACTION: 放置队伍
2021-08-02 13:03:35,716 - root - DEBUG - ACTION: 开始作战
2021-08-02 13:03:38,662 - root - DEBUG - ACTION: 计划模式
2021-08-02 13:05:58,060 - root - DEBUG - ACTION: 补给Zas
2021-08-02 13:06:01,695 - root - DEBUG - ACTION: 撤退Zas
2021-08-02 13:06:05,245 - root - DEBUG - ACTION: 重启作战
2021-08-02 13:06:12,200 - root - DEBUG - > 已运行：0:42:19.287604  8-1n轮次：13
2021-08-02 13:06:12,227 - root - DEBUG - STATE：进入地图
2021-08-02 13:06:12,227 - root - DEBUG - ACTION: 更换打手
2021-08-02 13:06:28,826 - root - DEBUG - ACTION: 放置队伍
2021-08-02 13:06:32,875 - root - DEBUG - ACTION: 开始作战
2021-08-02 13:06:35,859 - root - DEBUG - ACTION: 计划模式
2021-08-02 13:09:00,806 - root - DEBUG - ACTION: 补给Zas
2021-08-02 13:09:04,332 - root - DEBUG - ACTION: 撤退Zas
2021-08-02 13:09:07,863 - root - DEBUG - ACTION: 重启作战
2021-08-02 13:09:14,825 - root - DEBUG - > 已运行：0:45:21.912527  8-1n轮次：14
2021-08-02 13:09:21,831 - root - DEBUG - ACTION: 跳转至主菜单
2021-08-02 13:09:28,761 - root - DEBUG - STATE： 主菜单界面
2021-08-02 13:09:28,761 - root - DEBUG - ACTION: 前往作战菜单
2021-08-02 13:09:34,068 - root - DEBUG - STATE： 8-1n界面
2021-08-02 13:09:34,068 - root - DEBUG - ACTION: 启动8-1n
2021-08-02 13:09:42,582 - root - DEBUG - STATE：进入地图
2021-08-02 13:09:42,583 - root - DEBUG - ACTION: 更换打手
2021-08-02 13:09:59,176 - root - DEBUG - ACTION: 放置队伍
2021-08-02 13:10:03,327 - root - DEBUG - ACTION: 开始作战
2021-08-02 13:10:06,384 - root - DEBUG - ACTION: 计划模式
2021-08-02 13:12:26,102 - root - DEBUG - ACTION: 补给Zas
2021-08-02 13:12:29,684 - root - DEBUG - ACTION: 撤退Zas
2021-08-02 13:12:33,186 - root - DEBUG - ACTION: 重启作战
2021-08-02 13:12:40,292 - root - DEBUG - > 已运行：0:48:47.379304  8-1n轮次：15
2021-08-02 13:12:40,326 - root - DEBUG - STATE：进入地图
2021-08-02 13:12:40,327 - root - DEBUG - ACTION: 更换打手
2021-08-02 13:12:56,088 - root - DEBUG - ACTION: 放置队伍
2021-08-02 13:13:00,092 - root - DEBUG - ACTION: 开始作战
2021-08-02 13:13:03,070 - root - DEBUG - ACTION: 计划模式
2021-08-02 13:15:22,964 - root - DEBUG - ACTION: 补给Zas
2021-08-02 13:15:26,492 - root - DEBUG - ACTION: 撤退Zas
2021-08-02 13:15:30,497 - root - DEBUG - ACTION: 重启作战
2021-08-02 13:15:37,607 - root - DEBUG - > 已运行：0:51:44.694400  8-1n轮次：16
2021-08-02 13:15:44,617 - root - DEBUG - ACTION: 跳转至主菜单
2021-08-02 13:15:51,426 - root - DEBUG - STATE： 主菜单界面
2021-08-02 13:15:51,427 - root - DEBUG - ACTION: 前往作战菜单
2021-08-02 13:15:57,383 - root - DEBUG - STATE： 8-1n界面
2021-08-02 13:15:57,383 - root - DEBUG - ACTION: 启动8-1n
2021-08-02 13:16:05,165 - root - DEBUG - STATE：进入地图
2021-08-02 13:16:05,165 - root - DEBUG - ACTION: 更换打手
2021-08-02 13:16:22,138 - root - DEBUG - ACTION: 放置队伍
2021-08-02 13:16:26,141 - root - DEBUG - ACTION: 开始作战
2021-08-02 13:16:29,143 - root - DEBUG - ACTION: 计划模式
2021-08-02 13:18:50,944 - root - DEBUG - ACTION: 补给Zas
2021-08-02 13:18:53,992 - root - DEBUG - ACTION: 撤退Zas
2021-08-02 13:18:57,449 - root - DEBUG - ACTION: 重启作战
2021-08-02 13:19:05,984 - root - DEBUG - > 已运行：0:55:13.071745  8-1n轮次：17
2021-08-02 13:19:06,012 - root - DEBUG - STATE：进入地图
2021-08-02 13:19:06,013 - root - DEBUG - ACTION: 更换打手
2021-08-02 13:19:22,526 - root - DEBUG - ACTION: 放置队伍
2021-08-02 13:19:26,585 - root - DEBUG - ACTION: 开始作战
2021-08-02 13:19:36,249 - root - DEBUG - ERROR：战役启动失败
2021-08-02 13:19:36,369 - root - DEBUG - STATE： 强化提醒界面
