2021-05-03 18:33:13,463 - root - DEBUG - 开始操作
2021-05-03 18:33:13,782 - root - DEBUG - STATE： 主菜单界面
2021-05-03 18:33:13,782 - root - DEBUG - ACTION: 前往作战菜单
2021-05-03 18:33:20,187 - root - DEBUG - ERROR： 当前状态未知!
2021-05-03 18:33:25,345 - root - DEBUG - STATE： 战斗菜单
2021-05-03 18:33:25,345 - root - DEBUG - ACTION: 前往3-4e选择界面
2021-05-03 18:33:34,108 - root - DEBUG - STATE： 3-4e界面
2021-05-03 18:33:34,111 - root - DEBUG - ACTION: 启动3-4e
2021-05-03 18:33:40,663 - root - DEBUG - ERROR： 当前状态未知!
2021-05-03 18:33:45,698 - root - DEBUG - STATE：地图
2021-05-03 18:33:45,699 - root - DEBUG - STATE: 战前整备
2021-05-03 18:33:56,273 - root - DEBUG - ACTION: 放置队伍
2021-05-03 18:34:00,690 - root - DEBUG - ACTION: 开始作战
2021-05-03 18:34:04,392 - root - DEBUG - ACTION: 计划模式
2021-05-03 18:35:25,193 - root - DEBUG - ACTION: 战役结算
2021-05-03 18:35:32,997 - root - DEBUG - 已运行：0:02:19.532845  13-4轮次：1
2021-05-03 18:35:33,121 - root - DEBUG - STATE： 战斗菜单
2021-05-03 18:35:33,122 - root - DEBUG - ACTION: 前往3-4e选择界面
2021-05-03 18:35:41,485 - root - DEBUG - STATE： 3-4e界面
2021-05-03 18:35:41,485 - root - DEBUG - ACTION: 启动3-4e
2021-05-03 18:35:48,869 - root - DEBUG - ERROR： 当前状态未知!
2021-05-03 18:35:53,899 - root - DEBUG - STATE：地图
2021-05-03 18:35:53,900 - root - DEBUG - ACTION: 放置队伍
2021-05-03 18:35:58,311 - root - DEBUG - ACTION: 开始作战
2021-05-03 18:36:01,513 - root - DEBUG - ACTION: 计划模式
2021-05-03 18:37:27,765 - root - DEBUG - ACTION: 战役结算
2021-05-03 18:37:35,596 - root - DEBUG - 已运行：0:04:22.131112  13-4轮次：2
2021-05-03 18:37:35,597 - root - DEBUG - ACTION: 跳转至主菜单
2021-05-03 18:37:44,310 - root - DEBUG - STATE： 主菜单界面
2021-05-03 18:37:44,310 - root - DEBUG - ACTION: 前往作战菜单
2021-05-03 18:37:49,915 - root - DEBUG - STATE： 3-4e界面
2021-05-03 18:37:49,915 - root - DEBUG - ACTION: 启动3-4e
2021-05-03 18:37:56,749 - root - DEBUG - ERROR： 当前状态未知!
2021-05-03 18:38:01,781 - root - DEBUG - STATE：地图
2021-05-03 18:38:01,781 - root - DEBUG - ACTION: 放置队伍
2021-05-03 18:38:06,162 - root - DEBUG - ACTION: 开始作战
2021-05-03 18:38:09,368 - root - DEBUG - ACTION: 计划模式
2021-05-03 18:39:30,485 - root - DEBUG - ACTION: 战役结算
2021-05-03 18:39:38,018 - root - DEBUG - 已运行：0:06:24.553624  13-4轮次：3
2021-05-03 18:39:38,194 - root - DEBUG - STATE： 战斗菜单
2021-05-03 18:39:38,195 - root - DEBUG - ACTION: 前往3-4e选择界面
2021-05-03 18:39:46,554 - root - DEBUG - STATE： 3-4e界面
2021-05-03 18:39:46,554 - root - DEBUG - ACTION: 启动3-4e
2021-05-03 18:39:53,820 - root - DEBUG - ERROR： 当前状态未知!
2021-05-03 18:39:58,870 - root - DEBUG - STATE：地图
2021-05-03 18:39:58,870 - root - DEBUG - ACTION: 放置队伍
2021-05-03 18:40:03,332 - root - DEBUG - ACTION: 开始作战
2021-05-03 18:40:06,511 - root - DEBUG - ACTION: 计划模式
2021-05-03 18:41:31,457 - root - DEBUG - ACTION: 战役结算
2021-05-03 18:41:39,942 - root - DEBUG - 已运行：0:08:26.478067  13-4轮次：4
2021-05-03 18:41:39,942 - root - DEBUG - ACTION: 跳转至主菜单
2021-05-03 18:41:48,003 - root - DEBUG - STATE： 后勤结束界面
2021-05-03 18:41:48,003 - root - DEBUG - ACTION: 收派后勤
2021-05-03 18:41:55,260 - root - DEBUG - STATE： 主菜单界面
2021-05-03 18:41:55,260 - root - DEBUG - ACTION: 前往作战菜单
2021-05-03 18:42:01,194 - root - DEBUG - STATE： 战斗菜单
2021-05-03 18:42:01,194 - root - DEBUG - ACTION: 前往3-4e选择界面
2021-05-03 18:42:09,351 - root - DEBUG - STATE： 3-4e界面
2021-05-03 18:42:09,351 - root - DEBUG - ACTION: 启动3-4e
2021-05-03 18:42:17,716 - root - DEBUG - ERROR： 当前状态未知!
2021-05-03 18:42:22,744 - root - DEBUG - STATE：地图
2021-05-03 18:42:22,744 - root - DEBUG - ACTION: 放置队伍
2021-05-03 18:42:26,699 - root - DEBUG - ACTION: 开始作战
2021-05-03 18:42:29,910 - root - DEBUG - ACTION: 计划模式
2021-05-03 18:43:56,388 - root - DEBUG - ACTION: 战役结算
2021-05-03 18:44:04,789 - root - DEBUG - 已运行：0:10:51.324932  13-4轮次：5
2021-05-03 18:44:04,916 - root - DEBUG - STATE： 战斗菜单
2021-05-03 18:44:04,916 - root - DEBUG - ACTION: 前往3-4e选择界面
2021-05-03 18:44:13,278 - root - DEBUG - STATE： 3-4e界面
2021-05-03 18:44:13,279 - root - DEBUG - ACTION: 启动3-4e
2021-05-03 18:44:21,469 - root - DEBUG - ERROR： 当前状态未知!
2021-05-03 18:44:26,519 - root - DEBUG - STATE：地图
2021-05-03 18:44:26,520 - root - DEBUG - ACTION: 放置队伍
2021-05-03 18:44:30,976 - root - DEBUG - ACTION: 开始作战
2021-05-03 18:44:34,130 - root - DEBUG - ACTION: 计划模式
2021-05-03 18:45:55,176 - root - DEBUG - ACTION: 战役结算
2021-05-03 18:46:03,810 - root - DEBUG - 已运行：0:12:50.345191  13-4轮次：6
2021-05-03 18:46:03,811 - root - DEBUG - ACTION: 跳转至主菜单
2021-05-03 18:46:11,971 - root - DEBUG - STATE： 主菜单界面
2021-05-03 18:46:11,972 - root - DEBUG - ACTION: 前往作战菜单
2021-05-03 18:46:17,426 - root - DEBUG - STATE： 3-4e界面
2021-05-03 18:46:17,427 - root - DEBUG - ACTION: 启动3-4e
2021-05-03 18:46:25,418 - root - DEBUG - ERROR： 当前状态未知!
2021-05-03 18:46:30,445 - root - DEBUG - STATE：地图
2021-05-03 18:46:30,446 - root - DEBUG - ACTION: 放置队伍
2021-05-03 18:46:34,875 - root - DEBUG - ACTION: 开始作战
2021-05-03 18:46:38,055 - root - DEBUG - ACTION: 计划模式
2021-05-03 18:48:04,135 - root - DEBUG - ACTION: 战役结算
2021-05-03 18:48:13,067 - root - DEBUG - 已运行：0:14:59.602950  13-4轮次：7
2021-05-03 18:48:13,319 - root - DEBUG - STATE： 战斗菜单
2021-05-03 18:48:13,320 - root - DEBUG - ACTION: 前往3-4e选择界面
2021-05-03 18:48:21,252 - root - DEBUG - STATE： 3-4e界面
2021-05-03 18:48:21,252 - root - DEBUG - ACTION: 启动3-4e
2021-05-03 18:48:28,912 - root - DEBUG - ERROR： 当前状态未知!
2021-05-03 18:48:33,944 - root - DEBUG - STATE：地图
2021-05-03 18:48:33,945 - root - DEBUG - ACTION: 放置队伍
2021-05-03 18:48:38,379 - root - DEBUG - ACTION: 开始作战
2021-05-03 18:48:41,526 - root - DEBUG - ACTION: 计划模式
2021-05-03 18:50:02,327 - root - DEBUG - ACTION: 战役结算
2021-05-03 18:50:10,259 - root - DEBUG - 已运行：0:16:56.794357  13-4轮次：8
2021-05-03 18:50:10,259 - root - DEBUG - ACTION: 跳转至主菜单
2021-05-03 18:50:18,269 - root - DEBUG - STATE： 主菜单界面
2021-05-03 18:50:18,269 - root - DEBUG - ACTION: 前往作战菜单
2021-05-03 18:50:23,500 - root - DEBUG - STATE： 战斗菜单
2021-05-03 18:50:23,500 - root - DEBUG - ACTION: 前往3-4e选择界面
2021-05-03 18:50:32,010 - root - DEBUG - STATE： 3-4e界面
2021-05-03 18:50:32,011 - root - DEBUG - ACTION: 启动3-4e
2021-05-03 18:50:39,372 - root - DEBUG - ERROR： 当前状态未知!
2021-05-03 18:50:44,405 - root - DEBUG - STATE：地图
2021-05-03 18:50:44,405 - root - DEBUG - ACTION: 放置队伍
2021-05-03 18:50:48,787 - root - DEBUG - ACTION: 开始作战
2021-05-03 18:50:51,960 - root - DEBUG - ACTION: 计划模式
2021-05-03 18:52:16,793 - root - DEBUG - ACTION: 战役结算
2021-05-03 18:52:25,196 - root - DEBUG - 已运行：0:19:11.731867  13-4轮次：9
2021-05-03 18:52:25,346 - root - DEBUG - STATE： 战斗菜单
2021-05-03 18:52:25,347 - root - DEBUG - ACTION: 前往3-4e选择界面
2021-05-03 18:52:33,207 - root - DEBUG - STATE： 3-4e界面
2021-05-03 18:52:33,208 - root - DEBUG - ACTION: 启动3-4e
2021-05-03 18:52:40,616 - root - DEBUG - ERROR： 当前状态未知!
2021-05-03 18:52:45,653 - root - DEBUG - STATE：地图
2021-05-03 18:52:45,653 - root - DEBUG - ACTION: 放置队伍
2021-05-03 18:52:50,028 - root - DEBUG - ACTION: 开始作战
2021-05-03 18:52:53,207 - root - DEBUG - ACTION: 计划模式
2021-05-03 18:54:14,331 - root - DEBUG - ACTION: 战役结算
2021-05-03 18:54:21,911 - root - DEBUG - 已运行：0:21:08.446441  13-4轮次：10
2021-05-03 18:54:21,912 - root - DEBUG - ACTION: 跳转至主菜单
2021-05-03 18:54:30,554 - root - DEBUG - STATE： 主菜单界面
2021-05-03 18:54:30,557 - root - DEBUG - ACTION: 前往作战菜单
2021-05-03 18:54:36,005 - root - DEBUG - STATE： 战斗菜单
2021-05-03 18:54:36,006 - root - DEBUG - ACTION: 前往3-4e选择界面
2021-05-03 18:54:43,819 - root - DEBUG - STATE： 3-4e界面
2021-05-03 18:54:43,820 - root - DEBUG - ACTION: 启动3-4e
2021-05-03 18:54:51,048 - root - DEBUG - ERROR： 当前状态未知!
2021-05-03 18:54:56,082 - root - DEBUG - STATE：地图
2021-05-03 18:54:56,083 - root - DEBUG - ACTION: 放置队伍
2021-05-03 18:55:01,011 - root - DEBUG - ACTION: 开始作战
2021-05-03 18:55:04,196 - root - DEBUG - ACTION: 计划模式
2021-05-03 18:56:28,941 - root - DEBUG - ACTION: 战役结算
2021-05-03 18:56:37,850 - root - DEBUG - 已运行：0:23:24.385794  13-4轮次：11
2021-05-03 18:56:37,977 - root - DEBUG - STATE： 战斗菜单
2021-05-03 18:56:37,978 - root - DEBUG - ACTION: 前往3-4e选择界面
2021-05-03 18:56:45,263 - root - DEBUG - STATE： 3-4e界面
2021-05-03 18:56:45,263 - root - DEBUG - ACTION: 启动3-4e
2021-05-03 18:56:53,420 - root - DEBUG - ERROR： 当前状态未知!
2021-05-03 18:56:58,453 - root - DEBUG - STATE：地图
2021-05-03 18:56:58,453 - root - DEBUG - ACTION: 放置队伍
2021-05-03 18:57:02,911 - root - DEBUG - ACTION: 开始作战
2021-05-03 18:57:06,092 - root - DEBUG - ACTION: 计划模式
2021-05-03 18:58:33,167 - root - DEBUG - ACTION: 战役结算
2021-05-03 18:58:41,077 - root - DEBUG - 已运行：0:25:27.613013  13-4轮次：12
2021-05-03 18:58:41,077 - root - DEBUG - ACTION: 跳转至主菜单
2021-05-03 18:58:49,686 - root - DEBUG - STATE： 主菜单界面
2021-05-03 18:58:49,686 - root - DEBUG - ACTION: 前往作战菜单
2021-05-03 18:58:55,041 - root - DEBUG - STATE： 战斗菜单
2021-05-03 18:58:55,042 - root - DEBUG - ACTION: 前往3-4e选择界面
2021-05-03 18:59:03,354 - root - DEBUG - STATE： 3-4e界面
2021-05-03 18:59:03,355 - root - DEBUG - ACTION: 启动3-4e
2021-05-03 18:59:10,835 - root - DEBUG - ERROR： 当前状态未知!
2021-05-03 18:59:15,871 - root - DEBUG - STATE：地图
2021-05-03 18:59:15,872 - root - DEBUG - ACTION: 放置队伍
2021-05-03 18:59:19,854 - root - DEBUG - ACTION: 开始作战
2021-05-03 18:59:23,008 - root - DEBUG - ACTION: 计划模式
2021-05-03 19:00:44,927 - root - DEBUG - ACTION: 战役结算
2021-05-03 19:00:52,485 - root - DEBUG - 已运行：0:27:39.020938  13-4轮次：13
2021-05-03 19:00:52,635 - root - DEBUG - STATE： 战斗菜单
2021-05-03 19:00:52,635 - root - DEBUG - ACTION: 前往3-4e选择界面
2021-05-03 19:01:01,449 - root - DEBUG - STATE： 3-4e界面
2021-05-03 19:01:01,450 - root - DEBUG - ACTION: 启动3-4e
2021-05-03 19:01:09,008 - root - DEBUG - ERROR： 当前状态未知!
2021-05-03 19:01:14,037 - root - DEBUG - STATE：地图
2021-05-03 19:01:14,037 - root - DEBUG - ACTION: 放置队伍
2021-05-03 19:01:17,973 - root - DEBUG - ACTION: 开始作战
2021-05-03 19:01:21,200 - root - DEBUG - ACTION: 计划模式
2021-05-03 19:02:41,173 - root - DEBUG - ACTION: 战役结算
2021-05-03 19:02:49,950 - root - DEBUG - 已运行：0:29:36.486002  13-4轮次：14
2021-05-03 19:02:49,951 - root - DEBUG - ACTION: 跳转至主菜单
2021-05-03 19:02:58,410 - root - DEBUG - STATE： 主菜单界面
2021-05-03 19:02:58,411 - root - DEBUG - ACTION: 前往作战菜单
2021-05-03 19:03:03,696 - root - DEBUG - STATE： 3-4e界面
2021-05-03 19:03:03,697 - root - DEBUG - ACTION: 启动3-4e
2021-05-03 19:03:11,129 - root - DEBUG - ERROR： 当前状态未知!
2021-05-03 19:03:16,159 - root - DEBUG - STATE：地图
2021-05-03 19:03:16,160 - root - DEBUG - ACTION: 放置队伍
2021-05-03 19:03:20,615 - root - DEBUG - ACTION: 开始作战
2021-05-03 19:03:23,798 - root - DEBUG - ACTION: 计划模式
2021-05-03 19:04:44,971 - root - DEBUG - ACTION: 战役结算
2021-05-03 19:04:53,249 - root - DEBUG - 已运行：0:31:39.784731  13-4轮次：15
2021-05-03 19:04:53,373 - root - DEBUG - STATE： 战斗菜单
2021-05-03 19:04:53,374 - root - DEBUG - ACTION: 前往3-4e选择界面
2021-05-03 19:05:01,709 - root - DEBUG - STATE： 3-4e界面
2021-05-03 19:05:01,710 - root - DEBUG - ACTION: 启动3-4e
2021-05-03 19:05:10,148 - root - DEBUG - ERROR： 当前状态未知!
2021-05-03 19:05:15,178 - root - DEBUG - STATE：地图
2021-05-03 19:05:15,178 - root - DEBUG - ACTION: 放置队伍
2021-05-03 19:05:19,561 - root - DEBUG - ACTION: 开始作战
2021-05-03 19:05:22,790 - root - DEBUG - ACTION: 计划模式
2021-05-03 19:06:48,218 - root - DEBUG - ACTION: 战役结算
2021-05-03 19:06:56,398 - root - DEBUG - 已运行：0:33:42.933979  13-4轮次：16
2021-05-03 19:06:56,398 - root - DEBUG - ACTION: 跳转至主菜单
2021-05-03 19:07:04,559 - root - DEBUG - STATE： 主菜单界面
2021-05-03 19:07:04,560 - root - DEBUG - ACTION: 前往作战菜单
2021-05-03 19:07:10,441 - root - DEBUG - STATE： 战斗菜单
2021-05-03 19:07:10,441 - root - DEBUG - ACTION: 前往3-4e选择界面
2021-05-03 19:07:18,651 - root - DEBUG - STATE： 3-4e界面
2021-05-03 19:07:18,651 - root - DEBUG - ACTION: 启动3-4e
2021-05-03 19:07:26,842 - root - DEBUG - ERROR： 当前状态未知!
2021-05-03 19:07:31,898 - root - DEBUG - STATE：地图
2021-05-03 19:07:31,898 - root - DEBUG - ACTION: 放置队伍
2021-05-03 19:07:36,324 - root - DEBUG - ACTION: 开始作战
2021-05-03 19:07:39,480 - root - DEBUG - ACTION: 计划模式
2021-05-03 19:09:05,211 - root - DEBUG - ACTION: 战役结算
2021-05-03 19:09:13,289 - root - DEBUG - 已运行：0:35:59.824351  13-4轮次：17
2021-05-03 19:09:13,438 - root - DEBUG - STATE： 战斗菜单
2021-05-03 19:09:13,439 - root - DEBUG - ACTION: 前往3-4e选择界面
2021-05-03 19:09:21,502 - root - DEBUG - STATE： 3-4e界面
2021-05-03 19:09:21,502 - root - DEBUG - ACTION: 启动3-4e
2021-05-03 19:09:29,885 - root - DEBUG - ERROR： 当前状态未知!
2021-05-03 19:09:34,918 - root - DEBUG - STATE：地图
2021-05-03 19:09:34,918 - root - DEBUG - ACTION: 放置队伍
2021-05-03 19:09:39,301 - root - DEBUG - ACTION: 开始作战
2021-05-03 19:09:42,480 - root - DEBUG - ACTION: 计划模式
2021-05-03 19:11:03,848 - root - DEBUG - ACTION: 战役结算
2021-05-03 19:11:11,508 - root - DEBUG - 已运行：0:37:58.043241  13-4轮次：18
2021-05-03 19:11:11,509 - root - DEBUG - ACTION: 跳转至主菜单
2021-05-03 19:11:19,493 - root - DEBUG - STATE： 主菜单界面
2021-05-03 19:11:19,494 - root - DEBUG - ACTION: 前往作战菜单
2021-05-03 19:11:24,724 - root - DEBUG - STATE： 战斗菜单
2021-05-03 19:11:24,724 - root - DEBUG - ACTION: 前往3-4e选择界面
2021-05-03 19:11:32,530 - root - DEBUG - STATE： 3-4e界面
2021-05-03 19:11:32,531 - root - DEBUG - ACTION: 启动3-4e
2021-05-03 19:11:39,675 - root - DEBUG - ERROR： 当前状态未知!
2021-05-03 19:11:44,726 - root - DEBUG - STATE：地图
2021-05-03 19:11:44,727 - root - DEBUG - ACTION: 放置队伍
2021-05-03 19:11:49,181 - root - DEBUG - ACTION: 开始作战
2021-05-03 19:11:52,362 - root - DEBUG - ACTION: 计划模式
2021-05-03 19:13:12,629 - root - DEBUG - ACTION: 战役结算
2021-05-03 19:13:20,987 - root - DEBUG - 已运行：0:40:07.522940  13-4轮次：19
2021-05-03 19:13:21,166 - root - DEBUG - STATE： 战斗菜单
2021-05-03 19:13:21,166 - root - DEBUG - ACTION: 前往3-4e选择界面
2021-05-03 19:13:28,573 - root - DEBUG - STATE： 3-4e界面
2021-05-03 19:13:28,573 - root - DEBUG - ACTION: 启动3-4e
2021-05-03 19:13:36,159 - root - DEBUG - ERROR： 当前状态未知!
2021-05-03 19:13:41,196 - root - DEBUG - STATE：地图
2021-05-03 19:13:41,196 - root - DEBUG - ACTION: 放置队伍
2021-05-03 19:13:45,397 - root - DEBUG - ACTION: 开始作战
2021-05-03 19:13:48,575 - root - DEBUG - ACTION: 计划模式
2021-05-03 19:15:14,780 - root - DEBUG - ACTION: 战役结算
2021-05-03 19:15:22,736 - root - DEBUG - 已运行：0:42:09.271401  13-4轮次：20
2021-05-03 19:15:22,736 - root - DEBUG - ACTION: 跳转至主菜单
2021-05-03 19:15:30,872 - root - DEBUG - STATE： 主菜单界面
2021-05-03 19:15:30,872 - root - DEBUG - ACTION: 前往作战菜单
2021-05-03 19:15:36,206 - root - DEBUG - STATE： 战斗菜单
2021-05-03 19:15:36,207 - root - DEBUG - ACTION: 前往3-4e选择界面
2021-05-03 19:15:44,014 - root - DEBUG - STATE： 3-4e界面
2021-05-03 19:15:44,015 - root - DEBUG - ACTION: 启动3-4e
2021-05-03 19:15:52,301 - root - DEBUG - ERROR： 当前状态未知!
2021-05-03 19:15:57,330 - root - DEBUG - STATE：地图
2021-05-03 19:15:57,331 - root - DEBUG - ACTION: 放置队伍
2021-05-03 19:16:01,763 - root - DEBUG - ACTION: 开始作战
2021-05-03 19:16:04,919 - root - DEBUG - ACTION: 计划模式
2021-05-03 19:17:27,038 - root - DEBUG - ACTION: 战役结算
2021-05-03 19:17:35,271 - root - DEBUG - 已运行：0:44:21.806287  13-4轮次：21
2021-05-03 19:17:35,421 - root - DEBUG - STATE： 战斗菜单
2021-05-03 19:17:35,422 - root - DEBUG - ACTION: 前往3-4e选择界面
2021-05-03 19:17:43,582 - root - DEBUG - STATE： 3-4e界面
2021-05-03 19:17:43,583 - root - DEBUG - ACTION: 启动3-4e
2021-05-03 19:17:51,293 - root - DEBUG - ERROR： 当前状态未知!
2021-05-03 19:17:56,327 - root - DEBUG - STATE：地图
2021-05-03 19:17:56,328 - root - DEBUG - ACTION: 放置队伍
2021-05-03 19:18:00,779 - root - DEBUG - ACTION: 开始作战
2021-05-03 19:18:03,957 - root - DEBUG - ACTION: 计划模式
2021-05-03 19:19:32,242 - root - DEBUG - ACTION: 战役结算
2021-05-03 19:19:40,422 - root - DEBUG - 已运行：0:46:26.957459  13-4轮次：22
2021-05-03 19:19:40,422 - root - DEBUG - ACTION: 跳转至主菜单
2021-05-03 19:19:48,386 - root - DEBUG - STATE： 后勤结束界面
2021-05-03 19:19:48,387 - root - DEBUG - ACTION: 收派后勤
2021-05-03 19:19:55,773 - root - DEBUG - STATE： 主菜单界面
2021-05-03 19:19:55,774 - root - DEBUG - ACTION: 前往作战菜单
2021-05-03 19:20:01,547 - root - DEBUG - STATE： 3-4e界面
2021-05-03 19:20:01,547 - root - DEBUG - ACTION: 启动3-4e
2021-05-03 19:20:09,183 - root - DEBUG - ERROR： 当前状态未知!
2021-05-03 19:20:14,217 - root - DEBUG - STATE：地图
2021-05-03 19:20:14,218 - root - DEBUG - ACTION: 放置队伍
2021-05-03 19:20:18,644 - root - DEBUG - ACTION: 开始作战
2021-05-03 19:20:21,848 - root - DEBUG - ACTION: 计划模式
2021-05-03 19:21:41,921 - root - DEBUG - ACTION: 战役结算
2021-05-03 19:21:49,704 - root - DEBUG - 已运行：0:48:36.239922  13-4轮次：23
2021-05-03 19:21:49,854 - root - DEBUG - STATE： 战斗菜单
2021-05-03 19:21:49,854 - root - DEBUG - ACTION: 前往3-4e选择界面
2021-05-03 19:21:58,287 - root - DEBUG - STATE： 3-4e界面
2021-05-03 19:21:58,288 - root - DEBUG - ACTION: 启动3-4e
2021-05-03 19:22:05,758 - root - DEBUG - ERROR： 当前状态未知!
2021-05-03 19:22:10,808 - root - DEBUG - STATE：地图
2021-05-03 19:22:10,808 - root - DEBUG - ACTION: 放置队伍
2021-05-03 19:22:15,213 - root - DEBUG - ACTION: 开始作战
2021-05-03 19:22:18,391 - root - DEBUG - ACTION: 计划模式
2021-05-03 19:23:37,586 - root - DEBUG - ACTION: 战役结算
2021-05-03 19:23:45,117 - root - DEBUG - 已运行：0:50:31.652312  13-4轮次：24
2021-05-03 19:23:45,118 - root - DEBUG - ACTION: 跳转至主菜单
2021-05-03 19:23:53,154 - root - DEBUG - STATE： 主菜单界面
2021-05-03 19:23:53,155 - root - DEBUG - ACTION: 前往作战菜单
2021-05-03 19:23:59,061 - root - DEBUG - STATE： 战斗菜单
2021-05-03 19:23:59,061 - root - DEBUG - ACTION: 前往3-4e选择界面
2021-05-03 19:24:06,446 - root - DEBUG - STATE： 3-4e界面
2021-05-03 19:24:06,447 - root - DEBUG - ACTION: 启动3-4e
2021-05-03 19:24:14,356 - root - DEBUG - ERROR： 当前状态未知!
2021-05-03 19:24:19,388 - root - DEBUG - STATE：地图
2021-05-03 19:24:19,389 - root - DEBUG - ACTION: 放置队伍
2021-05-03 19:24:23,793 - root - DEBUG - ACTION: 开始作战
2021-05-03 19:24:26,973 - root - DEBUG - ACTION: 计划模式
2021-05-03 19:27:57,524 - root - DEBUG - ERROR：战斗超时！
2021-05-03 19:28:02,801 - root - DEBUG - STATE：模拟器桌面
2021-05-03 19:28:02,802 - root - DEBUG - ACTION: 启动游戏
