2021-08-13 06:05:42,769 - root - DEBUG - 开始操作
2021-08-13 06:05:42,805 - root - DEBUG - STATE：进入地图
2021-08-13 06:05:42,805 - root - DEBUG - STATE: 战前整备
2021-08-13 06:05:50,857 - root - DEBUG - STATE：进入地图
2021-08-13 06:05:50,857 - root - DEBUG - ACTION: 放置队伍
2021-08-13 06:05:59,619 - root - DEBUG - ACTION: 开始作战
2021-08-13 06:06:08,288 - root - DEBUG - ACTION: 计划模式
2021-08-13 06:07:18,827 - root - DEBUG - ACTION: 重启作战
2021-08-13 06:07:27,921 - root - DEBUG - 已运行：0:01:45.151629  13-4e轮次：1
2021-08-13 06:07:27,952 - root - DEBUG - STATE：进入地图
2021-08-13 06:07:27,952 - root - DEBUG - ACTION: 放置队伍
2021-08-13 06:07:33,657 - root - DEBUG - ACTION: 开始作战
2021-08-13 06:07:42,144 - root - DEBUG - ACTION: 计划模式
2021-08-13 06:08:57,127 - root - DEBUG - ACTION: 重启作战
2021-08-13 06:09:06,067 - root - DEBUG - 已运行：0:03:23.297431  13-4e轮次：2
2021-08-13 06:09:06,095 - root - DEBUG - STATE：进入地图
2021-08-13 06:09:06,096 - root - DEBUG - ACTION: 放置队伍
2021-08-13 06:09:12,452 - root - DEBUG - ACTION: 开始作战
2021-08-13 06:09:20,471 - root - DEBUG - ACTION: 计划模式
2021-08-13 06:10:35,542 - root - DEBUG - ACTION: 重启作战
2021-08-13 06:10:44,135 - root - DEBUG - 已运行：0:05:01.365513  13-4e轮次：3
2021-08-13 06:10:44,160 - root - DEBUG - STATE：进入地图
2021-08-13 06:10:44,161 - root - DEBUG - ACTION: 放置队伍
2021-08-13 06:10:51,045 - root - DEBUG - ACTION: 开始作战
2021-08-13 06:10:59,414 - root - DEBUG - ACTION: 计划模式
2021-08-13 06:12:15,013 - root - DEBUG - ACTION: 重启作战
2021-08-13 06:12:23,754 - root - DEBUG - 已运行：0:06:40.984175  13-4e轮次：4
2021-08-13 06:12:23,783 - root - DEBUG - STATE：进入地图
2021-08-13 06:12:23,784 - root - DEBUG - ACTION: 放置队伍
2021-08-13 06:12:30,062 - root - DEBUG - ACTION: 开始作战
2021-08-13 06:12:38,619 - root - DEBUG - ACTION: 计划模式
2021-08-13 06:14:00,154 - root - DEBUG - ACTION: 重启作战
2021-08-13 06:14:09,183 - root - DEBUG - 已运行：0:08:26.413079  13-4e轮次：5
2021-08-13 06:14:16,193 - root - DEBUG - ACTION: 跳转至主菜单
2021-08-13 06:14:23,452 - root - DEBUG - STATE： 主菜单界面
2021-08-13 06:14:23,453 - root - DEBUG - ACTION: 前往作战菜单
2021-08-13 06:14:29,384 - root - DEBUG - STATE： 13-4e界面
2021-08-13 06:14:29,384 - root - DEBUG - ACTION: 启动13-4e
2021-08-13 06:14:38,824 - root - DEBUG - STATE：进入地图
2021-08-13 06:14:38,824 - root - DEBUG - ACTION: 放置队伍
2021-08-13 06:14:45,099 - root - DEBUG - ACTION: 开始作战
2021-08-13 06:14:54,226 - root - DEBUG - ACTION: 计划模式
2021-08-13 06:16:08,485 - root - DEBUG - ACTION: 重启作战
2021-08-13 06:16:17,360 - root - DEBUG - 已运行：0:10:34.590447  13-4e轮次：6
2021-08-13 06:16:17,391 - root - DEBUG - STATE：进入地图
2021-08-13 06:16:17,391 - root - DEBUG - ACTION: 放置队伍
2021-08-13 06:16:23,246 - root - DEBUG - ACTION: 开始作战
2021-08-13 06:16:32,642 - root - DEBUG - ACTION: 计划模式
2021-08-13 06:17:47,275 - root - DEBUG - ACTION: 重启作战
2021-08-13 06:17:55,908 - root - DEBUG - 已运行：0:12:13.138395  13-4e轮次：7
2021-08-13 06:17:55,933 - root - DEBUG - STATE：进入地图
2021-08-13 06:17:55,934 - root - DEBUG - ACTION: 放置队伍
2021-08-13 06:18:01,914 - root - DEBUG - ACTION: 开始作战
2021-08-13 06:18:10,578 - root - DEBUG - ACTION: 计划模式
2021-08-13 06:19:28,549 - root - DEBUG - ACTION: 重启作战
2021-08-13 06:19:37,703 - root - DEBUG - 已运行：0:13:54.933828  13-4e轮次：8
2021-08-13 06:19:37,730 - root - DEBUG - STATE：进入地图
2021-08-13 06:19:37,731 - root - DEBUG - ACTION: 放置队伍
2021-08-13 06:19:43,564 - root - DEBUG - ACTION: 开始作战
2021-08-13 06:19:52,913 - root - DEBUG - ACTION: 计划模式
2021-08-13 06:21:08,927 - root - DEBUG - ACTION: 重启作战
2021-08-13 06:21:17,747 - root - DEBUG - 已运行：0:15:34.977658  13-4e轮次：9
2021-08-13 06:21:17,778 - root - DEBUG - STATE：进入地图
2021-08-13 06:21:17,778 - root - DEBUG - ACTION: 放置队伍
2021-08-13 06:21:23,609 - root - DEBUG - ACTION: 开始作战
2021-08-13 06:21:31,916 - root - DEBUG - ACTION: 计划模式
2021-08-13 06:22:55,497 - root - DEBUG - ACTION: 重启作战
2021-08-13 06:23:03,952 - root - DEBUG - 已运行：0:17:21.182425  13-4e轮次：10
2021-08-13 06:23:10,962 - root - DEBUG - ACTION: 跳转至主菜单
2021-08-13 06:23:18,048 - root - DEBUG - ERROR： 当前状态未知!
2021-08-13 06:23:23,253 - root - DEBUG - STATE： 后勤结束界面
2021-08-13 06:23:23,253 - root - DEBUG - ACTION: 收派后勤
2021-08-13 06:23:31,162 - root - DEBUG - STATE： 后勤结束界面
2021-08-13 06:23:31,163 - root - DEBUG - ACTION: 收派后勤
2021-08-13 06:23:38,492 - root - DEBUG - STATE： 主菜单界面
2021-08-13 06:23:38,493 - root - DEBUG - ACTION: 前往作战菜单
2021-08-13 06:23:44,425 - root - DEBUG - STATE： 13-4e界面
2021-08-13 06:23:44,425 - root - DEBUG - ACTION: 启动13-4e
2021-08-13 06:23:54,340 - root - DEBUG - STATE：进入地图
2021-08-13 06:23:54,340 - root - DEBUG - ACTION: 放置队伍
2021-08-13 06:24:00,171 - root - DEBUG - ACTION: 开始作战
2021-08-13 06:24:09,020 - root - DEBUG - ACTION: 计划模式
2021-08-13 06:25:32,217 - root - DEBUG - ACTION: 重启作战
2021-08-13 06:25:41,168 - root - DEBUG - 已运行：0:19:58.398091  13-4e轮次：11
2021-08-13 06:25:41,193 - root - DEBUG - STATE：进入地图
2021-08-13 06:25:41,193 - root - DEBUG - ACTION: 放置队伍
2021-08-13 06:25:46,698 - root - DEBUG - ACTION: 开始作战
2021-08-13 06:25:55,214 - root - DEBUG - ACTION: 计划模式
2021-08-13 06:27:10,067 - root - DEBUG - ACTION: 重启作战
2021-08-13 06:27:18,910 - root - DEBUG - 已运行：0:21:36.140341  13-4e轮次：12
2021-08-13 06:27:18,937 - root - DEBUG - STATE：进入地图
2021-08-13 06:27:18,938 - root - DEBUG - ACTION: 放置队伍
2021-08-13 06:27:24,318 - root - DEBUG - ACTION: 开始作战
2021-08-13 06:27:32,435 - root - DEBUG - ACTION: 计划模式
2021-08-13 06:28:49,776 - root - DEBUG - ACTION: 重启作战
2021-08-13 06:28:58,729 - root - DEBUG - 已运行：0:23:15.959282  13-4e轮次：13
2021-08-13 06:28:58,755 - root - DEBUG - STATE：进入地图
2021-08-13 06:28:58,756 - root - DEBUG - ACTION: 放置队伍
2021-08-13 06:29:05,061 - root - DEBUG - ACTION: 开始作战
2021-08-13 06:29:13,395 - root - DEBUG - ACTION: 计划模式
2021-08-13 06:30:23,784 - root - DEBUG - ACTION: 重启作战
2021-08-13 06:30:32,720 - root - DEBUG - 已运行：0:24:49.950787  13-4e轮次：14
2021-08-13 06:30:32,746 - root - DEBUG - STATE：进入地图
2021-08-13 06:30:32,746 - root - DEBUG - ACTION: 放置队伍
2021-08-13 06:30:38,652 - root - DEBUG - ACTION: 开始作战
2021-08-13 06:30:48,800 - root - DEBUG - ACTION: 计划模式
2021-08-13 06:31:58,345 - root - DEBUG - ACTION: 重启作战
2021-08-13 06:32:07,130 - root - DEBUG - 已运行：0:26:24.360212  13-4e轮次：15
2021-08-13 06:32:14,142 - root - DEBUG - ACTION: 跳转至主菜单
2021-08-13 06:32:21,453 - root - DEBUG - ERROR： 当前状态未知!
2021-08-13 06:32:26,730 - root - DEBUG - STATE： 后勤结束界面
2021-08-13 06:32:26,731 - root - DEBUG - ACTION: 收派后勤
2021-08-13 06:32:33,763 - root - DEBUG - STATE： 主菜单界面
2021-08-13 06:32:33,764 - root - DEBUG - ACTION: 前往作战菜单
2021-08-13 06:32:39,197 - root - DEBUG - STATE： 13-4e界面
2021-08-13 06:32:39,197 - root - DEBUG - ACTION: 启动13-4e
2021-08-13 06:32:48,133 - root - DEBUG - STATE：进入地图
2021-08-13 06:32:48,133 - root - DEBUG - ACTION: 放置队伍
2021-08-13 06:32:54,889 - root - DEBUG - ACTION: 开始作战
2021-08-13 06:33:04,043 - root - DEBUG - ACTION: 计划模式
2021-08-13 06:34:20,176 - root - DEBUG - ACTION: 重启作战
2021-08-13 06:34:29,126 - root - DEBUG - 已运行：0:28:46.356350  13-4e轮次：16
2021-08-13 06:34:29,154 - root - DEBUG - STATE：进入地图
2021-08-13 06:34:29,154 - root - DEBUG - ACTION: 放置队伍
2021-08-13 06:34:35,437 - root - DEBUG - ACTION: 开始作战
2021-08-13 06:34:44,396 - root - DEBUG - ACTION: 计划模式
2021-08-13 06:35:59,203 - root - DEBUG - ACTION: 重启作战
2021-08-13 06:36:07,773 - root - DEBUG - 已运行：0:30:25.003374  13-4e轮次：17
2021-08-13 06:36:07,799 - root - DEBUG - STATE：进入地图
2021-08-13 06:36:07,799 - root - DEBUG - ACTION: 放置队伍
2021-08-13 06:36:13,806 - root - DEBUG - ACTION: 开始作战
2021-08-13 06:36:21,261 - root - DEBUG - ACTION: 计划模式
2021-08-13 06:37:35,896 - root - DEBUG - ACTION: 重启作战
2021-08-13 06:37:44,788 - root - DEBUG - 已运行：0:32:02.018809  13-4e轮次：18
2021-08-13 06:37:44,814 - root - DEBUG - STATE：进入地图
2021-08-13 06:37:44,815 - root - DEBUG - ACTION: 放置队伍
2021-08-13 06:37:50,648 - root - DEBUG - ACTION: 开始作战
2021-08-13 06:38:00,703 - root - DEBUG - ACTION: 计划模式
2021-08-13 06:39:16,690 - root - DEBUG - ACTION: 重启作战
2021-08-13 06:39:25,659 - root - DEBUG - 已运行：0:33:42.888907  13-4e轮次：19
2021-08-13 06:39:25,688 - root - DEBUG - STATE：进入地图
2021-08-13 06:39:25,688 - root - DEBUG - ACTION: 放置队伍
2021-08-13 06:39:31,544 - root - DEBUG - ACTION: 开始作战
2021-08-13 06:39:40,578 - root - DEBUG - ACTION: 计划模式
2021-08-13 06:40:55,099 - root - DEBUG - ACTION: 重启作战
2021-08-13 06:41:04,080 - root - DEBUG - 已运行：0:35:21.310072  13-4e轮次：20
2021-08-13 06:41:11,090 - root - DEBUG - ACTION: 跳转至主菜单
2021-08-13 06:41:18,172 - root - DEBUG - STATE： 主菜单界面
2021-08-13 06:41:18,173 - root - DEBUG - ACTION: 前往作战菜单
2021-08-13 06:41:24,029 - root - DEBUG - STATE： 13-4e界面
2021-08-13 06:41:24,029 - root - DEBUG - ACTION: 启动13-4e
2021-08-13 06:41:33,267 - root - DEBUG - STATE：进入地图
2021-08-13 06:41:33,267 - root - DEBUG - ACTION: 放置队伍
2021-08-13 06:41:38,599 - root - DEBUG - ACTION: 开始作战
2021-08-13 06:41:47,656 - root - DEBUG - ACTION: 计划模式
2021-08-13 06:43:03,369 - root - DEBUG - ACTION: 重启作战
2021-08-13 06:43:12,057 - root - DEBUG - 已运行：0:37:29.287406  13-4e轮次：21
2021-08-13 06:43:12,088 - root - DEBUG - STATE：进入地图
2021-08-13 06:43:12,089 - root - DEBUG - ACTION: 放置队伍
2021-08-13 06:43:17,964 - root - DEBUG - ACTION: 开始作战
2021-08-13 06:43:26,048 - root - DEBUG - ACTION: 计划模式
2021-08-13 06:44:47,878 - root - DEBUG - ACTION: 重启作战
2021-08-13 06:44:56,657 - root - DEBUG - 已运行：0:39:13.887748  13-4e轮次：22
2021-08-13 06:44:56,687 - root - DEBUG - STATE：进入地图
2021-08-13 06:44:56,688 - root - DEBUG - ACTION: 放置队伍
2021-08-13 06:45:02,969 - root - DEBUG - ACTION: 开始作战
2021-08-13 06:45:11,758 - root - DEBUG - ACTION: 计划模式
2021-08-13 06:46:23,198 - root - DEBUG - ACTION: 重启作战
2021-08-13 06:46:31,748 - root - DEBUG - 已运行：0:40:48.977973  13-4e轮次：23
2021-08-13 06:46:31,778 - root - DEBUG - STATE：进入地图
2021-08-13 06:46:31,779 - root - DEBUG - ACTION: 放置队伍
2021-08-13 06:46:37,631 - root - DEBUG - ACTION: 开始作战
2021-08-13 06:46:46,547 - root - DEBUG - ACTION: 计划模式
2021-08-13 06:47:56,215 - root - DEBUG - ACTION: 重启作战
2021-08-13 06:48:04,836 - root - DEBUG - 已运行：0:42:22.066402  13-4e轮次：24
2021-08-13 06:48:04,863 - root - DEBUG - STATE：进入地图
2021-08-13 06:48:04,863 - root - DEBUG - ACTION: 放置队伍
2021-08-13 06:48:11,223 - root - DEBUG - ACTION: 开始作战
2021-08-13 06:48:20,161 - root - DEBUG - ACTION: 计划模式
2021-08-13 06:49:36,730 - root - DEBUG - ACTION: 重启作战
2021-08-13 06:49:45,932 - root - DEBUG - 已运行：0:44:03.162141  13-4e轮次：25
2021-08-13 06:49:52,944 - root - DEBUG - ACTION: 跳转至主菜单
2021-08-13 06:50:00,425 - root - DEBUG - ERROR： 当前状态未知!
2021-08-13 06:50:05,691 - root - DEBUG - STATE： 后勤结束界面
2021-08-13 06:50:05,691 - root - DEBUG - ACTION: 收派后勤
2021-08-13 06:50:12,564 - root - DEBUG - STATE： 主菜单界面
2021-08-13 06:50:12,565 - root - DEBUG - ACTION: 前往作战菜单
2021-08-13 06:50:17,846 - root - DEBUG - STATE： 13-4e界面
2021-08-13 06:50:17,847 - root - DEBUG - ACTION: 启动13-4e
2021-08-13 06:50:27,158 - root - DEBUG - STATE：进入地图
2021-08-13 06:50:27,159 - root - DEBUG - ACTION: 放置队伍
2021-08-13 06:50:33,089 - root - DEBUG - ACTION: 开始作战
2021-08-13 06:50:40,343 - root - DEBUG - ACTION: 计划模式
2021-08-13 06:51:56,058 - root - DEBUG - ACTION: 重启作战
2021-08-13 06:52:04,951 - root - DEBUG - 已运行：0:46:22.181162  13-4e轮次：26
2021-08-13 06:52:04,980 - root - DEBUG - STATE：进入地图
2021-08-13 06:52:04,980 - root - DEBUG - ACTION: 放置队伍
2021-08-13 06:52:10,910 - root - DEBUG - ACTION: 开始作战
2021-08-13 06:52:19,766 - root - DEBUG - ACTION: 计划模式
2021-08-13 06:53:46,311 - root - DEBUG - ACTION: 重启作战
2021-08-13 06:53:54,856 - root - DEBUG - 已运行：0:48:12.086583  13-4e轮次：27
2021-08-13 06:53:54,886 - root - DEBUG - STATE：进入地图
2021-08-13 06:53:54,887 - root - DEBUG - ACTION: 放置队伍
2021-08-13 06:54:00,718 - root - DEBUG - ACTION: 开始作战
2021-08-13 06:54:09,512 - root - DEBUG - ACTION: 计划模式
2021-08-13 06:55:18,884 - root - DEBUG - ACTION: 重启作战
2021-08-13 06:55:27,970 - root - DEBUG - 已运行：0:49:45.199894  13-4e轮次：28
2021-08-13 06:55:27,997 - root - DEBUG - STATE：进入地图
2021-08-13 06:55:27,998 - root - DEBUG - ACTION: 放置队伍
2021-08-13 06:55:34,304 - root - DEBUG - ACTION: 开始作战
2021-08-13 06:55:43,480 - root - DEBUG - ACTION: 计划模式
2021-08-13 06:56:57,339 - root - DEBUG - ACTION: 重启作战
2021-08-13 06:57:06,387 - root - DEBUG - 已运行：0:51:23.617544  13-4e轮次：29
2021-08-13 06:57:06,415 - root - DEBUG - STATE：进入地图
2021-08-13 06:57:06,415 - root - DEBUG - ACTION: 放置队伍
2021-08-13 06:57:12,698 - root - DEBUG - ACTION: 开始作战
2021-08-13 06:57:21,446 - root - DEBUG - ACTION: 计划模式
2021-08-13 06:58:36,303 - root - DEBUG - ACTION: 重启作战
2021-08-13 06:58:44,882 - root - DEBUG - 已运行：0:53:02.112853  13-4e轮次：30
2021-08-13 06:58:51,893 - root - DEBUG - ACTION: 跳转至主菜单
2021-08-13 06:58:58,824 - root - DEBUG - STATE： 主菜单界面
2021-08-13 06:58:58,824 - root - DEBUG - ACTION: 前往作战菜单
2021-08-13 06:59:04,055 - root - DEBUG - STATE： 13-4e界面
2021-08-13 06:59:04,056 - root - DEBUG - ACTION: 启动13-4e
2021-08-13 06:59:13,593 - root - DEBUG - STATE：进入地图
2021-08-13 06:59:13,594 - root - DEBUG - ACTION: 放置队伍
2021-08-13 06:59:19,801 - root - DEBUG - ACTION: 开始作战
2021-08-13 06:59:28,787 - root - DEBUG - ACTION: 计划模式
2021-08-13 07:00:39,699 - root - DEBUG - ACTION: 重启作战
2021-08-13 07:00:48,256 - root - DEBUG - 已运行：0:55:05.486044  13-4e轮次：31
2021-08-13 07:00:48,290 - root - DEBUG - STATE：进入地图
2021-08-13 07:00:48,290 - root - DEBUG - ACTION: 放置队伍
2021-08-13 07:00:53,740 - root - DEBUG - ACTION: 开始作战
2021-08-13 07:01:01,961 - root - DEBUG - ACTION: 计划模式
2021-08-13 07:02:12,179 - root - DEBUG - ACTION: 重启作战
2021-08-13 07:02:20,792 - root - DEBUG - 已运行：0:56:38.022220  13-4e轮次：32
2021-08-13 07:02:20,823 - root - DEBUG - STATE：进入地图
2021-08-13 07:02:20,823 - root - DEBUG - ACTION: 放置队伍
2021-08-13 07:02:26,178 - root - DEBUG - ACTION: 开始作战
2021-08-13 07:02:35,994 - root - DEBUG - ACTION: 计划模式
2021-08-13 07:03:52,621 - root - DEBUG - ACTION: 重启作战
2021-08-13 07:04:01,088 - root - DEBUG - 已运行：0:58:18.318676  13-4e轮次：33
2021-08-13 07:04:01,118 - root - DEBUG - STATE：进入地图
2021-08-13 07:04:01,118 - root - DEBUG - ACTION: 放置队伍
2021-08-13 07:04:06,974 - root - DEBUG - ACTION: 开始作战
2021-08-13 07:04:17,715 - root - DEBUG - ACTION: 计划模式
2021-08-13 07:05:33,316 - root - DEBUG - ACTION: 重启作战
2021-08-13 07:05:42,086 - root - DEBUG - 已运行：0:59:59.316694  13-4e轮次：34
2021-08-13 07:05:42,117 - root - DEBUG - STATE：进入地图
2021-08-13 07:05:42,117 - root - DEBUG - ACTION: 放置队伍
2021-08-13 07:05:47,568 - root - DEBUG - ACTION: 开始作战
2021-08-13 07:05:56,267 - root - DEBUG - ACTION: 计划模式
2021-08-13 07:07:11,824 - root - DEBUG - ACTION: 重启作战
2021-08-13 07:07:20,653 - root - DEBUG - 已运行：1:01:37.883162  13-4e轮次：35
2021-08-13 07:07:27,668 - root - DEBUG - ACTION: 跳转至主菜单
2021-08-13 07:07:35,221 - root - DEBUG - STATE： 主菜单界面
2021-08-13 07:07:35,221 - root - DEBUG - ACTION: 前往作战菜单
2021-08-13 07:07:40,383 - root - DEBUG - STATE： 战斗菜单
2021-08-13 07:07:40,384 - root - DEBUG - ACTION: 前往13-4e选择界面
