2021-05-19 07:58:02,663 - root - DEBUG - 开始操作
2021-05-19 07:58:02,907 - root - DEBUG - STATE： 主菜单界面
2021-05-19 07:58:02,907 - root - DEBUG - ACTION: 前往作战菜单
2021-05-19 07:58:08,337 - root - DEBUG - STATE： 战斗菜单
2021-05-19 07:58:08,338 - root - DEBUG - ACTION: 前往13-4选择界面
2021-05-19 07:58:20,353 - root - DEBUG - STATE： 13-4界面
2021-05-19 07:58:20,353 - root - DEBUG - ACTION: 启动13-4
2021-05-19 07:58:30,068 - root - DEBUG - STATE：进入地图
2021-05-19 07:58:30,069 - root - DEBUG - STATE: 战前整备
2021-05-19 07:58:40,299 - root - DEBUG - ACTION: 更换打手
2021-05-19 07:59:01,167 - root - DEBUG - ACTION: 放置队伍
2021-05-19 07:59:08,988 - root - DEBUG - ACTION: 开始作战
2021-05-19 07:59:25,786 - root - DEBUG - ACTION: 重启作战
2021-05-19 07:59:35,046 - root - DEBUG - STATE：进入地图
2021-05-19 07:59:35,047 - root - DEBUG - ACTION: 更换打手
2021-05-19 07:59:54,544 - root - DEBUG - ACTION: 放置队伍
2021-05-19 08:00:00,275 - root - DEBUG - ACTION: 开始作战
2021-05-19 08:00:09,568 - root - DEBUG - ACTION: 计划模式
2021-05-19 08:02:53,109 - root - DEBUG - ACTION: 战役结算
2021-05-19 08:03:00,866 - root - DEBUG - 已运行：0:04:58.203645  13-4轮次：1
2021-05-19 08:03:00,918 - root - DEBUG - STATE： 13-4界面
2021-05-19 08:03:00,918 - root - DEBUG - ACTION: 启动13-4
2021-05-19 08:03:10,008 - root - DEBUG - STATE：进入地图
2021-05-19 08:03:10,009 - root - DEBUG - ACTION: 更换打手
2021-05-19 08:03:29,050 - root - DEBUG - ACTION: 放置队伍
2021-05-19 08:03:34,837 - root - DEBUG - ACTION: 开始作战
2021-05-19 08:03:44,551 - root - DEBUG - ACTION: 计划模式
2021-05-19 08:06:17,684 - root - DEBUG - ACTION: 战役结算
2021-05-19 08:06:25,063 - root - DEBUG - 已运行：0:08:22.400576  13-4轮次：2
2021-05-19 08:06:25,063 - root - DEBUG - ACTION: 跳转至主菜单
2021-05-19 08:06:31,849 - root - DEBUG - STATE： 主菜单界面
2021-05-19 08:06:31,849 - root - DEBUG - ACTION: 前往作战菜单
2021-05-19 08:06:37,581 - root - DEBUG - STATE： 13-4界面
2021-05-19 08:06:37,581 - root - DEBUG - ACTION: 启动13-4
2021-05-19 08:06:46,667 - root - DEBUG - STATE：进入地图
2021-05-19 08:06:46,667 - root - DEBUG - ACTION: 更换打手
2021-05-19 08:07:05,463 - root - DEBUG - ACTION: 放置队伍
2021-05-19 08:07:11,274 - root - DEBUG - ACTION: 开始作战
2021-05-19 08:07:19,942 - root - DEBUG - ACTION: 计划模式
2021-05-19 08:09:57,222 - root - DEBUG - ACTION: 战役结算
2021-05-19 08:10:05,604 - root - DEBUG - 已运行：0:12:02.941594  13-4轮次：3
2021-05-19 08:10:05,654 - root - DEBUG - STATE： 13-4界面
2021-05-19 08:10:05,655 - root - DEBUG - ACTION: 启动13-4
2021-05-19 08:10:15,370 - root - DEBUG - STATE：进入地图
2021-05-19 08:10:15,370 - root - DEBUG - ACTION: 更换打手
2021-05-19 08:10:34,316 - root - DEBUG - ACTION: 放置队伍
2021-05-19 08:10:39,822 - root - DEBUG - ACTION: 开始作战
2021-05-19 08:10:48,385 - root - DEBUG - ACTION: 计划模式
2021-05-19 08:13:25,802 - root - DEBUG - ACTION: 战役结算
2021-05-19 08:13:33,356 - root - DEBUG - 已运行：0:15:30.693693  13-4轮次：4
2021-05-19 08:13:33,357 - root - DEBUG - ACTION: 跳转至主菜单
2021-05-19 08:13:40,341 - root - DEBUG - STATE： 主菜单界面
2021-05-19 08:13:40,341 - root - DEBUG - ACTION: 前往作战菜单
2021-05-19 08:13:46,022 - root - DEBUG - STATE： 13-4界面
2021-05-19 08:13:46,023 - root - DEBUG - ACTION: 启动13-4
2021-05-19 08:13:55,661 - root - DEBUG - STATE：进入地图
2021-05-19 08:13:55,662 - root - DEBUG - ACTION: 更换打手
2021-05-19 08:14:14,806 - root - DEBUG - ACTION: 放置队伍
2021-05-19 08:14:21,167 - root - DEBUG - ACTION: 开始作战
2021-05-19 08:14:31,435 - root - DEBUG - ACTION: 计划模式
2021-05-19 08:17:13,452 - root - DEBUG - ACTION: 战役结算
2021-05-19 08:17:20,355 - root - DEBUG - 已运行：0:19:17.692782  13-4轮次：5
2021-05-19 08:17:20,406 - root - DEBUG - STATE： 13-4界面
2021-05-19 08:17:20,407 - root - DEBUG - ACTION: 启动13-4
2021-05-19 08:17:29,446 - root - DEBUG - STATE：进入地图
2021-05-19 08:17:29,447 - root - DEBUG - ACTION: 更换打手
2021-05-19 08:17:48,389 - root - DEBUG - ACTION: 放置队伍
2021-05-19 08:17:54,122 - root - DEBUG - ACTION: 开始作战
2021-05-19 08:18:02,709 - root - DEBUG - ACTION: 计划模式
2021-05-19 08:20:44,853 - root - DEBUG - ACTION: 战役结算
2021-05-19 08:20:52,136 - root - DEBUG - 已运行：0:22:49.473738  13-4轮次：6
2021-05-19 08:20:52,137 - root - DEBUG - ACTION: 跳转至主菜单
2021-05-19 08:20:59,495 - root - DEBUG - STATE： 主菜单界面
2021-05-19 08:20:59,496 - root - DEBUG - ACTION: 前往作战菜单
2021-05-19 08:21:04,825 - root - DEBUG - STATE： 13-4界面
2021-05-19 08:21:04,825 - root - DEBUG - ACTION: 启动13-4
2021-05-19 08:21:14,564 - root - DEBUG - STATE：进入地图
2021-05-19 08:21:14,565 - root - DEBUG - ACTION: 更换打手
2021-05-19 08:21:33,336 - root - DEBUG - ACTION: 放置队伍
2021-05-19 08:21:38,721 - root - DEBUG - ACTION: 开始作战
2021-05-19 08:21:49,171 - root - DEBUG - ACTION: 计划模式
2021-05-19 08:24:26,746 - root - DEBUG - ACTION: 战役结算
2021-05-19 08:24:34,354 - root - DEBUG - 已运行：0:26:31.691306  13-4轮次：7
2021-05-19 08:24:34,431 - root - DEBUG - STATE： 13-4界面
2021-05-19 08:24:34,432 - root - DEBUG - ACTION: 启动13-4
2021-05-19 08:24:43,417 - root - DEBUG - STATE：进入地图
2021-05-19 08:24:43,418 - root - DEBUG - ACTION: 更换打手
2021-05-19 08:25:01,864 - root - DEBUG - ACTION: 放置队伍
2021-05-19 08:25:07,245 - root - DEBUG - ACTION: 开始作战
2021-05-19 08:25:17,296 - root - DEBUG - ACTION: 计划模式
2021-05-19 08:27:54,624 - root - DEBUG - ACTION: 战役结算
2021-05-19 08:28:01,705 - root - DEBUG - 已运行：0:29:59.042800  13-4轮次：8
2021-05-19 08:28:01,705 - root - DEBUG - ACTION: 跳转至主菜单
2021-05-19 08:28:09,169 - root - DEBUG - STATE： 主菜单界面
2021-05-19 08:28:09,170 - root - DEBUG - ACTION: 前往作战菜单
2021-05-19 08:28:15,246 - root - DEBUG - STATE： 13-4界面
2021-05-19 08:28:15,246 - root - DEBUG - ACTION: 启动13-4
2021-05-19 08:28:24,561 - root - DEBUG - STATE：进入地图
2021-05-19 08:28:24,561 - root - DEBUG - ACTION: 更换打手
2021-05-19 08:28:44,182 - root - DEBUG - ACTION: 放置队伍
2021-05-19 08:28:49,665 - root - DEBUG - ACTION: 开始作战
2021-05-19 08:28:58,642 - root - DEBUG - ACTION: 计划模式
