2021-08-28 10:28:29,443 - root - DEBUG - 开始操作
2021-08-28 10:28:29,635 - root - DEBUG - STATE： 战斗菜单
2021-08-28 10:28:29,635 - root - DEBUG - ACTION: 前往4-6选择界面
2021-08-28 10:28:42,178 - root - DEBUG - STATE： 4-6界面
2021-08-28 10:28:42,179 - root - DEBUG - ACTION: 启动4-6
2021-08-28 10:28:49,932 - root - DEBUG - ERROR： 当前状态未知!
2021-08-28 10:28:52,189 - root - DEBUG - ERROR： 当前状态未知!
2021-08-28 10:28:54,242 - root - DEBUG - STATE：地图
2021-08-28 10:28:54,243 - root - DEBUG - STATE: 战前整备
2021-08-28 10:29:04,719 - root - DEBUG - ACTION: 放置队伍
2021-08-28 10:29:09,110 - root - DEBUG - ACTION: 开始作战
2021-08-28 10:29:12,863 - root - DEBUG - ACTION: 前往1号点
2021-08-28 10:29:16,160 - root - DEBUG - ACTION: 前往2号点
2021-08-28 10:29:17,979 - root - DEBUG - ACTION: 前往3号点
2021-08-28 10:29:20,571 - root - DEBUG - ACTION: 前往4号点
2021-08-28 10:29:23,190 - root - DEBUG - ACTION: 重启作战
2021-08-28 10:29:31,785 - root - DEBUG - 已运行：0:01:02.341999  踩点数: 3
2021-08-28 10:29:31,839 - root - DEBUG - STATE：地图
2021-08-28 10:29:31,839 - root - DEBUG - ACTION: 放置队伍
2021-08-28 10:29:36,244 - root - DEBUG - ACTION: 开始作战
2021-08-28 10:29:39,995 - root - DEBUG - ACTION: 前往1号点
2021-08-28 10:29:43,076 - root - DEBUG - ACTION: 前往2号点
2021-08-28 10:29:45,073 - root - DEBUG - ACTION: 前往3号点
2021-08-28 10:29:47,733 - root - DEBUG - ACTION: 前往4号点
2021-08-28 10:29:50,340 - root - DEBUG - ACTION: 重启作战
2021-08-28 10:29:58,919 - root - DEBUG - 已运行：0:01:29.476069  踩点数: 6
2021-08-28 10:29:58,976 - root - DEBUG - STATE：地图
2021-08-28 10:29:58,977 - root - DEBUG - ACTION: 放置队伍
2021-08-28 10:30:03,601 - root - DEBUG - ACTION: 开始作战
2021-08-28 10:30:07,330 - root - DEBUG - ACTION: 前往1号点
2021-08-28 10:30:10,570 - root - DEBUG - ACTION: 前往2号点
2021-08-28 10:30:12,538 - root - DEBUG - ACTION: 前往3号点
2021-08-28 10:30:15,145 - root - DEBUG - ACTION: 前往4号点
2021-08-28 10:30:17,740 - root - DEBUG - ACTION: 遇敌撤退
2021-08-28 10:30:34,662 - root - DEBUG - ACTION: 重启作战
2021-08-28 10:30:43,173 - root - DEBUG - STATE: 战前整备
2021-08-28 10:30:53,890 - root - DEBUG - STATE：地图
2021-08-28 10:30:53,891 - root - DEBUG - ACTION: 放置队伍
2021-08-28 10:30:57,890 - root - DEBUG - ACTION: 开始作战
2021-08-28 10:31:01,102 - root - DEBUG - ACTION: 前往1号点
2021-08-28 10:31:04,308 - root - DEBUG - ACTION: 前往2号点
2021-08-28 10:31:06,198 - root - DEBUG - ACTION: 前往3号点
2021-08-28 10:31:08,805 - root - DEBUG - ACTION: 前往4号点
2021-08-28 10:31:11,258 - root - DEBUG - ACTION: 重启作战
2021-08-28 10:31:20,791 - root - DEBUG - 已运行：0:02:51.348132  踩点数: 11
2021-08-28 10:31:20,845 - root - DEBUG - STATE：地图
2021-08-28 10:31:20,845 - root - DEBUG - ACTION: 放置队伍
2021-08-28 10:31:25,275 - root - DEBUG - ACTION: 开始作战
2021-08-28 10:31:28,983 - root - DEBUG - ACTION: 前往1号点
2021-08-28 10:31:32,063 - root - DEBUG - ACTION: 前往2号点
2021-08-28 10:31:33,981 - root - DEBUG - ACTION: 前往3号点
2021-08-28 10:31:36,452 - root - DEBUG - ACTION: 遇敌撤退
2021-08-28 10:31:51,052 - root - DEBUG - ACTION: 重启作战
2021-08-28 10:31:59,839 - root - DEBUG - STATE: 战前整备
2021-08-28 10:32:10,282 - root - DEBUG - STATE：地图
2021-08-28 10:32:10,282 - root - DEBUG - ACTION: 放置队伍
2021-08-28 10:32:14,764 - root - DEBUG - ACTION: 开始作战
2021-08-28 10:32:17,984 - root - DEBUG - ACTION: 前往1号点
2021-08-28 10:32:21,084 - root - DEBUG - ACTION: 前往2号点
2021-08-28 10:32:23,016 - root - DEBUG - ACTION: 前往3号点
2021-08-28 10:32:25,644 - root - DEBUG - ACTION: 前往4号点
2021-08-28 10:32:28,158 - root - DEBUG - ACTION: 重启作战
2021-08-28 10:32:36,715 - root - DEBUG - 已运行：0:04:07.272195  踩点数: 15
2021-08-28 10:32:36,757 - root - DEBUG - STATE：地图
2021-08-28 10:32:36,758 - root - DEBUG - ACTION: 放置队伍
2021-08-28 10:32:41,014 - root - DEBUG - ACTION: 开始作战
2021-08-28 10:32:44,218 - root - DEBUG - ACTION: 前往1号点
2021-08-28 10:32:47,737 - root - DEBUG - ACTION: 前往2号点
2021-08-28 10:32:49,729 - root - DEBUG - ACTION: 前往3号点
2021-08-28 10:32:52,333 - root - DEBUG - ACTION: 前往4号点
2021-08-28 10:32:54,828 - root - DEBUG - ACTION: 重启作战
