2021-03-02 09:06:43,260 - root - DEBUG - STATE： 返回作战界面
2021-03-02 09:06:43,261 - root - DEBUG - ACTION: 前往作战菜单-战斗中断
2021-03-02 09:06:48,708 - root - DEBUG - ACTION: 前往8-1n选择界面
2021-03-02 09:06:57,893 - root - DEBUG - ACTION: 终止8-1n
2021-03-02 09:07:05,596 - root - DEBUG - STATE： 8-1n界面
2021-03-02 09:07:05,596 - root - DEBUG - ACTION: 启动8-1n
2021-03-02 09:07:14,094 - root - DEBUG - STATE：进入地图
2021-03-02 09:07:14,094 - root - DEBUG - STATE: 战前整备
2021-03-02 09:07:43,139 - root - DEBUG - ACTION: 放置队伍
2021-03-02 09:07:47,015 - root - DEBUG - ACTION: 开始作战
2021-03-02 09:07:58,254 - root - DEBUG - ACTION: 重启作战
2021-03-02 09:08:23,244 - root - DEBUG - STATE：进入地图
2021-03-02 09:08:23,245 - root - DEBUG - ACTION: 放置队伍
2021-03-02 09:08:26,978 - root - DEBUG - ACTION: 开始作战
2021-03-02 09:08:29,949 - root - DEBUG - ACTION: 计划模式
2021-03-02 09:11:00,889 - root - DEBUG - ACTION: 补给Zas
2021-03-02 09:11:13,151 - root - DEBUG - Error:12
2021-03-02 09:11:13,151 - root - DEBUG - ERROR：补给失败
2021-03-02 09:11:18,471 - root - DEBUG - STATE：模拟器桌面
2021-03-02 09:11:18,471 - root - DEBUG - ACTION: 启动游戏
2021-03-02 09:12:48,788 - root - DEBUG - STATE： 后勤结束界面
2021-03-02 09:12:48,789 - root - DEBUG - ACTION: 收派后勤
2021-03-02 09:12:56,637 - root - DEBUG - STATE： 返回作战界面
2021-03-02 09:12:56,637 - root - DEBUG - ACTION: 前往作战菜单-战斗中断
2021-03-02 09:13:02,127 - root - DEBUG - ACTION: 前往8-1n选择界面
2021-03-02 09:13:12,697 - root - DEBUG - ACTION: 终止8-1n
2021-03-02 09:13:19,859 - root - DEBUG - STATE： 8-1n界面
2021-03-02 09:13:19,860 - root - DEBUG - ACTION: 启动8-1n
2021-03-02 09:13:27,990 - root - DEBUG - STATE：进入地图
2021-03-02 09:13:27,990 - root - DEBUG - STATE: 战前整备
2021-03-02 09:13:56,600 - root - DEBUG - ACTION: 放置队伍
2021-03-02 09:14:00,332 - root - DEBUG - ACTION: 开始作战
2021-03-02 09:14:10,777 - root - DEBUG - ACTION: 重启作战
2021-03-02 09:14:34,762 - root - DEBUG - STATE：进入地图
2021-03-02 09:14:34,762 - root - DEBUG - ACTION: 放置队伍
2021-03-02 09:14:38,596 - root - DEBUG - ACTION: 开始作战
2021-03-02 09:14:41,676 - root - DEBUG - ACTION: 计划模式
2021-03-02 09:17:02,115 - root - DEBUG - ACTION: 补给Zas
2021-03-02 09:17:15,399 - root - DEBUG - Error:12
2021-03-02 09:17:15,400 - root - DEBUG - ERROR：补给失败
2021-03-02 09:17:20,456 - root - DEBUG - STATE：进入地图
2021-03-02 09:17:20,456 - root - DEBUG - ACTION: 放置队伍
2021-03-02 09:17:28,156 - root - DEBUG - ERROR：队伍放置失败
2021-03-02 09:17:33,469 - root - DEBUG - STATE：模拟器桌面
2021-03-02 09:17:33,469 - root - DEBUG - ACTION: 启动游戏
2021-03-02 09:19:03,720 - root - DEBUG - STATE： 返回作战界面
2021-03-02 09:19:03,721 - root - DEBUG - ACTION: 前往作战菜单-战斗中断
2021-03-02 09:19:09,353 - root - DEBUG - ACTION: 前往8-1n选择界面
2021-03-02 09:19:18,508 - root - DEBUG - ACTION: 终止8-1n
2021-03-02 09:19:25,972 - root - DEBUG - STATE： 8-1n界面
2021-03-02 09:19:25,973 - root - DEBUG - ACTION: 启动8-1n
2021-03-02 09:19:33,532 - root - DEBUG - STATE：进入地图
2021-03-02 09:19:33,533 - root - DEBUG - STATE: 战前整备
2021-03-02 09:20:01,859 - root - DEBUG - ACTION: 放置队伍
2021-03-02 09:20:05,654 - root - DEBUG - ACTION: 开始作战
2021-03-02 09:20:17,808 - root - DEBUG - ACTION: 重启作战
2021-03-02 09:20:41,696 - root - DEBUG - STATE：进入地图
2021-03-02 09:20:41,696 - root - DEBUG - ACTION: 放置队伍
2021-03-02 09:20:45,584 - root - DEBUG - ACTION: 开始作战
2021-03-02 09:20:49,002 - root - DEBUG - ACTION: 计划模式
2021-03-02 09:23:10,575 - root - DEBUG - ACTION: 补给Zas
2021-03-02 09:23:25,213 - root - DEBUG - Error:12
2021-03-02 09:23:25,213 - root - DEBUG - ERROR：补给失败
2021-03-02 09:23:30,531 - root - DEBUG - STATE：模拟器桌面
2021-03-02 09:23:30,531 - root - DEBUG - ACTION: 启动游戏
2021-03-02 09:25:00,783 - root - DEBUG - STATE： 返回作战界面
2021-03-02 09:25:00,783 - root - DEBUG - ACTION: 前往作战菜单-战斗中断
2021-03-02 09:25:06,525 - root - DEBUG - ACTION: 前往8-1n选择界面
2021-03-02 09:25:16,582 - root - DEBUG - ACTION: 终止8-1n
2021-03-02 09:25:24,506 - root - DEBUG - STATE： 8-1n界面
2021-03-02 09:25:24,507 - root - DEBUG - ACTION: 启动8-1n
2021-03-02 09:25:32,100 - root - DEBUG - STATE：进入地图
2021-03-02 09:25:32,101 - root - DEBUG - STATE: 战前整备
2021-03-02 09:26:00,358 - root - DEBUG - ACTION: 放置队伍
2021-03-02 09:26:04,328 - root - DEBUG - ACTION: 开始作战
2021-03-02 09:26:16,197 - root - DEBUG - ACTION: 重启作战
2021-03-02 09:26:41,053 - root - DEBUG - STATE：进入地图
2021-03-02 09:26:41,054 - root - DEBUG - ACTION: 放置队伍
2021-03-02 09:26:44,862 - root - DEBUG - ACTION: 开始作战
2021-03-02 09:26:47,888 - root - DEBUG - ACTION: 计划模式
2021-03-02 09:29:09,593 - root - DEBUG - ACTION: 补给Zas
2021-03-02 09:29:22,241 - root - DEBUG - Error:12
2021-03-02 09:29:22,242 - root - DEBUG - ERROR：补给失败
2021-03-02 09:29:27,296 - root - DEBUG - STATE：进入地图
2021-03-02 09:29:27,296 - root - DEBUG - ACTION: 放置队伍
2021-03-02 09:29:34,908 - root - DEBUG - ERROR：队伍放置失败
2021-03-02 09:29:40,227 - root - DEBUG - STATE：模拟器桌面
2021-03-02 09:29:40,227 - root - DEBUG - ACTION: 启动游戏
2021-03-02 09:31:10,476 - root - DEBUG - STATE： 返回作战界面
2021-03-02 09:31:10,476 - root - DEBUG - ACTION: 前往作战菜单-战斗中断
2021-03-02 09:31:15,723 - root - DEBUG - ACTION: 前往8-1n选择界面
2021-03-02 09:31:24,927 - root - DEBUG - ACTION: 终止8-1n
2021-03-02 09:31:32,243 - root - DEBUG - STATE： 8-1n界面
2021-03-02 09:31:32,244 - root - DEBUG - ACTION: 启动8-1n
2021-03-02 09:31:40,507 - root - DEBUG - STATE：进入地图
2021-03-02 09:31:40,508 - root - DEBUG - STATE: 战前整备
2021-03-02 09:32:08,044 - root - DEBUG - ACTION: 放置队伍
2021-03-02 09:32:11,737 - root - DEBUG - ACTION: 开始作战
2021-03-02 09:32:22,555 - root - DEBUG - ACTION: 重启作战
2021-03-02 09:32:46,314 - root - DEBUG - STATE：进入地图
2021-03-02 09:32:46,314 - root - DEBUG - ACTION: 放置队伍
2021-03-02 09:32:50,107 - root - DEBUG - ACTION: 开始作战
2021-03-02 09:32:53,096 - root - DEBUG - ACTION: 计划模式
2021-03-02 09:35:19,690 - root - DEBUG - ACTION: 补给Zas
2021-03-02 09:35:32,907 - root - DEBUG - Error:12
2021-03-02 09:35:32,907 - root - DEBUG - ERROR：补给失败
2021-03-02 09:35:38,224 - root - DEBUG - STATE：模拟器桌面
2021-03-02 09:35:38,225 - root - DEBUG - ACTION: 启动游戏
2021-03-02 09:37:08,542 - root - DEBUG - STATE： 后勤结束界面
2021-03-02 09:37:08,542 - root - DEBUG - ACTION: 收派后勤
2021-03-02 09:37:15,687 - root - DEBUG - STATE： 返回作战界面
2021-03-02 09:37:15,687 - root - DEBUG - ACTION: 前往作战菜单-战斗中断
2021-03-02 09:37:21,506 - root - DEBUG - ACTION: 前往8-1n选择界面
2021-03-02 09:37:31,409 - root - DEBUG - ACTION: 终止8-1n
2021-03-02 09:37:38,992 - root - DEBUG - STATE： 8-1n界面
2021-03-02 09:37:38,993 - root - DEBUG - ACTION: 启动8-1n
2021-03-02 09:37:46,806 - root - DEBUG - STATE：进入地图
2021-03-02 09:37:46,806 - root - DEBUG - STATE: 战前整备
2021-03-02 09:38:15,713 - root - DEBUG - ACTION: 放置队伍
2021-03-02 09:38:19,529 - root - DEBUG - ACTION: 开始作战
2021-03-02 09:38:29,653 - root - DEBUG - ACTION: 重启作战
2021-03-02 09:38:54,022 - root - DEBUG - STATE：进入地图
2021-03-02 09:38:54,022 - root - DEBUG - ACTION: 放置队伍
2021-03-02 09:38:57,878 - root - DEBUG - ACTION: 开始作战
2021-03-02 09:39:00,960 - root - DEBUG - ACTION: 计划模式
2021-03-02 09:41:26,690 - root - DEBUG - ACTION: 补给Zas
2021-03-02 09:41:41,027 - root - DEBUG - Error:12
2021-03-02 09:41:41,028 - root - DEBUG - ERROR：补给失败
2021-03-02 09:41:46,347 - root - DEBUG - STATE：模拟器桌面
2021-03-02 09:41:46,347 - root - DEBUG - ACTION: 启动游戏
2021-03-02 09:43:16,597 - root - DEBUG - STATE： 返回作战界面
2021-03-02 09:43:16,598 - root - DEBUG - ACTION: 前往作战菜单-战斗中断
2021-03-02 09:43:21,685 - root - DEBUG - ACTION: 前往8-1n选择界面
2021-03-02 09:43:32,004 - root - DEBUG - ACTION: 终止8-1n
2021-03-02 09:43:39,520 - root - DEBUG - STATE： 8-1n界面
2021-03-02 09:43:39,520 - root - DEBUG - ACTION: 启动8-1n
2021-03-02 09:43:47,450 - root - DEBUG - STATE：进入地图
2021-03-02 09:43:47,451 - root - DEBUG - STATE: 战前整备
2021-03-02 09:44:15,123 - root - DEBUG - ACTION: 放置队伍
2021-03-02 09:44:18,931 - root - DEBUG - ACTION: 开始作战
2021-03-02 09:44:29,087 - root - DEBUG - ACTION: 重启作战
2021-03-02 09:44:54,009 - root - DEBUG - STATE：进入地图
2021-03-02 09:44:54,011 - root - DEBUG - ACTION: 放置队伍
2021-03-02 09:44:57,813 - root - DEBUG - ACTION: 开始作战
2021-03-02 09:45:00,726 - root - DEBUG - ACTION: 计划模式
2021-03-02 09:47:27,598 - root - DEBUG - ACTION: 补给Zas
2021-03-02 09:47:41,870 - root - DEBUG - Error:12
2021-03-02 09:47:41,871 - root - DEBUG - ERROR：补给失败
2021-03-02 09:47:47,189 - root - DEBUG - STATE：模拟器桌面
2021-03-02 09:47:47,190 - root - DEBUG - ACTION: 启动游戏
2021-03-02 09:49:17,507 - root - DEBUG - STATE： 后勤结束界面
2021-03-02 09:49:17,508 - root - DEBUG - ACTION: 收派后勤
2021-03-02 09:49:24,250 - root - DEBUG - STATE： 后勤结束界面
2021-03-02 09:49:24,251 - root - DEBUG - ACTION: 收派后勤
2021-03-02 09:49:31,027 - root - DEBUG - STATE： 返回作战界面
2021-03-02 09:49:31,028 - root - DEBUG - ACTION: 前往作战菜单-战斗中断
2021-03-02 09:49:36,340 - root - DEBUG - ACTION: 前往8-1n选择界面
2021-03-02 09:49:46,963 - root - DEBUG - ACTION: 终止8-1n
2021-03-02 09:49:55,321 - root - DEBUG - STATE： 8-1n界面
2021-03-02 09:49:55,321 - root - DEBUG - ACTION: 启动8-1n
2021-03-02 09:50:03,005 - root - DEBUG - STATE：进入地图
2021-03-02 09:50:03,005 - root - DEBUG - STATE: 战前整备
2021-03-02 09:50:31,392 - root - DEBUG - ACTION: 放置队伍
2021-03-02 09:50:35,139 - root - DEBUG - ACTION: 开始作战
2021-03-02 09:50:45,449 - root - DEBUG - ACTION: 重启作战
2021-03-02 09:51:08,621 - root - DEBUG - STATE：进入地图
2021-03-02 09:51:08,621 - root - DEBUG - ACTION: 放置队伍
2021-03-02 09:51:12,413 - root - DEBUG - ACTION: 开始作战
2021-03-02 09:51:15,426 - root - DEBUG - ACTION: 计划模式
2021-03-02 09:53:46,244 - root - DEBUG - ACTION: 补给Zas
2021-03-02 09:53:59,615 - root - DEBUG - Error:12
2021-03-02 09:53:59,615 - root - DEBUG - ERROR：补给失败
2021-03-02 09:54:04,932 - root - DEBUG - STATE：模拟器桌面
2021-03-02 09:54:04,932 - root - DEBUG - ACTION: 启动游戏
2021-03-02 09:55:35,183 - root - DEBUG - STATE： 返回作战界面
2021-03-02 09:55:35,184 - root - DEBUG - ACTION: 前往作战菜单-战斗中断
2021-03-02 09:55:40,249 - root - DEBUG - ACTION: 前往8-1n选择界面
2021-03-02 09:55:51,216 - root - DEBUG - ACTION: 终止8-1n
2021-03-02 09:55:59,661 - root - DEBUG - STATE： 8-1n界面
2021-03-02 09:55:59,661 - root - DEBUG - ACTION: 启动8-1n
2021-03-02 09:56:07,507 - root - DEBUG - STATE：进入地图
2021-03-02 09:56:07,507 - root - DEBUG - STATE: 战前整备
2021-03-02 09:56:35,712 - root - DEBUG - ACTION: 放置队伍
2021-03-02 09:56:39,470 - root - DEBUG - ACTION: 开始作战
2021-03-02 09:56:49,556 - root - DEBUG - ACTION: 重启作战
2021-03-02 09:57:14,330 - root - DEBUG - STATE：进入地图
2021-03-02 09:57:14,331 - root - DEBUG - ACTION: 放置队伍
2021-03-02 09:57:18,145 - root - DEBUG - ACTION: 开始作战
2021-03-02 09:57:21,158 - root - DEBUG - ACTION: 计划模式
2021-03-02 09:59:51,790 - root - DEBUG - ACTION: 补给Zas
2021-03-02 10:00:05,960 - root - DEBUG - Error:12
2021-03-02 10:00:05,960 - root - DEBUG - ERROR：补给失败
2021-03-02 10:00:11,280 - root - DEBUG - STATE：模拟器桌面
2021-03-02 10:00:11,281 - root - DEBUG - ACTION: 启动游戏
2021-03-02 10:01:41,532 - root - DEBUG - STATE： 返回作战界面
2021-03-02 10:01:41,533 - root - DEBUG - ACTION: 前往作战菜单-战斗中断
2021-03-02 10:01:47,119 - root - DEBUG - ACTION: 前往8-1n选择界面
2021-03-02 10:01:57,119 - root - DEBUG - ACTION: 终止8-1n
2021-03-02 10:02:04,588 - root - DEBUG - STATE： 8-1n界面
2021-03-02 10:02:04,589 - root - DEBUG - ACTION: 启动8-1n
2021-03-02 10:02:12,901 - root - DEBUG - STATE：进入地图
2021-03-02 10:02:12,902 - root - DEBUG - STATE: 战前整备
2021-03-02 10:02:41,541 - root - DEBUG - ACTION: 放置队伍
2021-03-02 10:02:45,374 - root - DEBUG - ACTION: 开始作战
2021-03-02 10:02:56,050 - root - DEBUG - ACTION: 重启作战
2021-03-02 10:03:19,677 - root - DEBUG - STATE：进入地图
2021-03-02 10:03:19,677 - root - DEBUG - ACTION: 放置队伍
2021-03-02 10:03:23,602 - root - DEBUG - ACTION: 开始作战
2021-03-02 10:03:26,632 - root - DEBUG - ACTION: 计划模式
2021-03-02 10:05:48,389 - root - DEBUG - ACTION: 补给Zas
2021-03-02 10:06:02,807 - root - DEBUG - Error:12
2021-03-02 10:06:02,807 - root - DEBUG - ERROR：补给失败
2021-03-02 10:06:07,859 - root - DEBUG - STATE：进入地图
2021-03-02 10:06:07,859 - root - DEBUG - ACTION: 放置队伍
2021-03-02 10:06:15,471 - root - DEBUG - ERROR：队伍放置失败
2021-03-02 10:06:20,774 - root - DEBUG - STATE：模拟器桌面
2021-03-02 10:06:20,774 - root - DEBUG - ACTION: 启动游戏
2021-03-02 10:07:51,023 - root - DEBUG - STATE： 返回作战界面
2021-03-02 10:07:51,024 - root - DEBUG - ACTION: 前往作战菜单-战斗中断
2021-03-02 10:07:56,094 - root - DEBUG - ACTION: 前往8-1n选择界面
2021-03-02 10:08:05,241 - root - DEBUG - ACTION: 终止8-1n
2021-03-02 10:08:12,424 - root - DEBUG - STATE： 8-1n界面
2021-03-02 10:08:12,425 - root - DEBUG - ACTION: 启动8-1n
2021-03-02 10:08:20,336 - root - DEBUG - STATE： 强化提醒界面
2021-03-02 10:08:20,337 - root - DEBUG - ACTION: 拆解装备
2021-03-02 10:08:26,352 - root - DEBUG - ACTION: 跳转至工厂
2021-03-02 10:09:32,886 - root - DEBUG - ACTION: 跳转至主菜单
2021-03-02 10:09:40,096 - root - DEBUG - STATE： 主菜单界面
2021-03-02 10:09:40,097 - root - DEBUG - ACTION: 前往作战菜单
2021-03-02 10:09:45,365 - root - DEBUG - STATE： 8-1n界面
2021-03-02 10:09:45,365 - root - DEBUG - ACTION: 启动8-1n
2021-03-02 10:09:53,664 - root - DEBUG - STATE：进入地图
2021-03-02 10:09:53,664 - root - DEBUG - STATE: 战前整备
2021-03-02 10:10:21,354 - root - DEBUG - ACTION: 放置队伍
2021-03-02 10:10:25,506 - root - DEBUG - ACTION: 开始作战
2021-03-02 10:10:36,986 - root - DEBUG - ACTION: 重启作战
2021-03-02 10:11:01,659 - root - DEBUG - STATE：进入地图
2021-03-02 10:11:01,659 - root - DEBUG - ACTION: 放置队伍
2021-03-02 10:11:05,451 - root - DEBUG - ACTION: 开始作战
2021-03-02 10:11:08,466 - root - DEBUG - ACTION: 计划模式
2021-03-02 10:13:36,324 - root - DEBUG - ACTION: 补给Zas
2021-03-02 10:13:49,929 - root - DEBUG - Error:12
2021-03-02 10:13:49,929 - root - DEBUG - ERROR：补给失败
2021-03-02 10:13:55,246 - root - DEBUG - STATE：模拟器桌面
2021-03-02 10:13:55,246 - root - DEBUG - ACTION: 启动游戏
2021-03-02 10:15:25,496 - root - DEBUG - STATE： 返回作战界面
2021-03-02 10:15:25,496 - root - DEBUG - ACTION: 前往作战菜单-战斗中断
2021-03-02 10:15:31,503 - root - DEBUG - ACTION: 前往8-1n选择界面
2021-03-02 10:15:41,692 - root - DEBUG - ACTION: 终止8-1n
2021-03-02 10:15:49,706 - root - DEBUG - STATE： 8-1n界面
2021-03-02 10:15:49,706 - root - DEBUG - ACTION: 启动8-1n
2021-03-02 10:15:58,137 - root - DEBUG - STATE：进入地图
2021-03-02 10:15:58,138 - root - DEBUG - STATE: 战前整备
2021-03-02 10:16:25,289 - root - DEBUG - ACTION: 放置队伍
2021-03-02 10:16:29,040 - root - DEBUG - ACTION: 开始作战
2021-03-02 10:16:39,873 - root - DEBUG - ACTION: 重启作战
2021-03-02 10:17:04,863 - root - DEBUG - STATE：进入地图
2021-03-02 10:17:04,864 - root - DEBUG - ACTION: 放置队伍
2021-03-02 10:17:08,716 - root - DEBUG - ACTION: 开始作战
2021-03-02 10:17:11,635 - root - DEBUG - ACTION: 计划模式
2021-03-02 10:19:43,643 - root - DEBUG - ACTION: 补给Zas
2021-03-02 10:19:57,297 - root - DEBUG - Error:12
2021-03-02 10:19:57,297 - root - DEBUG - ERROR：补给失败
2021-03-02 10:20:02,615 - root - DEBUG - STATE：模拟器桌面
2021-03-02 10:20:02,615 - root - DEBUG - ACTION: 启动游戏
2021-03-02 10:21:32,863 - root - DEBUG - STATE： 返回作战界面
2021-03-02 10:21:32,863 - root - DEBUG - ACTION: 前往作战菜单-战斗中断
2021-03-02 10:21:38,013 - root - DEBUG - ACTION: 前往8-1n选择界面
2021-03-02 10:21:47,723 - root - DEBUG - ACTION: 终止8-1n
2021-03-02 10:21:55,201 - root - DEBUG - STATE： 8-1n界面
2021-03-02 10:21:55,201 - root - DEBUG - ACTION: 启动8-1n
2021-03-02 10:22:03,415 - root - DEBUG - STATE：进入地图
2021-03-02 10:22:03,415 - root - DEBUG - STATE: 战前整备
2021-03-02 10:22:31,455 - root - DEBUG - ACTION: 放置队伍
2021-03-02 10:22:35,243 - root - DEBUG - ACTION: 开始作战
2021-03-02 10:22:47,161 - root - DEBUG - ACTION: 重启作战
2021-03-02 10:23:12,284 - root - DEBUG - STATE：进入地图
2021-03-02 10:23:12,285 - root - DEBUG - ACTION: 放置队伍
2021-03-02 10:23:16,166 - root - DEBUG - ACTION: 开始作战
2021-03-02 10:23:19,235 - root - DEBUG - ACTION: 计划模式
2021-03-02 10:25:46,044 - root - DEBUG - ACTION: 补给Zas
2021-03-02 10:25:59,462 - root - DEBUG - Error:12
2021-03-02 10:25:59,462 - root - DEBUG - ERROR：补给失败
2021-03-02 10:26:04,779 - root - DEBUG - STATE：模拟器桌面
2021-03-02 10:26:04,780 - root - DEBUG - ACTION: 启动游戏
2021-03-02 10:27:35,098 - root - DEBUG - STATE： 后勤结束界面
2021-03-02 10:27:35,098 - root - DEBUG - ACTION: 收派后勤
2021-03-02 10:27:42,159 - root - DEBUG - STATE： 返回作战界面
2021-03-02 10:27:42,159 - root - DEBUG - ACTION: 前往作战菜单-战斗中断
2021-03-02 10:27:47,765 - root - DEBUG - ACTION: 前往8-1n选择界面
2021-03-02 10:27:58,051 - root - DEBUG - ACTION: 终止8-1n
2021-03-02 10:28:04,879 - root - DEBUG - STATE： 8-1n界面
2021-03-02 10:28:04,880 - root - DEBUG - ACTION: 启动8-1n
2021-03-02 10:28:12,793 - root - DEBUG - STATE：进入地图
2021-03-02 10:28:12,794 - root - DEBUG - STATE: 战前整备
2021-03-02 10:28:40,987 - root - DEBUG - ACTION: 放置队伍
2021-03-02 10:28:44,639 - root - DEBUG - ACTION: 开始作战
