2021-07-09 18:01:29,018 - root - DEBUG - 开始操作
2021-07-09 18:01:29,253 - root - DEBUG - STATE： 主菜单界面
2021-07-09 18:01:29,253 - root - DEBUG - ACTION: 前往作战菜单
2021-07-09 18:01:34,556 - root - DEBUG - STATE： SC界面
2021-07-09 18:01:34,556 - root - DEBUG - ACTION: 进入裂变链接活动
2021-07-09 18:02:01,489 - root - DEBUG - STATE： 裂变链接第三章界面
2021-07-09 18:02:12,100 - root - DEBUG - STATE：地图
2021-07-09 18:02:12,100 - root - DEBUG - STATE: 战前整备
2021-07-09 18:02:25,380 - root - DEBUG - ACTION: 放置队伍
2021-07-09 18:02:35,502 - root - DEBUG - ACTION: 开始作战
2021-07-09 18:02:38,507 - root - DEBUG - ACTION: 计划模式
2021-07-09 18:03:14,628 - root - DEBUG - > 已运行：0:01:45.610737  踩点数: 1
2021-07-09 18:03:14,783 - root - DEBUG - STATE： 裂变链接第三章界面
2021-07-09 18:03:24,917 - root - DEBUG - STATE：地图
2021-07-09 18:03:24,918 - root - DEBUG - STATE: 战前整备
2021-07-09 18:03:38,092 - root - DEBUG - ACTION: 放置队伍
2021-07-09 18:03:42,635 - root - DEBUG - ACTION: 开始作战
2021-07-09 18:03:45,690 - root - DEBUG - ACTION: 计划模式
2021-07-09 18:04:19,659 - root - DEBUG - > 已运行：0:02:50.641073  踩点数: 2
2021-07-09 18:04:19,805 - root - DEBUG - STATE： 裂变链接第三章界面
2021-07-09 18:04:30,341 - root - DEBUG - STATE：地图
2021-07-09 18:04:30,342 - root - DEBUG - STATE: 战前整备
2021-07-09 18:04:43,388 - root - DEBUG - ACTION: 放置队伍
2021-07-09 18:04:49,165 - root - DEBUG - ACTION: 开始作战
2021-07-09 18:04:52,169 - root - DEBUG - ACTION: 计划模式
2021-07-09 18:05:28,315 - root - DEBUG - > 已运行：0:03:59.297588  踩点数: 3
2021-07-09 18:05:28,466 - root - DEBUG - STATE： 裂变链接第三章界面
2021-07-09 18:05:39,052 - root - DEBUG - STATE：地图
2021-07-09 18:05:39,053 - root - DEBUG - STATE: 战前整备
2021-07-09 18:05:52,068 - root - DEBUG - ACTION: 放置队伍
2021-07-09 18:06:01,455 - root - DEBUG - ACTION: 开始作战
2021-07-09 18:06:04,558 - root - DEBUG - ACTION: 计划模式
2021-07-09 18:06:39,252 - root - DEBUG - > 已运行：0:05:10.234525  踩点数: 4
2021-07-09 18:06:39,753 - root - DEBUG - ACTION: 跳转至主菜单
2021-07-09 18:06:47,506 - root - DEBUG - STATE： 主菜单界面
2021-07-09 18:06:47,507 - root - DEBUG - ACTION: 前往作战菜单
2021-07-09 18:06:52,990 - root - DEBUG - STATE： SC界面
2021-07-09 18:06:52,990 - root - DEBUG - ACTION: 进入裂变链接活动
2021-07-09 18:07:20,369 - root - DEBUG - STATE： 裂变链接第三章界面
2021-07-09 18:07:30,409 - root - DEBUG - STATE：地图
2021-07-09 18:07:30,410 - root - DEBUG - STATE: 战前整备
2021-07-09 18:07:43,536 - root - DEBUG - ACTION: 放置队伍
2021-07-09 18:07:52,061 - root - DEBUG - ACTION: 开始作战
2021-07-09 18:07:55,063 - root - DEBUG - ACTION: 计划模式
2021-07-09 18:08:29,662 - root - DEBUG - > 已运行：0:07:00.643925  踩点数: 5
2021-07-09 18:08:29,784 - root - DEBUG - STATE： 裂变链接第三章界面
2021-07-09 18:08:39,921 - root - DEBUG - STATE：地图
2021-07-09 18:08:39,922 - root - DEBUG - STATE: 战前整备
2021-07-09 18:08:53,021 - root - DEBUG - ACTION: 放置队伍
2021-07-09 18:09:02,168 - root - DEBUG - ACTION: 开始作战
2021-07-09 18:09:05,271 - root - DEBUG - ACTION: 计划模式
2021-07-09 18:09:39,841 - root - DEBUG - > 已运行：0:08:10.823215  踩点数: 6
2021-07-09 18:09:39,970 - root - DEBUG - STATE： 裂变链接第三章界面
2021-07-09 18:09:50,154 - root - DEBUG - STATE：地图
2021-07-09 18:09:50,154 - root - DEBUG - STATE: 战前整备
2021-07-09 18:10:03,403 - root - DEBUG - ACTION: 放置队伍
2021-07-09 18:10:10,954 - root - DEBUG - ACTION: 开始作战
2021-07-09 18:10:13,929 - root - DEBUG - ACTION: 计划模式
2021-07-09 18:10:49,154 - root - DEBUG - > 已运行：0:09:20.136563  踩点数: 7
2021-07-09 18:10:49,301 - root - DEBUG - STATE： 裂变链接第三章界面
2021-07-09 18:10:59,187 - root - DEBUG - STATE：地图
2021-07-09 18:10:59,188 - root - DEBUG - STATE: 战前整备
2021-07-09 18:11:12,309 - root - DEBUG - ACTION: 放置队伍
2021-07-09 18:11:19,610 - root - DEBUG - ACTION: 开始作战
2021-07-09 18:11:22,592 - root - DEBUG - ACTION: 计划模式
2021-07-09 18:11:56,533 - root - DEBUG - > 已运行：0:10:27.515156  踩点数: 8
2021-07-09 18:11:57,035 - root - DEBUG - ACTION: 跳转至主菜单
2021-07-09 18:12:04,968 - root - DEBUG - STATE： 后勤结束界面
2021-07-09 18:12:04,969 - root - DEBUG - ACTION: 收派后勤
2021-07-09 18:12:11,670 - root - DEBUG - STATE： 主菜单界面
2021-07-09 18:12:11,671 - root - DEBUG - ACTION: 前往作战菜单
2021-07-09 18:12:17,454 - root - DEBUG - STATE： SC界面
2021-07-09 18:12:17,455 - root - DEBUG - ACTION: 进入裂变链接活动
2021-07-09 18:12:44,534 - root - DEBUG - STATE： 裂变链接第三章界面
2021-07-09 18:12:54,373 - root - DEBUG - STATE：地图
2021-07-09 18:12:54,373 - root - DEBUG - STATE: 战前整备
2021-07-09 18:13:07,452 - root - DEBUG - ACTION: 放置队伍
2021-07-09 18:13:10,999 - root - DEBUG - ACTION: 开始作战
2021-07-09 18:13:14,571 - root - DEBUG - ACTION: 计划模式
2021-07-09 18:13:50,245 - root - DEBUG - > 已运行：0:12:21.227569  踩点数: 9
2021-07-09 18:13:50,396 - root - DEBUG - STATE： 裂变链接第三章界面
2021-07-09 18:14:01,331 - root - DEBUG - STATE：地图
2021-07-09 18:14:01,332 - root - DEBUG - STATE: 战前整备
2021-07-09 18:14:14,233 - root - DEBUG - ACTION: 放置队伍
2021-07-09 18:14:17,398 - root - DEBUG - ACTION: 开始作战
2021-07-09 18:14:20,455 - root - DEBUG - ACTION: 计划模式
2021-07-09 18:14:58,875 - root - DEBUG - > 已运行：0:13:29.857474  踩点数: 10
2021-07-09 18:14:59,026 - root - DEBUG - STATE： 裂变链接第三章界面
2021-07-09 18:15:09,392 - root - DEBUG - ERROR： 当前状态未知!
2021-07-09 18:15:14,419 - root - DEBUG - STATE：地图
2021-07-09 18:15:14,420 - root - DEBUG - STATE: 战前整备
2021-07-09 18:15:27,882 - root - DEBUG - ACTION: 放置队伍
2021-07-09 18:15:31,114 - root - DEBUG - ACTION: 开始作战
2021-07-09 18:15:34,120 - root - DEBUG - ACTION: 计划模式
2021-07-09 18:16:08,862 - root - DEBUG - > 已运行：0:14:39.844713  踩点数: 11
2021-07-09 18:16:09,010 - root - DEBUG - STATE： 裂变链接第三章界面
2021-07-09 18:16:19,524 - root - DEBUG - STATE：地图
2021-07-09 18:16:19,524 - root - DEBUG - STATE: 战前整备
2021-07-09 18:16:32,542 - root - DEBUG - ACTION: 放置队伍
2021-07-09 18:16:37,665 - root - DEBUG - ACTION: 开始作战
2021-07-09 18:16:40,669 - root - DEBUG - ACTION: 计划模式
2021-07-09 18:17:15,819 - root - DEBUG - > 已运行：0:15:46.801065  踩点数: 12
2021-07-09 18:17:16,321 - root - DEBUG - ACTION: 跳转至主菜单
2021-07-09 18:17:24,297 - root - DEBUG - STATE： 主菜单界面
2021-07-09 18:17:24,297 - root - DEBUG - ACTION: 前往作战菜单
2021-07-09 18:17:29,454 - root - DEBUG - STATE： SC界面
2021-07-09 18:17:29,455 - root - DEBUG - ACTION: 进入裂变链接活动
2021-07-09 18:17:56,710 - root - DEBUG - STATE： 裂变链接第三章界面
2021-07-09 18:18:07,227 - root - DEBUG - STATE：地图
2021-07-09 18:18:07,228 - root - DEBUG - STATE: 战前整备
2021-07-09 18:18:20,724 - root - DEBUG - ACTION: 放置队伍
2021-07-09 18:18:26,972 - root - DEBUG - ACTION: 开始作战
2021-07-09 18:18:29,955 - root - DEBUG - ACTION: 计划模式
2021-07-09 18:19:03,696 - root - DEBUG - > 已运行：0:17:34.678497  踩点数: 13
2021-07-09 18:19:04,150 - root - DEBUG - ERROR： 当前状态未知!
2021-07-09 18:19:09,250 - root - DEBUG - STATE： 裂变链接第三章界面
2021-07-09 18:19:19,589 - root - DEBUG - STATE：地图
2021-07-09 18:19:19,590 - root - DEBUG - STATE: 战前整备
2021-07-09 18:19:32,776 - root - DEBUG - ACTION: 放置队伍
2021-07-09 18:19:40,014 - root - DEBUG - ACTION: 开始作战
2021-07-09 18:19:43,092 - root - DEBUG - ACTION: 计划模式
2021-07-09 18:20:19,040 - root - DEBUG - > 已运行：0:18:50.022575  踩点数: 14
2021-07-09 18:20:19,161 - root - DEBUG - STATE： 裂变链接第三章界面
2021-07-09 18:20:29,496 - root - DEBUG - STATE：地图
2021-07-09 18:20:29,497 - root - DEBUG - STATE: 战前整备
2021-07-09 18:20:42,319 - root - DEBUG - ACTION: 放置队伍
2021-07-09 18:20:48,546 - root - DEBUG - ACTION: 开始作战
2021-07-09 18:20:51,551 - root - DEBUG - ACTION: 计划模式
2021-07-09 18:21:25,796 - root - DEBUG - > 已运行：0:19:56.778065  踩点数: 15
2021-07-09 18:21:25,942 - root - DEBUG - STATE： 裂变链接第三章界面
2021-07-09 18:21:36,454 - root - DEBUG - STATE：地图
2021-07-09 18:21:36,454 - root - DEBUG - STATE: 战前整备
2021-07-09 18:21:49,821 - root - DEBUG - ACTION: 放置队伍
2021-07-09 18:21:57,600 - root - DEBUG - ACTION: 开始作战
2021-07-09 18:22:00,632 - root - DEBUG - ACTION: 计划模式
2021-07-09 18:22:35,276 - root - DEBUG - > 已运行：0:21:06.258195  踩点数: 16
2021-07-09 18:22:35,778 - root - DEBUG - ACTION: 跳转至主菜单
2021-07-09 18:22:43,286 - root - DEBUG - STATE： 主菜单界面
2021-07-09 18:22:43,287 - root - DEBUG - ACTION: 前往作战菜单
2021-07-09 18:22:48,637 - root - DEBUG - STATE： SC界面
2021-07-09 18:22:48,638 - root - DEBUG - ACTION: 进入裂变链接活动
2021-07-09 18:23:15,648 - root - DEBUG - STATE： 裂变链接第三章界面
2021-07-09 18:23:25,634 - root - DEBUG - STATE：地图
2021-07-09 18:23:25,634 - root - DEBUG - STATE: 战前整备
2021-07-09 18:23:39,017 - root - DEBUG - ACTION: 放置队伍
2021-07-09 18:23:45,204 - root - DEBUG - ACTION: 开始作战
2021-07-09 18:23:48,161 - root - DEBUG - ACTION: 计划模式
2021-07-09 18:24:21,779 - root - DEBUG - > 已运行：0:22:52.761705  踩点数: 17
2021-07-09 18:24:21,931 - root - DEBUG - STATE： 裂变链接第三章界面
2021-07-09 18:24:32,166 - root - DEBUG - STATE：地图
2021-07-09 18:24:32,167 - root - DEBUG - STATE: 战前整备
2021-07-09 18:24:45,390 - root - DEBUG - ACTION: 放置队伍
2021-07-09 18:24:50,538 - root - DEBUG - ACTION: 开始作战
2021-07-09 18:24:53,539 - root - DEBUG - ACTION: 计划模式
2021-07-09 18:25:28,910 - root - DEBUG - > 已运行：0:23:59.891947  踩点数: 18
2021-07-09 18:25:29,035 - root - DEBUG - STATE： 裂变链接第三章界面
2021-07-09 18:25:39,067 - root - DEBUG - STATE：地图
2021-07-09 18:25:39,068 - root - DEBUG - STATE: 战前整备
2021-07-09 18:25:52,210 - root - DEBUG - ACTION: 放置队伍
2021-07-09 18:25:58,195 - root - DEBUG - ACTION: 开始作战
2021-07-09 18:26:01,323 - root - DEBUG - ACTION: 计划模式
2021-07-09 18:26:37,294 - root - DEBUG - > 已运行：0:25:08.276654  踩点数: 19
2021-07-09 18:26:37,442 - root - DEBUG - STATE： 裂变链接第三章界面
2021-07-09 18:26:48,002 - root - DEBUG - STATE：地图
2021-07-09 18:26:48,002 - root - DEBUG - STATE: 战前整备
2021-07-09 18:27:00,992 - root - DEBUG - ACTION: 放置队伍
2021-07-09 18:27:09,755 - root - DEBUG - ACTION: 开始作战
2021-07-09 18:27:12,805 - root - DEBUG - ACTION: 计划模式
2021-07-09 18:27:48,502 - root - DEBUG - > 已运行：0:26:19.483490  踩点数: 20
2021-07-09 18:27:49,005 - root - DEBUG - ACTION: 跳转至主菜单
2021-07-09 18:27:56,659 - root - DEBUG - STATE： 主菜单界面
2021-07-09 18:27:56,659 - root - DEBUG - ACTION: 前往作战菜单
2021-07-09 18:28:01,840 - root - DEBUG - STATE： SC界面
2021-07-09 18:28:01,841 - root - DEBUG - ACTION: 进入裂变链接活动
2021-07-09 18:28:29,325 - root - DEBUG - STATE： 裂变链接第三章界面
2021-07-09 18:28:40,336 - root - DEBUG - STATE：地图
2021-07-09 18:28:40,336 - root - DEBUG - STATE: 战前整备
2021-07-09 18:28:53,199 - root - DEBUG - ACTION: 放置队伍
2021-07-09 18:28:57,433 - root - DEBUG - ACTION: 开始作战
2021-07-09 18:29:00,535 - root - DEBUG - ACTION: 计划模式
2021-07-09 18:29:36,809 - root - DEBUG - > 已运行：0:28:07.791541  踩点数: 21
2021-07-09 18:29:36,961 - root - DEBUG - STATE： 裂变链接第三章界面
2021-07-09 18:29:47,645 - root - DEBUG - STATE：地图
2021-07-09 18:29:47,645 - root - DEBUG - STATE: 战前整备
2021-07-09 18:30:00,633 - root - DEBUG - ACTION: 放置队伍
2021-07-09 18:30:05,437 - root - DEBUG - ACTION: 开始作战
2021-07-09 18:30:08,520 - root - DEBUG - ACTION: 计划模式
2021-07-09 18:30:44,164 - root - DEBUG - > 已运行：0:29:15.146080  踩点数: 22
2021-07-09 18:30:44,313 - root - DEBUG - STATE： 裂变链接第三章界面
2021-07-09 18:30:53,998 - root - DEBUG - STATE：地图
2021-07-09 18:30:53,998 - root - DEBUG - STATE: 战前整备
2021-07-09 18:31:07,347 - root - DEBUG - ACTION: 放置队伍
2021-07-09 18:31:10,495 - root - DEBUG - ACTION: 开始作战
2021-07-09 18:31:13,570 - root - DEBUG - ACTION: 计划模式
2021-07-09 18:31:49,167 - root - DEBUG - > 已运行：0:30:20.149576  踩点数: 23
2021-07-09 18:31:49,294 - root - DEBUG - STATE： 裂变链接第三章界面
2021-07-09 18:31:59,755 - root - DEBUG - STATE：地图
2021-07-09 18:31:59,755 - root - DEBUG - STATE: 战前整备
2021-07-09 18:32:12,894 - root - DEBUG - ACTION: 放置队伍
2021-07-09 18:32:17,852 - root - DEBUG - ACTION: 开始作战
2021-07-09 18:32:20,856 - root - DEBUG - ACTION: 计划模式
2021-07-09 18:32:55,799 - root - DEBUG - > 已运行：0:31:26.781233  踩点数: 24
2021-07-09 18:32:56,301 - root - DEBUG - ACTION: 跳转至主菜单
2021-07-09 18:33:04,258 - root - DEBUG - STATE： 主菜单界面
2021-07-09 18:33:04,258 - root - DEBUG - ACTION: 前往作战菜单
2021-07-09 18:33:09,610 - root - DEBUG - STATE： SC界面
2021-07-09 18:33:09,610 - root - DEBUG - ACTION: 进入裂变链接活动
2021-07-09 18:33:36,667 - root - DEBUG - STATE： 裂变链接第三章界面
2021-07-09 18:33:46,731 - root - DEBUG - STATE：地图
2021-07-09 18:33:46,732 - root - DEBUG - STATE: 战前整备
2021-07-09 18:33:59,919 - root - DEBUG - ACTION: 放置队伍
2021-07-09 18:34:03,477 - root - DEBUG - ACTION: 开始作战
2021-07-09 18:34:06,529 - root - DEBUG - ACTION: 计划模式
2021-07-09 18:34:45,055 - root - DEBUG - > 已运行：0:33:16.036909  踩点数: 25
2021-07-09 18:34:45,177 - root - DEBUG - STATE： 裂变链接第三章界面
2021-07-09 18:34:56,244 - root - DEBUG - ERROR： 当前状态未知!
2021-07-09 18:35:01,300 - root - DEBUG - STATE：地图
2021-07-09 18:35:01,301 - root - DEBUG - STATE: 战前整备
2021-07-09 18:35:14,215 - root - DEBUG - ACTION: 放置队伍
2021-07-09 18:35:19,419 - root - DEBUG - ACTION: 开始作战
2021-07-09 18:35:22,446 - root - DEBUG - ACTION: 计划模式
2021-07-09 18:35:57,393 - root - DEBUG - > 已运行：0:34:28.375286  踩点数: 26
2021-07-09 18:35:57,548 - root - DEBUG - STATE： 裂变链接第三章界面
2021-07-09 18:36:08,126 - root - DEBUG - STATE：地图
2021-07-09 18:36:08,127 - root - DEBUG - STATE: 战前整备
2021-07-09 18:36:21,420 - root - DEBUG - ACTION: 放置队伍
2021-07-09 18:36:26,051 - root - DEBUG - ACTION: 开始作战
2021-07-09 18:36:29,127 - root - DEBUG - ACTION: 计划模式
2021-07-09 18:37:04,873 - root - DEBUG - > 已运行：0:35:35.855680  踩点数: 27
2021-07-09 18:37:05,023 - root - DEBUG - STATE： 裂变链接第三章界面
2021-07-09 18:37:15,229 - root - DEBUG - STATE：地图
2021-07-09 18:37:15,230 - root - DEBUG - STATE: 战前整备
2021-07-09 18:37:28,249 - root - DEBUG - ACTION: 放置队伍
2021-07-09 18:37:33,956 - root - DEBUG - ACTION: 开始作战
2021-07-09 18:37:37,032 - root - DEBUG - ACTION: 计划模式
2021-07-09 18:38:12,027 - root - DEBUG - > 已运行：0:36:43.009122  踩点数: 28
2021-07-09 18:38:12,529 - root - DEBUG - ACTION: 跳转至主菜单
2021-07-09 18:38:20,563 - root - DEBUG - STATE： 主菜单界面
2021-07-09 18:38:20,563 - root - DEBUG - ACTION: 前往作战菜单
2021-07-09 18:38:26,618 - root - DEBUG - STATE： SC界面
2021-07-09 18:38:26,618 - root - DEBUG - ACTION: 进入裂变链接活动
2021-07-09 18:38:54,399 - root - DEBUG - STATE： 裂变链接第三章界面
2021-07-09 18:39:04,662 - root - DEBUG - STATE：地图
2021-07-09 18:39:04,663 - root - DEBUG - STATE: 战前整备
2021-07-09 18:39:17,496 - root - DEBUG - ACTION: 放置队伍
2021-07-09 18:39:21,060 - root - DEBUG - ACTION: 开始作战
2021-07-09 18:39:24,189 - root - DEBUG - ACTION: 计划模式
2021-07-09 18:39:57,979 - root - DEBUG - > 已运行：0:38:28.961433  踩点数: 29
2021-07-09 18:39:58,407 - root - DEBUG - ERROR： 当前状态未知!
2021-07-09 18:40:03,532 - root - DEBUG - STATE： 裂变链接第三章界面
2021-07-09 18:40:13,596 - root - DEBUG - STATE：地图
2021-07-09 18:40:13,597 - root - DEBUG - STATE: 战前整备
2021-07-09 18:40:26,613 - root - DEBUG - ACTION: 放置队伍
2021-07-09 18:40:33,367 - root - DEBUG - ACTION: 开始作战
2021-07-09 18:40:36,397 - root - DEBUG - ACTION: 计划模式
2021-07-09 18:41:11,219 - root - DEBUG - > 已运行：0:39:42.201706  踩点数: 30
2021-07-09 18:41:11,369 - root - DEBUG - STATE： 裂变链接第三章界面
2021-07-09 18:41:21,729 - root - DEBUG - STATE：地图
2021-07-09 18:41:21,730 - root - DEBUG - STATE: 战前整备
2021-07-09 18:41:34,847 - root - DEBUG - ACTION: 放置队伍
2021-07-09 18:41:41,575 - root - DEBUG - ACTION: 开始作战
2021-07-09 18:41:45,058 - root - DEBUG - ACTION: 计划模式
2021-07-09 18:42:19,827 - root - DEBUG - > 已运行：0:40:50.809169  踩点数: 31
2021-07-09 18:42:19,978 - root - DEBUG - STATE： 裂变链接第三章界面
2021-07-09 18:42:30,434 - root - DEBUG - STATE：地图
2021-07-09 18:42:30,434 - root - DEBUG - STATE: 战前整备
2021-07-09 18:42:43,763 - root - DEBUG - ACTION: 放置队伍
2021-07-09 18:42:51,789 - root - DEBUG - ACTION: 开始作战
2021-07-09 18:42:54,865 - root - DEBUG - ACTION: 计划模式
2021-07-09 18:43:29,435 - root - DEBUG - > 已运行：0:42:00.417704  踩点数: 32
2021-07-09 18:43:29,936 - root - DEBUG - ACTION: 跳转至主菜单
2021-07-09 18:43:37,842 - root - DEBUG - STATE： 主菜单界面
2021-07-09 18:43:37,842 - root - DEBUG - ACTION: 前往作战菜单
2021-07-09 18:43:43,449 - root - DEBUG - STATE： SC界面
2021-07-09 18:43:43,449 - root - DEBUG - ACTION: 进入裂变链接活动
2021-07-09 18:44:11,458 - root - DEBUG - STATE： 裂变链接第三章界面
2021-07-09 18:44:21,143 - root - DEBUG - STATE：地图
2021-07-09 18:44:21,144 - root - DEBUG - STATE: 战前整备
2021-07-09 18:44:34,202 - root - DEBUG - ACTION: 放置队伍
2021-07-09 18:44:39,417 - root - DEBUG - ACTION: 开始作战
2021-07-09 18:44:42,467 - root - DEBUG - ACTION: 计划模式
2021-07-09 18:45:16,913 - root - DEBUG - > 已运行：0:43:47.895381  踩点数: 33
2021-07-09 18:45:17,064 - root - DEBUG - STATE： 裂变链接第三章界面
2021-07-09 18:45:27,625 - root - DEBUG - STATE：地图
2021-07-09 18:45:27,626 - root - DEBUG - STATE: 战前整备
2021-07-09 18:45:40,800 - root - DEBUG - ACTION: 放置队伍
2021-07-09 18:45:46,598 - root - DEBUG - ACTION: 开始作战
2021-07-09 18:45:49,675 - root - DEBUG - ACTION: 计划模式
2021-07-09 18:46:24,193 - root - DEBUG - > 已运行：0:44:55.175046  踩点数: 34
2021-07-09 18:46:24,342 - root - DEBUG - STATE： 裂变链接第三章界面
2021-07-09 18:46:35,029 - root - DEBUG - STATE：地图
2021-07-09 18:46:35,029 - root - DEBUG - STATE: 战前整备
2021-07-09 18:46:48,207 - root - DEBUG - ACTION: 放置队伍
2021-07-09 18:46:52,928 - root - DEBUG - ACTION: 开始作战
2021-07-09 18:46:56,029 - root - DEBUG - ACTION: 计划模式
2021-07-09 18:47:30,801 - root - DEBUG - > 已运行：0:46:01.783519  踩点数: 35
2021-07-09 18:47:30,951 - root - DEBUG - STATE： 裂变链接第三章界面
2021-07-09 18:47:41,161 - root - DEBUG - STATE：地图
2021-07-09 18:47:41,162 - root - DEBUG - STATE: 战前整备
2021-07-09 18:47:54,362 - root - DEBUG - ACTION: 放置队伍
2021-07-09 18:47:59,931 - root - DEBUG - ACTION: 开始作战
2021-07-09 18:48:02,913 - root - DEBUG - ACTION: 计划模式
2021-07-09 18:48:38,882 - root - DEBUG - > 已运行：0:47:09.863876  踩点数: 36
2021-07-09 18:48:39,382 - root - DEBUG - ACTION: 跳转至主菜单
2021-07-09 18:48:46,836 - root - DEBUG - STATE： 后勤结束界面
2021-07-09 18:48:46,836 - root - DEBUG - ACTION: 收派后勤
2021-07-09 18:48:53,822 - root - DEBUG - STATE： 后勤结束界面
2021-07-09 18:48:53,822 - root - DEBUG - ACTION: 收派后勤
2021-07-09 18:49:00,482 - root - DEBUG - STATE： 主菜单界面
2021-07-09 18:49:00,483 - root - DEBUG - ACTION: 前往作战菜单
2021-07-09 18:49:06,013 - root - DEBUG - STATE： SC界面
2021-07-09 18:49:06,014 - root - DEBUG - ACTION: 进入裂变链接活动
2021-07-09 18:49:32,967 - root - DEBUG - STATE： 裂变链接第三章界面
2021-07-09 18:49:43,530 - root - DEBUG - STATE：地图
2021-07-09 18:49:43,530 - root - DEBUG - STATE: 战前整备
2021-07-09 18:49:56,639 - root - DEBUG - ACTION: 放置队伍
2021-07-09 18:49:59,900 - root - DEBUG - ACTION: 开始作战
2021-07-09 18:50:03,503 - root - DEBUG - ACTION: 计划模式
2021-07-09 18:50:38,425 - root - DEBUG - > 已运行：0:49:09.407806  踩点数: 37
2021-07-09 18:50:38,877 - root - DEBUG - ERROR： 当前状态未知!
2021-07-09 18:50:43,954 - root - DEBUG - STATE： 裂变链接第三章界面
2021-07-09 18:50:54,040 - root - DEBUG - STATE：地图
2021-07-09 18:50:54,040 - root - DEBUG - STATE: 战前整备
2021-07-09 18:51:07,306 - root - DEBUG - ACTION: 放置队伍
2021-07-09 18:51:10,535 - root - DEBUG - ACTION: 开始作战
2021-07-09 18:51:13,592 - root - DEBUG - ACTION: 计划模式
2021-07-09 18:51:50,313 - root - DEBUG - > 已运行：0:50:21.294964  踩点数: 38
2021-07-09 18:51:50,463 - root - DEBUG - STATE： 裂变链接第三章界面
2021-07-09 18:52:01,070 - root - DEBUG - STATE：地图
2021-07-09 18:52:01,071 - root - DEBUG - STATE: 战前整备
2021-07-09 18:52:14,234 - root - DEBUG - ACTION: 放置队伍
2021-07-09 18:52:19,043 - root - DEBUG - ACTION: 开始作战
2021-07-09 18:52:22,149 - root - DEBUG - ACTION: 计划模式
2021-07-09 18:52:58,095 - root - DEBUG - > 已运行：0:51:29.077751  踩点数: 39
2021-07-09 18:52:58,220 - root - DEBUG - STATE： 裂变链接第三章界面
2021-07-09 18:53:07,978 - root - DEBUG - STATE：地图
2021-07-09 18:53:07,979 - root - DEBUG - STATE: 战前整备
2021-07-09 18:53:21,206 - root - DEBUG - ACTION: 放置队伍
2021-07-09 18:53:24,496 - root - DEBUG - ACTION: 开始作战
2021-07-09 18:53:27,554 - root - DEBUG - ACTION: 计划模式
2021-07-09 18:54:04,974 - root - DEBUG - > 已运行：0:52:35.956603  踩点数: 40
2021-07-09 18:54:05,475 - root - DEBUG - ACTION: 跳转至主菜单
2021-07-09 18:54:13,307 - root - DEBUG - STATE： 主菜单界面
2021-07-09 18:54:13,310 - root - DEBUG - ACTION: 前往作战菜单
2021-07-09 18:54:18,717 - root - DEBUG - ERROR： 当前状态未知!
2021-07-09 18:54:23,868 - root - DEBUG - STATE： SC界面
2021-07-09 18:54:23,869 - root - DEBUG - ACTION: 进入裂变链接活动
2021-07-09 18:54:51,975 - root - DEBUG - STATE： 裂变链接第三章界面
2021-07-09 18:55:02,064 - root - DEBUG - STATE：地图
2021-07-09 18:55:02,064 - root - DEBUG - STATE: 战前整备
2021-07-09 18:55:14,895 - root - DEBUG - ACTION: 放置队伍
2021-07-09 18:55:18,433 - root - DEBUG - ACTION: 开始作战
2021-07-09 18:55:21,491 - root - DEBUG - ACTION: 计划模式
2021-07-09 18:55:56,484 - root - DEBUG - > 已运行：0:54:27.465028  踩点数: 41
2021-07-09 18:55:56,633 - root - DEBUG - STATE： 裂变链接第三章界面
2021-07-09 18:56:07,244 - root - DEBUG - STATE：地图
2021-07-09 18:56:07,245 - root - DEBUG - STATE: 战前整备
2021-07-09 18:56:20,671 - root - DEBUG - ACTION: 放置队伍
2021-07-09 18:56:24,163 - root - DEBUG - ACTION: 开始作战
2021-07-09 18:56:27,193 - root - DEBUG - ACTION: 计划模式
2021-07-09 18:57:01,811 - root - DEBUG - > 已运行：0:55:32.793796  踩点数: 42
2021-07-09 18:57:01,960 - root - DEBUG - STATE： 裂变链接第三章界面
2021-07-09 18:57:12,423 - root - DEBUG - STATE：地图
2021-07-09 18:57:12,423 - root - DEBUG - STATE: 战前整备
2021-07-09 18:57:25,469 - root - DEBUG - ACTION: 放置队伍
2021-07-09 18:57:28,739 - root - DEBUG - ACTION: 开始作战
2021-07-09 18:57:31,796 - root - DEBUG - ACTION: 计划模式
2021-07-09 18:58:06,638 - root - DEBUG - > 已运行：0:56:37.620020  踩点数: 43
2021-07-09 18:58:06,740 - root - DEBUG - STATE： 裂变链接第三章界面
2021-07-09 18:58:17,225 - root - DEBUG - STATE：地图
2021-07-09 18:58:17,225 - root - DEBUG - STATE: 战前整备
2021-07-09 18:58:30,360 - root - DEBUG - ACTION: 放置队伍
2021-07-09 18:58:35,249 - root - DEBUG - ACTION: 开始作战
2021-07-09 18:58:38,298 - root - DEBUG - ACTION: 计划模式
2021-07-09 18:59:12,870 - root - DEBUG - > 已运行：0:57:43.851529  踩点数: 44
2021-07-09 18:59:13,370 - root - DEBUG - ACTION: 跳转至主菜单
2021-07-09 18:59:20,352 - root - DEBUG - STATE： 主菜单界面
2021-07-09 18:59:20,353 - root - DEBUG - ACTION: 前往作战菜单
2021-07-09 18:59:26,031 - root - DEBUG - STATE： SC界面
2021-07-09 18:59:26,031 - root - DEBUG - ACTION: 进入裂变链接活动
2021-07-09 18:59:29,012 - root - DEBUG - STATE： 裂变链接第三章界面
2021-07-09 18:59:39,472 - root - DEBUG - STATE：地图
2021-07-09 18:59:39,472 - root - DEBUG - STATE: 战前整备
2021-07-09 18:59:52,446 - root - DEBUG - ACTION: 放置队伍
2021-07-09 18:59:56,068 - root - DEBUG - ACTION: 开始作战
2021-07-09 18:59:59,097 - root - DEBUG - ACTION: 计划模式
2021-07-09 19:00:34,365 - root - DEBUG - > 已运行：0:59:05.347403  踩点数: 45
2021-07-09 19:00:34,492 - root - DEBUG - STATE： 裂变链接第三章界面
2021-07-09 19:00:44,554 - root - DEBUG - STATE：地图
2021-07-09 19:00:44,554 - root - DEBUG - STATE: 战前整备
2021-07-09 19:00:57,539 - root - DEBUG - ACTION: 放置队伍
2021-07-09 19:01:03,626 - root - DEBUG - ACTION: 开始作战
2021-07-09 19:01:06,680 - root - DEBUG - ACTION: 计划模式
2021-07-09 19:01:41,450 - root - DEBUG - > 已运行：1:00:12.432120  踩点数: 46
2021-07-09 19:01:41,601 - root - DEBUG - STATE： 裂变链接第三章界面
2021-07-09 19:01:51,785 - root - DEBUG - STATE：地图
2021-07-09 19:01:51,786 - root - DEBUG - STATE: 战前整备
2021-07-09 19:02:05,062 - root - DEBUG - ACTION: 放置队伍
2021-07-09 19:02:08,200 - root - DEBUG - ACTION: 开始作战
2021-07-09 19:02:11,258 - root - DEBUG - ACTION: 计划模式
2021-07-09 19:02:44,650 - root - DEBUG - > 已运行：1:01:15.632813  踩点数: 47
2021-07-09 19:02:45,074 - root - DEBUG - ERROR： 当前状态未知!
2021-07-09 19:02:50,153 - root - DEBUG - STATE： 裂变链接第三章界面
2021-07-09 19:03:00,020 - root - DEBUG - STATE：地图
2021-07-09 19:03:00,024 - root - DEBUG - STATE: 战前整备
2021-07-09 19:03:13,054 - root - DEBUG - ACTION: 放置队伍
2021-07-09 19:03:17,761 - root - DEBUG - ACTION: 开始作战
2021-07-09 19:03:20,839 - root - DEBUG - ACTION: 计划模式
2021-07-09 19:03:55,888 - root - DEBUG - > 已运行：1:02:26.870159  踩点数: 48
2021-07-09 19:03:56,390 - root - DEBUG - ACTION: 跳转至主菜单
2021-07-09 19:04:03,319 - root - DEBUG - STATE： 主菜单界面
2021-07-09 19:04:03,319 - root - DEBUG - ACTION: 前往作战菜单
2021-07-09 19:04:08,750 - root - DEBUG - STATE： SC界面
2021-07-09 19:04:08,750 - root - DEBUG - ACTION: 进入裂变链接活动
2021-07-09 19:04:35,802 - root - DEBUG - STATE： 裂变链接第三章界面
2021-07-09 19:04:46,494 - root - DEBUG - STATE：地图
2021-07-09 19:04:46,494 - root - DEBUG - STATE: 战前整备
2021-07-09 19:05:00,017 - root - DEBUG - ACTION: 放置队伍
2021-07-09 19:05:04,364 - root - DEBUG - ACTION: 开始作战
2021-07-09 19:05:07,320 - root - DEBUG - ACTION: 计划模式
2021-07-09 19:05:41,561 - root - DEBUG - > 已运行：1:04:12.543186  踩点数: 49
2021-07-09 19:05:42,015 - root - DEBUG - ERROR： 当前状态未知!
2021-07-09 19:05:47,092 - root - DEBUG - STATE： 裂变链接第三章界面
2021-07-09 19:05:57,958 - root - DEBUG - STATE：地图
2021-07-09 19:05:57,958 - root - DEBUG - STATE: 战前整备
2021-07-09 19:06:11,305 - root - DEBUG - ACTION: 放置队伍
2021-07-09 19:06:22,059 - root - DEBUG - ACTION: 开始作战
2021-07-09 19:06:25,114 - root - DEBUG - ACTION: 计划模式
2021-07-09 19:07:01,209 - root - DEBUG - > 已运行：1:05:32.191056  踩点数: 50
2021-07-09 19:07:01,359 - root - DEBUG - STATE： 裂变链接第三章界面
2021-07-09 19:07:11,843 - root - DEBUG - STATE：地图
2021-07-09 19:07:11,844 - root - DEBUG - STATE: 战前整备
2021-07-09 19:07:25,044 - root - DEBUG - ACTION: 放置队伍
2021-07-09 19:07:31,094 - root - DEBUG - ACTION: 开始作战
2021-07-09 19:07:34,196 - root - DEBUG - ACTION: 计划模式
2021-07-09 19:08:08,691 - root - DEBUG - > 已运行：1:06:39.673315  踩点数: 51
2021-07-09 19:08:09,118 - root - DEBUG - ERROR： 当前状态未知!
2021-07-09 19:08:14,220 - root - DEBUG - STATE： 裂变链接第三章界面
2021-07-09 19:08:24,158 - root - DEBUG - STATE：地图
2021-07-09 19:08:24,158 - root - DEBUG - STATE: 战前整备
2021-07-09 19:08:37,300 - root - DEBUG - ACTION: 放置队伍
2021-07-09 19:08:42,100 - root - DEBUG - ACTION: 开始作战
2021-07-09 19:08:45,082 - root - DEBUG - ACTION: 计划模式
2021-07-09 19:09:20,700 - root - DEBUG - > 已运行：1:07:51.682432  踩点数: 52
2021-07-09 19:09:21,202 - root - DEBUG - ACTION: 跳转至主菜单
2021-07-09 19:09:28,329 - root - DEBUG - STATE： 主菜单界面
2021-07-09 19:09:28,329 - root - DEBUG - ACTION: 前往作战菜单
2021-07-09 19:09:33,763 - root - DEBUG - STATE： SC界面
2021-07-09 19:09:33,763 - root - DEBUG - ACTION: 进入裂变链接活动
2021-07-09 19:10:01,369 - root - DEBUG - STATE： 裂变链接第三章界面
2021-07-09 19:10:11,761 - root - DEBUG - STATE：地图
2021-07-09 19:10:11,761 - root - DEBUG - STATE: 战前整备
2021-07-09 19:10:25,196 - root - DEBUG - ACTION: 放置队伍
2021-07-09 19:10:28,557 - root - DEBUG - ACTION: 开始作战
2021-07-09 19:10:32,561 - root - DEBUG - ACTION: 计划模式
2021-07-09 19:11:08,358 - root - DEBUG - > 已运行：1:09:39.339961  踩点数: 53
2021-07-09 19:11:08,481 - root - DEBUG - STATE： 裂变链接第三章界面
2021-07-09 19:11:18,438 - root - DEBUG - STATE：地图
2021-07-09 19:11:18,438 - root - DEBUG - STATE: 战前整备
2021-07-09 19:11:31,902 - root - DEBUG - ACTION: 放置队伍
2021-07-09 19:11:37,963 - root - DEBUG - ACTION: 开始作战
2021-07-09 19:11:41,093 - root - DEBUG - ACTION: 计划模式
2021-07-09 19:12:19,417 - root - DEBUG - > 已运行：1:10:50.398076  踩点数: 54
2021-07-09 19:12:19,564 - root - DEBUG - STATE： 裂变链接第三章界面
2021-07-09 19:12:29,804 - root - DEBUG - ERROR： 当前状态未知!
2021-07-09 19:12:34,834 - root - DEBUG - STATE：地图
2021-07-09 19:12:34,834 - root - DEBUG - STATE: 战前整备
2021-07-09 19:12:47,738 - root - DEBUG - ACTION: 放置队伍
2021-07-09 19:12:51,327 - root - DEBUG - ACTION: 开始作战
2021-07-09 19:12:54,404 - root - DEBUG - ACTION: 计划模式
2021-07-09 19:13:29,074 - root - DEBUG - > 已运行：1:12:00.056568  踩点数: 55
2021-07-09 19:13:29,225 - root - DEBUG - STATE： 裂变链接第三章界面
2021-07-09 19:13:40,063 - root - DEBUG - STATE：地图
2021-07-09 19:13:40,063 - root - DEBUG - STATE: 战前整备
2021-07-09 19:13:53,346 - root - DEBUG - ACTION: 放置队伍
2021-07-09 19:13:56,631 - root - DEBUG - ACTION: 开始作战
2021-07-09 19:13:59,661 - root - DEBUG - ACTION: 计划模式
2021-07-09 19:14:35,430 - root - DEBUG - > 已运行：1:13:06.412320  踩点数: 56
2021-07-09 19:14:35,931 - root - DEBUG - ACTION: 跳转至主菜单
2021-07-09 19:14:43,111 - root - DEBUG - STATE： 主菜单界面
2021-07-09 19:14:43,114 - root - DEBUG - ACTION: 前往作战菜单
2021-07-09 19:14:48,540 - root - DEBUG - STATE： SC界面
2021-07-09 19:14:48,543 - root - DEBUG - ACTION: 进入裂变链接活动
2021-07-09 19:15:16,076 - root - DEBUG - STATE： 裂变链接第三章界面
2021-07-09 19:15:25,836 - root - DEBUG - STATE：地图
2021-07-09 19:15:25,837 - root - DEBUG - STATE: 战前整备
2021-07-09 19:15:39,089 - root - DEBUG - ACTION: 放置队伍
2021-07-09 19:15:42,806 - root - DEBUG - ACTION: 开始作战
2021-07-09 19:15:45,862 - root - DEBUG - ACTION: 计划模式
2021-07-09 19:16:20,605 - root - DEBUG - > 已运行：1:14:51.586940  踩点数: 57
2021-07-09 19:16:20,759 - root - DEBUG - STATE： 裂变链接第三章界面
2021-07-09 19:16:30,917 - root - DEBUG - STATE：地图
2021-07-09 19:16:30,918 - root - DEBUG - STATE: 战前整备
2021-07-09 19:16:44,352 - root - DEBUG - ACTION: 放置队伍
2021-07-09 19:16:49,114 - root - DEBUG - ACTION: 开始作战
2021-07-09 19:16:52,193 - root - DEBUG - ACTION: 计划模式
2021-07-09 19:17:26,834 - root - DEBUG - > 已运行：1:15:57.815187  踩点数: 58
2021-07-09 19:17:26,985 - root - DEBUG - STATE： 裂变链接第三章界面
2021-07-09 19:17:37,495 - root - DEBUG - STATE：地图
2021-07-09 19:17:37,495 - root - DEBUG - STATE: 战前整备
2021-07-09 19:17:50,497 - root - DEBUG - ACTION: 放置队伍
2021-07-09 19:17:55,466 - root - DEBUG - ACTION: 开始作战
2021-07-09 19:17:58,396 - root - DEBUG - ACTION: 计划模式
2021-07-09 19:18:32,266 - root - DEBUG - > 已运行：1:17:03.248234  踩点数: 59
2021-07-09 19:18:32,390 - root - DEBUG - STATE： 裂变链接第三章界面
2021-07-09 19:18:42,398 - root - DEBUG - STATE：地图
2021-07-09 19:18:42,398 - root - DEBUG - STATE: 战前整备
2021-07-09 19:18:55,651 - root - DEBUG - ACTION: 放置队伍
2021-07-09 19:19:01,425 - root - DEBUG - ACTION: 开始作战
2021-07-09 19:19:04,526 - root - DEBUG - ACTION: 计划模式
2021-07-09 19:19:39,896 - root - DEBUG - > 已运行：1:18:10.877904  踩点数: 60
2021-07-09 19:19:40,397 - root - DEBUG - ACTION: 跳转至主菜单
2021-07-09 19:19:47,127 - root - DEBUG - STATE： 主菜单界面
2021-07-09 19:19:47,128 - root - DEBUG - ACTION: 前往作战菜单
2021-07-09 19:19:52,560 - root - DEBUG - STATE： SC界面
2021-07-09 19:19:52,560 - root - DEBUG - ACTION: 进入裂变链接活动
2021-07-09 19:20:20,393 - root - DEBUG - STATE： 裂变链接第三章界面
2021-07-09 19:20:30,380 - root - DEBUG - STATE：地图
2021-07-09 19:20:30,380 - root - DEBUG - STATE: 战前整备
2021-07-09 19:20:43,832 - root - DEBUG - ACTION: 放置队伍
2021-07-09 19:20:48,599 - root - DEBUG - ACTION: 开始作战
2021-07-09 19:20:51,631 - root - DEBUG - ACTION: 计划模式
2021-07-09 19:21:26,725 - root - DEBUG - > 已运行：1:19:57.707469  踩点数: 61
2021-07-09 19:21:26,872 - root - DEBUG - STATE： 裂变链接第三章界面
2021-07-09 19:21:36,632 - root - DEBUG - STATE：地图
2021-07-09 19:21:36,632 - root - DEBUG - STATE: 战前整备
2021-07-09 19:21:49,698 - root - DEBUG - ACTION: 放置队伍
2021-07-09 19:21:54,504 - root - DEBUG - ACTION: 开始作战
2021-07-09 19:21:57,533 - root - DEBUG - ACTION: 计划模式
2021-07-09 19:22:32,102 - root - DEBUG - > 已运行：1:21:03.084472  踩点数: 62
2021-07-09 19:22:32,228 - root - DEBUG - STATE： 裂变链接第三章界面
2021-07-09 19:22:42,436 - root - DEBUG - STATE：地图
2021-07-09 19:22:42,436 - root - DEBUG - STATE: 战前整备
2021-07-09 19:22:55,795 - root - DEBUG - ACTION: 放置队伍
2021-07-09 19:23:01,788 - root - DEBUG - ACTION: 开始作战
2021-07-09 19:23:04,839 - root - DEBUG - ACTION: 计划模式
2021-07-09 19:23:40,712 - root - DEBUG - > 已运行：1:22:11.694584  踩点数: 63
2021-07-09 19:23:40,862 - root - DEBUG - STATE： 裂变链接第三章界面
2021-07-09 19:23:51,547 - root - DEBUG - STATE：地图
2021-07-09 19:23:51,547 - root - DEBUG - STATE: 战前整备
2021-07-09 19:24:04,737 - root - DEBUG - ACTION: 放置队伍
2021-07-09 19:24:07,937 - root - DEBUG - ACTION: 开始作战
2021-07-09 19:24:11,023 - root - DEBUG - ACTION: 计划模式
2021-07-09 19:24:46,615 - root - DEBUG - > 已运行：1:23:17.597659  踩点数: 64
2021-07-09 19:24:47,120 - root - DEBUG - ACTION: 跳转至主菜单
2021-07-09 19:24:54,196 - root - DEBUG - STATE： 主菜单界面
2021-07-09 19:24:54,197 - root - DEBUG - ACTION: 前往作战菜单
2021-07-09 19:24:59,526 - root - DEBUG - STATE： SC界面
2021-07-09 19:24:59,526 - root - DEBUG - ACTION: 进入裂变链接活动
2021-07-09 19:25:26,811 - root - DEBUG - STATE： 裂变链接第三章界面
2021-07-09 19:25:37,725 - root - DEBUG - STATE：地图
2021-07-09 19:25:37,726 - root - DEBUG - STATE: 战前整备
2021-07-09 19:25:50,959 - root - DEBUG - ACTION: 放置队伍
2021-07-09 19:25:59,172 - root - DEBUG - ACTION: 开始作战
2021-07-09 19:26:02,155 - root - DEBUG - ACTION: 计划模式
2021-07-09 19:26:37,625 - root - DEBUG - > 已运行：1:25:08.607105  踩点数: 65
2021-07-09 19:26:37,750 - root - DEBUG - STATE： 裂变链接第三章界面
2021-07-09 19:26:48,133 - root - DEBUG - STATE：地图
2021-07-09 19:26:48,133 - root - DEBUG - STATE: 战前整备
2021-07-09 19:27:01,025 - root - DEBUG - ACTION: 放置队伍
2021-07-09 19:27:07,405 - root - DEBUG - ACTION: 开始作战
2021-07-09 19:27:10,387 - root - DEBUG - ACTION: 计划模式
2021-07-09 19:27:46,303 - root - DEBUG - > 已运行：1:26:17.285515  踩点数: 66
2021-07-09 19:27:46,431 - root - DEBUG - STATE： 裂变链接第三章界面
2021-07-09 19:27:56,894 - root - DEBUG - STATE：地图
2021-07-09 19:27:56,895 - root - DEBUG - STATE: 战前整备
2021-07-09 19:28:10,002 - root - DEBUG - ACTION: 放置队伍
2021-07-09 19:28:17,193 - root - DEBUG - ACTION: 开始作战
2021-07-09 19:28:20,294 - root - DEBUG - ACTION: 计划模式
2021-07-09 19:28:55,892 - root - DEBUG - > 已运行：1:27:26.874352  踩点数: 67
2021-07-09 19:28:56,038 - root - DEBUG - STATE： 裂变链接第三章界面
2021-07-09 19:29:06,652 - root - DEBUG - STATE：地图
2021-07-09 19:29:06,652 - root - DEBUG - STATE: 战前整备
2021-07-09 19:29:19,995 - root - DEBUG - ACTION: 放置队伍
2021-07-09 19:29:23,469 - root - DEBUG - ACTION: 开始作战
2021-07-09 19:29:26,524 - root - DEBUG - ACTION: 计划模式
2021-07-09 19:30:02,394 - root - DEBUG - > 已运行：1:28:33.376043  踩点数: 68
2021-07-09 19:30:02,894 - root - DEBUG - ACTION: 跳转至主菜单
2021-07-09 19:30:09,973 - root - DEBUG - STATE： 主菜单界面
2021-07-09 19:30:09,974 - root - DEBUG - ACTION: 前往作战菜单
2021-07-09 19:30:15,657 - root - DEBUG - STATE： SC界面
2021-07-09 19:30:15,658 - root - DEBUG - ACTION: 进入裂变链接活动
2021-07-09 19:30:43,390 - root - DEBUG - STATE： 裂变链接第三章界面
2021-07-09 19:30:53,630 - root - DEBUG - STATE：地图
2021-07-09 19:30:53,630 - root - DEBUG - STATE: 战前整备
2021-07-09 19:31:06,511 - root - DEBUG - ACTION: 放置队伍
2021-07-09 19:31:12,827 - root - DEBUG - ACTION: 开始作战
2021-07-09 19:31:15,883 - root - DEBUG - ACTION: 计划模式
2021-07-09 19:31:53,955 - root - DEBUG - > 已运行：1:30:24.937410  踩点数: 69
2021-07-09 19:31:54,101 - root - DEBUG - STATE： 裂变链接第三章界面
2021-07-09 19:32:04,744 - root - DEBUG - ERROR： 当前状态未知!
2021-07-09 19:32:09,799 - root - DEBUG - STATE：地图
2021-07-09 19:32:09,799 - root - DEBUG - STATE: 战前整备
2021-07-09 19:32:23,424 - root - DEBUG - ACTION: 放置队伍
2021-07-09 19:32:27,920 - root - DEBUG - ACTION: 开始作战
2021-07-09 19:32:30,968 - root - DEBUG - ACTION: 计划模式
2021-07-09 19:33:06,838 - root - DEBUG - > 已运行：1:31:37.820628  踩点数: 70
2021-07-09 19:33:06,994 - root - DEBUG - STATE： 裂变链接第三章界面
2021-07-09 19:33:17,027 - root - DEBUG - STATE：地图
2021-07-09 19:33:17,027 - root - DEBUG - STATE: 战前整备
2021-07-09 19:33:30,221 - root - DEBUG - ACTION: 放置队伍
2021-07-09 19:33:33,696 - root - DEBUG - ACTION: 开始作战
2021-07-09 19:33:37,301 - root - DEBUG - ACTION: 计划模式
2021-07-09 19:34:12,248 - root - DEBUG - > 已运行：1:32:43.230700  踩点数: 71
2021-07-09 19:34:12,396 - root - DEBUG - STATE： 裂变链接第三章界面
2021-07-09 19:34:22,781 - root - DEBUG - STATE：地图
2021-07-09 19:34:22,782 - root - DEBUG - STATE: 战前整备
2021-07-09 19:34:36,080 - root - DEBUG - ACTION: 放置队伍
2021-07-09 19:34:39,327 - root - DEBUG - ACTION: 开始作战
2021-07-09 19:34:42,402 - root - DEBUG - ACTION: 计划模式
2021-07-09 19:35:17,173 - root - DEBUG - > 已运行：1:33:48.155614  踩点数: 72
2021-07-09 19:35:17,675 - root - DEBUG - ACTION: 跳转至主菜单
2021-07-09 19:35:25,158 - root - DEBUG - STATE： 主菜单界面
2021-07-09 19:35:25,159 - root - DEBUG - ACTION: 前往作战菜单
2021-07-09 19:35:30,413 - root - DEBUG - STATE： SC界面
2021-07-09 19:35:30,413 - root - DEBUG - ACTION: 进入裂变链接活动
2021-07-09 19:35:33,464 - root - DEBUG - STATE： 裂变链接第三章界面
2021-07-09 19:35:43,654 - root - DEBUG - STATE：地图
2021-07-09 19:35:43,655 - root - DEBUG - STATE: 战前整备
2021-07-09 19:35:56,557 - root - DEBUG - ACTION: 放置队伍
2021-07-09 19:35:59,798 - root - DEBUG - ACTION: 开始作战
2021-07-09 19:36:02,853 - root - DEBUG - ACTION: 计划模式
2021-07-09 19:36:37,548 - root - DEBUG - > 已运行：1:35:08.530291  踩点数: 73
2021-07-09 19:36:37,666 - root - DEBUG - STATE： 裂变链接第三章界面
2021-07-09 19:36:48,604 - root - DEBUG - STATE：地图
2021-07-09 19:36:48,605 - root - DEBUG - STATE: 战前整备
2021-07-09 19:37:01,551 - root - DEBUG - ACTION: 放置队伍
2021-07-09 19:37:06,600 - root - DEBUG - ACTION: 开始作战
2021-07-09 19:37:09,659 - root - DEBUG - ACTION: 计划模式
2021-07-09 19:37:45,376 - root - DEBUG - > 已运行：1:36:16.358802  踩点数: 74
2021-07-09 19:37:45,501 - root - DEBUG - STATE： 裂变链接第三章界面
2021-07-09 19:37:55,812 - root - DEBUG - STATE：地图
2021-07-09 19:37:55,813 - root - DEBUG - STATE: 战前整备
2021-07-09 19:38:08,903 - root - DEBUG - ACTION: 放置队伍
2021-07-09 19:38:12,332 - root - DEBUG - ACTION: 开始作战
2021-07-09 19:38:15,410 - root - DEBUG - ACTION: 计划模式
2021-07-09 19:38:50,956 - root - DEBUG - > 已运行：1:37:21.938528  踩点数: 75
2021-07-09 19:38:51,057 - root - DEBUG - STATE： 裂变链接第三章界面
2021-07-09 19:39:00,764 - root - DEBUG - STATE：地图
2021-07-09 19:39:00,764 - root - DEBUG - STATE: 战前整备
2021-07-09 19:39:13,917 - root - DEBUG - ACTION: 放置队伍
2021-07-09 19:39:23,667 - root - DEBUG - ACTION: 开始作战
2021-07-09 19:39:26,669 - root - DEBUG - ACTION: 计划模式
2021-07-09 19:40:02,719 - root - DEBUG - > 已运行：1:38:33.701092  踩点数: 76
2021-07-09 19:40:03,222 - root - DEBUG - ACTION: 跳转至主菜单
2021-07-09 19:40:09,970 - root - DEBUG - STATE： 主菜单界面
2021-07-09 19:40:09,970 - root - DEBUG - ACTION: 前往作战菜单
2021-07-09 19:40:15,480 - root - DEBUG - STATE： SC界面
2021-07-09 19:40:15,480 - root - DEBUG - ACTION: 进入裂变链接活动
2021-07-09 19:40:42,991 - root - DEBUG - STATE： 裂变链接第三章界面
2021-07-09 19:40:52,980 - root - DEBUG - STATE：地图
2021-07-09 19:40:52,980 - root - DEBUG - STATE: 战前整备
2021-07-09 19:41:05,928 - root - DEBUG - ACTION: 放置队伍
2021-07-09 19:41:15,055 - root - DEBUG - ACTION: 开始作战
2021-07-09 19:41:18,080 - root - DEBUG - ACTION: 计划模式
2021-07-09 19:41:52,978 - root - DEBUG - > 已运行：1:40:23.959893  踩点数: 77
2021-07-09 19:41:53,125 - root - DEBUG - STATE： 裂变链接第三章界面
2021-07-09 19:42:03,610 - root - DEBUG - STATE：地图
2021-07-09 19:42:03,611 - root - DEBUG - STATE: 战前整备
2021-07-09 19:42:16,955 - root - DEBUG - ACTION: 放置队伍
2021-07-09 19:42:21,834 - root - DEBUG - ACTION: 开始作战
2021-07-09 19:42:24,933 - root - DEBUG - ACTION: 计划模式
2021-07-09 19:43:00,729 - root - DEBUG - > 已运行：1:41:31.711612  踩点数: 78
2021-07-09 19:43:00,882 - root - DEBUG - STATE： 裂变链接第三章界面
2021-07-09 19:43:10,917 - root - DEBUG - STATE：地图
2021-07-09 19:43:10,918 - root - DEBUG - STATE: 战前整备
2021-07-09 19:43:23,960 - root - DEBUG - ACTION: 放置队伍
2021-07-09 19:43:29,662 - root - DEBUG - ACTION: 开始作战
2021-07-09 19:43:33,220 - root - DEBUG - ACTION: 计划模式
2021-07-09 19:44:08,989 - root - DEBUG - > 已运行：1:42:39.971606  踩点数: 79
2021-07-09 19:44:09,136 - root - DEBUG - STATE： 裂变链接第三章界面
2021-07-09 19:44:19,550 - root - DEBUG - STATE：地图
2021-07-09 19:44:19,551 - root - DEBUG - STATE: 战前整备
2021-07-09 19:44:32,727 - root - DEBUG - ACTION: 放置队伍
2021-07-09 19:44:37,367 - root - DEBUG - ACTION: 开始作战
2021-07-09 19:44:40,352 - root - DEBUG - ACTION: 计划模式
2021-07-09 19:45:17,698 - root - DEBUG - > 已运行：1:43:48.679968  踩点数: 80
2021-07-09 19:45:18,199 - root - DEBUG - ACTION: 跳转至主菜单
2021-07-09 19:45:25,055 - root - DEBUG - STATE： 后勤结束界面
2021-07-09 19:45:25,056 - root - DEBUG - ACTION: 收派后勤
2021-07-09 19:45:32,788 - root - DEBUG - STATE： 主菜单界面
2021-07-09 19:45:32,788 - root - DEBUG - ACTION: 前往作战菜单
2021-07-09 19:45:38,391 - root - DEBUG - STATE： SC界面
2021-07-09 19:45:38,392 - root - DEBUG - ACTION: 进入裂变链接活动
2021-07-09 19:46:06,226 - root - DEBUG - STATE： 裂变链接第三章界面
2021-07-09 19:46:15,936 - root - DEBUG - STATE：地图
2021-07-09 19:46:15,936 - root - DEBUG - STATE: 战前整备
2021-07-09 19:46:29,077 - root - DEBUG - ACTION: 放置队伍
2021-07-09 19:46:32,560 - root - DEBUG - ACTION: 开始作战
2021-07-09 19:46:35,613 - root - DEBUG - ACTION: 计划模式
2021-07-09 19:47:11,884 - root - DEBUG - > 已运行：1:45:42.866325  踩点数: 81
2021-07-09 19:47:12,030 - root - DEBUG - STATE： 裂变链接第三章界面
2021-07-09 19:47:22,319 - root - DEBUG - STATE：地图
2021-07-09 19:47:22,319 - root - DEBUG - STATE: 战前整备
2021-07-09 19:47:35,633 - root - DEBUG - ACTION: 放置队伍
2021-07-09 19:47:38,762 - root - DEBUG - ACTION: 开始作战
2021-07-09 19:47:41,792 - root - DEBUG - ACTION: 计划模式
2021-07-09 19:48:18,138 - root - DEBUG - > 已运行：1:46:49.120655  踩点数: 82
2021-07-09 19:48:18,591 - root - DEBUG - ERROR： 当前状态未知!
2021-07-09 19:48:23,691 - root - DEBUG - STATE： 裂变链接第三章界面
2021-07-09 19:48:33,428 - root - DEBUG - STATE：地图
2021-07-09 19:48:33,428 - root - DEBUG - STATE: 战前整备
2021-07-09 19:48:46,576 - root - DEBUG - ACTION: 放置队伍
2021-07-09 19:48:52,303 - root - DEBUG - ACTION: 开始作战
2021-07-09 19:48:55,359 - root - DEBUG - ACTION: 计划模式
2021-07-09 19:49:32,455 - root - DEBUG - > 已运行：1:48:03.436932  踩点数: 83
2021-07-09 19:49:32,608 - root - DEBUG - STATE： 裂变链接第三章界面
2021-07-09 19:49:43,042 - root - DEBUG - ERROR： 当前状态未知!
2021-07-09 19:49:48,066 - root - DEBUG - STATE：地图
2021-07-09 19:49:48,066 - root - DEBUG - STATE: 战前整备
2021-07-09 19:50:01,128 - root - DEBUG - ACTION: 放置队伍
2021-07-09 19:50:05,938 - root - DEBUG - ACTION: 开始作战
2021-07-09 19:50:09,043 - root - DEBUG - ACTION: 计划模式
2021-07-09 19:50:47,440 - root - DEBUG - > 已运行：1:49:18.422181  踩点数: 84
2021-07-09 19:50:47,941 - root - DEBUG - ACTION: 跳转至主菜单
2021-07-09 19:50:54,675 - root - DEBUG - STATE： 后勤结束界面
2021-07-09 19:50:54,676 - root - DEBUG - ACTION: 收派后勤
2021-07-09 19:51:01,661 - root - DEBUG - ERROR： 当前状态未知!
2021-07-09 19:51:07,040 - root - DEBUG - STATE： 后勤结束界面
2021-07-09 19:51:07,041 - root - DEBUG - ACTION: 收派后勤
2021-07-09 19:51:14,296 - root - DEBUG - STATE： 主菜单界面
2021-07-09 19:51:14,296 - root - DEBUG - ACTION: 前往作战菜单
2021-07-09 19:51:20,079 - root - DEBUG - STATE： SC界面
2021-07-09 19:51:20,080 - root - DEBUG - ACTION: 进入裂变链接活动
2021-07-09 19:51:47,512 - root - DEBUG - STATE： 裂变链接第三章界面
2021-07-09 19:51:58,001 - root - DEBUG - STATE：地图
2021-07-09 19:51:58,001 - root - DEBUG - STATE: 战前整备
2021-07-09 19:52:11,010 - root - DEBUG - ACTION: 放置队伍
2021-07-09 19:52:14,220 - root - DEBUG - ACTION: 开始作战
2021-07-09 19:52:17,349 - root - DEBUG - ACTION: 计划模式
2021-07-09 19:52:52,893 - root - DEBUG - > 已运行：1:51:23.874992  踩点数: 85
2021-07-09 19:52:53,042 - root - DEBUG - STATE： 裂变链接第三章界面
2021-07-09 19:53:03,628 - root - DEBUG - STATE：地图
2021-07-09 19:53:03,629 - root - DEBUG - STATE: 战前整备
2021-07-09 19:53:16,862 - root - DEBUG - ACTION: 放置队伍
2021-07-09 19:53:26,931 - root - DEBUG - ACTION: 开始作战
2021-07-09 19:53:30,035 - root - DEBUG - ACTION: 计划模式
2021-07-09 19:54:04,480 - root - DEBUG - > 已运行：1:52:35.461867  踩点数: 86
2021-07-09 19:54:04,631 - root - DEBUG - STATE： 裂变链接第三章界面
2021-07-09 19:54:15,563 - root - DEBUG - STATE：地图
2021-07-09 19:54:15,564 - root - DEBUG - STATE: 战前整备
2021-07-09 19:54:28,411 - root - DEBUG - ACTION: 放置队伍
2021-07-09 19:54:33,588 - root - DEBUG - ACTION: 开始作战
2021-07-09 19:54:36,693 - root - DEBUG - ACTION: 计划模式
2021-07-09 19:55:11,209 - root - DEBUG - > 已运行：1:53:42.191158  踩点数: 87
2021-07-09 19:55:11,361 - root - DEBUG - STATE： 裂变链接第三章界面
2021-07-09 19:55:22,297 - root - DEBUG - STATE：地图
2021-07-09 19:55:22,297 - root - DEBUG - STATE: 战前整备
2021-07-09 19:55:35,368 - root - DEBUG - ACTION: 放置队伍
2021-07-09 19:55:45,171 - root - DEBUG - ACTION: 开始作战
2021-07-09 19:55:48,278 - root - DEBUG - ACTION: 计划模式
2021-07-09 19:56:22,773 - root - DEBUG - > 已运行：1:54:53.755150  踩点数: 88
2021-07-09 19:56:23,274 - root - DEBUG - ACTION: 跳转至主菜单
2021-07-09 19:56:30,428 - root - DEBUG - STATE： 后勤结束界面
2021-07-09 19:56:30,428 - root - DEBUG - ACTION: 收派后勤
2021-07-09 19:56:38,034 - root - DEBUG - STATE： 主菜单界面
2021-07-09 19:56:38,034 - root - DEBUG - ACTION: 前往作战菜单
2021-07-09 19:56:43,420 - root - DEBUG - STATE： SC界面
2021-07-09 19:56:43,421 - root - DEBUG - ACTION: 进入裂变链接活动
2021-07-09 19:57:11,001 - root - DEBUG - STATE： 裂变链接第三章界面
2021-07-09 19:57:21,937 - root - DEBUG - STATE：地图
2021-07-09 19:57:21,938 - root - DEBUG - STATE: 战前整备
2021-07-09 19:57:35,376 - root - DEBUG - ACTION: 放置队伍
2021-07-09 19:57:39,013 - root - DEBUG - ACTION: 开始作战
2021-07-09 19:57:42,065 - root - DEBUG - ACTION: 计划模式
2021-07-09 19:58:16,858 - root - DEBUG - > 已运行：1:56:47.840341  踩点数: 89
2021-07-09 19:58:17,007 - root - DEBUG - STATE： 裂变链接第三章界面
2021-07-09 19:58:27,342 - root - DEBUG - STATE：地图
2021-07-09 19:58:27,343 - root - DEBUG - STATE: 战前整备
2021-07-09 19:58:40,377 - root - DEBUG - ACTION: 放置队伍
2021-07-09 19:58:45,017 - root - DEBUG - ACTION: 开始作战
2021-07-09 19:58:48,020 - root - DEBUG - ACTION: 计划模式
2021-07-09 19:59:23,891 - root - DEBUG - > 已运行：1:57:54.872940  踩点数: 90
2021-07-09 19:59:24,036 - root - DEBUG - STATE： 裂变链接第三章界面
2021-07-09 19:59:34,271 - root - DEBUG - STATE：地图
2021-07-09 19:59:34,272 - root - DEBUG - STATE: 战前整备
2021-07-09 19:59:47,625 - root - DEBUG - ACTION: 放置队伍
2021-07-09 19:59:58,155 - root - DEBUG - ACTION: 开始作战
2021-07-09 20:00:01,130 - root - DEBUG - ACTION: 计划模式
2021-07-09 20:00:36,900 - root - DEBUG - > 已运行：1:59:07.882764  踩点数: 91
2021-07-09 20:00:37,053 - root - DEBUG - STATE： 裂变链接第三章界面
2021-07-09 20:00:46,762 - root - DEBUG - STATE：地图
2021-07-09 20:00:46,762 - root - DEBUG - STATE: 战前整备
2021-07-09 20:00:59,960 - root - DEBUG - ACTION: 放置队伍
2021-07-09 20:01:05,707 - root - DEBUG - ACTION: 开始作战
2021-07-09 20:01:08,789 - root - DEBUG - ACTION: 计划模式
2021-07-09 20:01:43,907 - root - DEBUG - > 已运行：2:00:14.889488  踩点数: 92
2021-07-09 20:01:44,409 - root - DEBUG - ACTION: 跳转至主菜单
2021-07-09 20:01:51,461 - root - DEBUG - STATE： 主菜单界面
2021-07-09 20:01:51,461 - root - DEBUG - ACTION: 前往作战菜单
2021-07-09 20:01:56,668 - root - DEBUG - STATE： SC界面
2021-07-09 20:01:56,669 - root - DEBUG - ACTION: 进入裂变链接活动
2021-07-09 20:02:24,902 - root - DEBUG - STATE： 裂变链接第三章界面
2021-07-09 20:02:34,892 - root - DEBUG - STATE：地图
2021-07-09 20:02:34,893 - root - DEBUG - STATE: 战前整备
2021-07-09 20:02:48,051 - root - DEBUG - ACTION: 放置队伍
2021-07-09 20:02:54,317 - root - DEBUG - ACTION: 开始作战
2021-07-09 20:02:57,366 - root - DEBUG - ACTION: 计划模式
2021-07-09 20:03:35,019 - root - DEBUG - > 已运行：2:02:06.001340  踩点数: 93
2021-07-09 20:03:35,138 - root - DEBUG - STATE： 裂变链接第三章界面
2021-07-09 20:03:46,077 - root - DEBUG - STATE：地图
2021-07-09 20:03:46,077 - root - DEBUG - STATE: 战前整备
2021-07-09 20:03:59,340 - root - DEBUG - ACTION: 放置队伍
2021-07-09 20:04:06,099 - root - DEBUG - ACTION: 开始作战
2021-07-09 20:04:09,202 - root - DEBUG - ACTION: 计划模式
2021-07-09 20:04:45,652 - root - DEBUG - > 已运行：2:03:16.634454  踩点数: 94
2021-07-09 20:04:45,800 - root - DEBUG - STATE： 裂变链接第三章界面
2021-07-09 20:04:56,034 - root - DEBUG - STATE：地图
2021-07-09 20:04:56,035 - root - DEBUG - STATE: 战前整备
2021-07-09 20:05:09,243 - root - DEBUG - ACTION: 放置队伍
2021-07-09 20:05:12,784 - root - DEBUG - ACTION: 开始作战
2021-07-09 20:05:16,363 - root - DEBUG - ACTION: 计划模式
2021-07-09 20:05:30,999 - root - DEBUG - STATE：状态未知，可直接重启
2021-07-09 20:05:31,000 - root - DEBUG - ACTION: 重启作战
2021-07-09 20:05:41,668 - root - DEBUG - STATE：地图
2021-07-09 20:05:41,668 - root - DEBUG - STATE: 战前整备
2021-07-09 20:05:54,889 - root - DEBUG - ACTION: 放置队伍
2021-07-09 20:05:58,133 - root - DEBUG - ACTION: 开始作战
2021-07-09 20:06:01,193 - root - DEBUG - ACTION: 计划模式
2021-07-09 20:06:36,961 - root - DEBUG - > 已运行：2:05:07.943634  踩点数: 95
2021-07-09 20:06:37,109 - root - DEBUG - STATE： 裂变链接第三章界面
2021-07-09 20:06:47,346 - root - DEBUG - STATE：地图
2021-07-09 20:06:47,346 - root - DEBUG - STATE: 战前整备
2021-07-09 20:07:00,637 - root - DEBUG - ACTION: 放置队伍
2021-07-09 20:07:06,340 - root - DEBUG - ACTION: 开始作战
2021-07-09 20:07:09,369 - root - DEBUG - ACTION: 计划模式
2021-07-09 20:07:44,995 - root - DEBUG - > 已运行：2:06:15.977564  踩点数: 96
2021-07-09 20:07:45,496 - root - DEBUG - ACTION: 跳转至主菜单
2021-07-09 20:07:52,325 - root - DEBUG - STATE： 主菜单界面
2021-07-09 20:07:52,326 - root - DEBUG - ACTION: 前往作战菜单
2021-07-09 20:07:57,580 - root - DEBUG - STATE： SC界面
2021-07-09 20:07:57,580 - root - DEBUG - ACTION: 进入裂变链接活动
2021-07-09 20:08:25,515 - root - DEBUG - STATE： 裂变链接第三章界面
2021-07-09 20:08:36,174 - root - DEBUG - STATE：地图
2021-07-09 20:08:36,175 - root - DEBUG - STATE: 战前整备
2021-07-09 20:08:49,561 - root - DEBUG - ACTION: 放置队伍
2021-07-09 20:08:53,047 - root - DEBUG - ACTION: 开始作战
2021-07-09 20:08:56,073 - root - DEBUG - ACTION: 计划模式
2021-07-09 20:09:32,196 - root - DEBUG - > 已运行：2:08:03.178571  踩点数: 97
2021-07-09 20:09:32,344 - root - DEBUG - STATE： 裂变链接第三章界面
2021-07-09 20:09:42,904 - root - DEBUG - STATE：地图
2021-07-09 20:09:42,905 - root - DEBUG - STATE: 战前整备
2021-07-09 20:09:56,183 - root - DEBUG - ACTION: 放置队伍
2021-07-09 20:09:59,675 - root - DEBUG - ACTION: 开始作战
2021-07-09 20:10:02,782 - root - DEBUG - ACTION: 计划模式
2021-07-09 20:10:41,908 - root - DEBUG - > 已运行：2:09:12.889949  踩点数: 98
2021-07-09 20:10:42,030 - root - DEBUG - STATE： 裂变链接第三章界面
2021-07-09 20:10:52,793 - root - DEBUG - ERROR： 当前状态未知!
2021-07-09 20:10:57,830 - root - DEBUG - STATE：地图
2021-07-09 20:10:57,830 - root - DEBUG - STATE: 战前整备
2021-07-09 20:11:11,168 - root - DEBUG - ACTION: 放置队伍
2021-07-09 20:11:14,720 - root - DEBUG - ACTION: 开始作战
2021-07-09 20:11:17,823 - root - DEBUG - ACTION: 计划模式
2021-07-09 20:11:52,563 - root - DEBUG - > 已运行：2:10:23.545763  踩点数: 99
2021-07-09 20:11:52,714 - root - DEBUG - STATE： 裂变链接第三章界面
2021-07-09 20:12:03,699 - root - DEBUG - STATE：地图
2021-07-09 20:12:03,699 - root - DEBUG - STATE: 战前整备
2021-07-09 20:12:16,959 - root - DEBUG - ACTION: 放置队伍
2021-07-09 20:12:20,198 - root - DEBUG - ACTION: 开始作战
2021-07-09 20:12:23,297 - root - DEBUG - ACTION: 计划模式
2021-07-09 20:12:59,420 - root - DEBUG - > 已运行：2:11:30.402737  踩点数: 100
2021-07-09 20:12:59,921 - root - DEBUG - ACTION: 跳转至主菜单
2021-07-09 20:13:07,654 - root - DEBUG - STATE： 主菜单界面
2021-07-09 20:13:07,654 - root - DEBUG - ACTION: 前往作战菜单
2021-07-09 20:13:13,708 - root - DEBUG - STATE： SC界面
2021-07-09 20:13:13,709 - root - DEBUG - ACTION: 进入裂变链接活动
2021-07-09 20:13:41,294 - root - DEBUG - STATE： 裂变链接第三章界面
2021-07-09 20:13:50,931 - root - DEBUG - STATE：地图
2021-07-09 20:13:50,932 - root - DEBUG - STATE: 战前整备
2021-07-09 20:14:04,030 - root - DEBUG - ACTION: 放置队伍
2021-07-09 20:14:10,254 - root - DEBUG - ACTION: 开始作战
2021-07-09 20:14:13,284 - root - DEBUG - ACTION: 计划模式
2021-07-09 20:14:48,327 - root - DEBUG - > 已运行：2:13:19.309063  踩点数: 101
2021-07-09 20:14:48,474 - root - DEBUG - STATE： 裂变链接第三章界面
2021-07-09 20:14:59,437 - root - DEBUG - STATE：地图
2021-07-09 20:14:59,437 - root - DEBUG - STATE: 战前整备
2021-07-09 20:15:12,635 - root - DEBUG - ACTION: 放置队伍
2021-07-09 20:15:21,836 - root - DEBUG - ACTION: 开始作战
2021-07-09 20:15:24,818 - root - DEBUG - ACTION: 计划模式
2021-07-09 20:16:00,838 - root - DEBUG - > 已运行：2:14:31.820143  踩点数: 102
2021-07-09 20:16:00,963 - root - DEBUG - STATE： 裂变链接第三章界面
2021-07-09 20:16:11,396 - root - DEBUG - STATE：地图
2021-07-09 20:16:11,396 - root - DEBUG - STATE: 战前整备
2021-07-09 20:16:24,580 - root - DEBUG - ACTION: 放置队伍
2021-07-09 20:16:30,825 - root - DEBUG - ACTION: 开始作战
2021-07-09 20:16:33,928 - root - DEBUG - ACTION: 计划模式
2021-07-09 20:17:10,122 - root - DEBUG - > 已运行：2:15:41.103897  踩点数: 103
2021-07-09 20:17:10,271 - root - DEBUG - STATE： 裂变链接第三章界面
2021-07-09 20:17:20,905 - root - DEBUG - STATE：地图
2021-07-09 20:17:20,905 - root - DEBUG - STATE: 战前整备
2021-07-09 20:17:34,298 - root - DEBUG - ACTION: 放置队伍
2021-07-09 20:17:43,032 - root - DEBUG - ACTION: 开始作战
2021-07-09 20:17:46,062 - root - DEBUG - ACTION: 计划模式
2021-07-09 20:18:21,710 - root - DEBUG - > 已运行：2:16:52.692340  踩点数: 104
2021-07-09 20:18:22,216 - root - DEBUG - ACTION: 跳转至主菜单
2021-07-09 20:18:29,391 - root - DEBUG - STATE： 主菜单界面
2021-07-09 20:18:29,391 - root - DEBUG - ACTION: 前往作战菜单
2021-07-09 20:18:34,568 - root - DEBUG - STATE： SC界面
2021-07-09 20:18:34,568 - root - DEBUG - ACTION: 进入裂变链接活动
2021-07-09 20:19:01,554 - root - DEBUG - STATE： 裂变链接第三章界面
2021-07-09 20:19:11,237 - root - DEBUG - STATE：地图
2021-07-09 20:19:11,238 - root - DEBUG - STATE: 战前整备
2021-07-09 20:19:24,326 - root - DEBUG - ACTION: 放置队伍
2021-07-09 20:19:28,633 - root - DEBUG - ACTION: 开始作战
2021-07-09 20:19:31,665 - root - DEBUG - ACTION: 计划模式
2021-07-09 20:20:08,588 - root - DEBUG - > 已运行：2:18:39.570257  踩点数: 105
2021-07-09 20:20:08,687 - root - DEBUG - STATE： 裂变链接第三章界面
2021-07-09 20:20:19,646 - root - DEBUG - STATE：地图
2021-07-09 20:20:19,647 - root - DEBUG - STATE: 战前整备
2021-07-09 20:20:32,859 - root - DEBUG - ACTION: 放置队伍
2021-07-09 20:20:39,293 - root - DEBUG - ACTION: 开始作战
2021-07-09 20:20:42,300 - root - DEBUG - ACTION: 计划模式
2021-07-09 20:21:17,344 - root - DEBUG - > 已运行：2:19:48.326263  踩点数: 106
2021-07-09 20:21:17,493 - root - DEBUG - STATE： 裂变链接第三章界面
2021-07-09 20:21:27,430 - root - DEBUG - STATE：地图
2021-07-09 20:21:27,430 - root - DEBUG - STATE: 战前整备
2021-07-09 20:21:40,645 - root - DEBUG - ACTION: 放置队伍
2021-07-09 20:21:45,351 - root - DEBUG - ACTION: 开始作战
2021-07-09 20:21:48,380 - root - DEBUG - ACTION: 计划模式
2021-07-09 20:22:23,425 - root - DEBUG - > 已运行：2:20:54.407387  踩点数: 107
2021-07-09 20:22:23,875 - root - DEBUG - ERROR： 当前状态未知!
2021-07-09 20:22:28,952 - root - DEBUG - STATE： 裂变链接第三章界面
2021-07-09 20:22:39,217 - root - DEBUG - STATE：地图
2021-07-09 20:22:39,217 - root - DEBUG - STATE: 战前整备
2021-07-09 20:22:52,522 - root - DEBUG - ACTION: 放置队伍
2021-07-09 20:22:56,733 - root - DEBUG - ACTION: 开始作战
2021-07-09 20:22:59,865 - root - DEBUG - ACTION: 计划模式
2021-07-09 20:23:35,435 - root - DEBUG - > 已运行：2:22:06.416856  踩点数: 108
2021-07-09 20:23:35,936 - root - DEBUG - ACTION: 跳转至主菜单
2021-07-09 20:23:43,190 - root - DEBUG - STATE： 主菜单界面
2021-07-09 20:23:43,191 - root - DEBUG - ACTION: 前往作战菜单
2021-07-09 20:23:48,471 - root - DEBUG - STATE： SC界面
2021-07-09 20:23:48,472 - root - DEBUG - ACTION: 进入裂变链接活动
2021-07-09 20:24:16,458 - root - DEBUG - STATE： 裂变链接第三章界面
2021-07-09 20:24:26,266 - root - DEBUG - STATE：地图
2021-07-09 20:24:26,266 - root - DEBUG - STATE: 战前整备
2021-07-09 20:24:39,389 - root - DEBUG - ACTION: 放置队伍
2021-07-09 20:24:44,194 - root - DEBUG - ACTION: 开始作战
2021-07-09 20:24:47,141 - root - DEBUG - ACTION: 计划模式
2021-07-09 20:25:23,137 - root - DEBUG - > 已运行：2:23:54.119361  踩点数: 109
2021-07-09 20:25:23,290 - root - DEBUG - STATE： 裂变链接第三章界面
2021-07-09 20:25:34,051 - root - DEBUG - STATE：地图
2021-07-09 20:25:34,052 - root - DEBUG - STATE: 战前整备
2021-07-09 20:25:47,217 - root - DEBUG - ACTION: 放置队伍
2021-07-09 20:25:52,048 - root - DEBUG - ACTION: 开始作战
2021-07-09 20:25:55,128 - root - DEBUG - ACTION: 计划模式
2021-07-09 20:26:32,171 - root - DEBUG - > 已运行：2:25:03.153634  踩点数: 110
2021-07-09 20:26:32,323 - root - DEBUG - STATE： 裂变链接第三章界面
2021-07-09 20:26:43,031 - root - DEBUG - STATE：地图
2021-07-09 20:26:43,031 - root - DEBUG - STATE: 战前整备
2021-07-09 20:26:56,150 - root - DEBUG - ACTION: 放置队伍
2021-07-09 20:27:01,181 - root - DEBUG - ACTION: 开始作战
2021-07-09 20:27:04,209 - root - DEBUG - ACTION: 计划模式
2021-07-09 20:27:40,632 - root - DEBUG - > 已运行：2:26:11.613935  踩点数: 111
2021-07-09 20:27:40,756 - root - DEBUG - STATE： 裂变链接第三章界面
2021-07-09 20:27:50,637 - root - DEBUG - STATE：地图
2021-07-09 20:27:50,637 - root - DEBUG - STATE: 战前整备
2021-07-09 20:28:03,773 - root - DEBUG - ACTION: 放置队伍
2021-07-09 20:28:07,162 - root - DEBUG - ACTION: 开始作战
2021-07-09 20:28:10,191 - root - DEBUG - ACTION: 计划模式
2021-07-09 20:28:47,186 - root - DEBUG - > 已运行：2:27:18.168005  踩点数: 112
2021-07-09 20:28:47,688 - root - DEBUG - ACTION: 跳转至主菜单
2021-07-09 20:28:54,919 - root - DEBUG - STATE： 主菜单界面
2021-07-09 20:28:54,919 - root - DEBUG - ACTION: 前往作战菜单
2021-07-09 20:29:00,123 - root - DEBUG - STATE： SC界面
2021-07-09 20:29:00,124 - root - DEBUG - ACTION: 进入裂变链接活动
2021-07-09 20:29:28,103 - root - DEBUG - STATE： 裂变链接第三章界面
2021-07-09 20:29:38,120 - root - DEBUG - STATE：地图
2021-07-09 20:29:38,120 - root - DEBUG - STATE: 战前整备
2021-07-09 20:29:51,224 - root - DEBUG - ACTION: 放置队伍
2021-07-09 20:29:54,515 - root - DEBUG - ACTION: 开始作战
2021-07-09 20:29:57,565 - root - DEBUG - ACTION: 计划模式
2021-07-09 20:30:35,190 - root - DEBUG - > 已运行：2:29:06.172193  踩点数: 113
2021-07-09 20:30:35,335 - root - DEBUG - STATE： 裂变链接第三章界面
2021-07-09 20:30:46,079 - root - DEBUG - ERROR： 当前状态未知!
2021-07-09 20:30:51,105 - root - DEBUG - STATE：地图
2021-07-09 20:30:51,106 - root - DEBUG - STATE: 战前整备
2021-07-09 20:31:04,087 - root - DEBUG - ACTION: 放置队伍
2021-07-09 20:31:07,327 - root - DEBUG - ACTION: 开始作战
2021-07-09 20:31:10,382 - root - DEBUG - ACTION: 计划模式
2021-07-09 20:31:45,701 - root - DEBUG - > 已运行：2:30:16.683366  踩点数: 114
2021-07-09 20:31:45,835 - root - DEBUG - STATE： 裂变链接第三章界面
2021-07-09 20:31:55,860 - root - DEBUG - STATE：地图
2021-07-09 20:31:55,860 - root - DEBUG - STATE: 战前整备
2021-07-09 20:32:09,153 - root - DEBUG - ACTION: 放置队伍
2021-07-09 20:32:17,112 - root - DEBUG - ACTION: 开始作战
2021-07-09 20:32:20,092 - root - DEBUG - ACTION: 计划模式
2021-07-09 20:32:54,785 - root - DEBUG - > 已运行：2:31:25.767625  踩点数: 115
2021-07-09 20:32:54,932 - root - DEBUG - STATE： 裂变链接第三章界面
2021-07-09 20:33:04,768 - root - DEBUG - STATE：地图
2021-07-09 20:33:04,768 - root - DEBUG - STATE: 战前整备
2021-07-09 20:33:18,030 - root - DEBUG - ACTION: 放置队伍
2021-07-09 20:33:23,137 - root - DEBUG - ACTION: 开始作战
2021-07-09 20:33:26,245 - root - DEBUG - ACTION: 计划模式
2021-07-09 20:34:02,463 - root - DEBUG - > 已运行：2:32:33.445549  踩点数: 116
2021-07-09 20:34:02,964 - root - DEBUG - ACTION: 跳转至主菜单
2021-07-09 20:34:10,423 - root - DEBUG - STATE： 主菜单界面
2021-07-09 20:34:10,423 - root - DEBUG - ACTION: 前往作战菜单
2021-07-09 20:34:16,226 - root - DEBUG - STATE： SC界面
2021-07-09 20:34:16,226 - root - DEBUG - ACTION: 进入裂变链接活动
2021-07-09 20:34:43,960 - root - DEBUG - STATE： 裂变链接第三章界面
2021-07-09 20:34:53,824 - root - DEBUG - STATE：地图
2021-07-09 20:34:53,825 - root - DEBUG - STATE: 战前整备
2021-07-09 20:35:06,946 - root - DEBUG - ACTION: 放置队伍
2021-07-09 20:35:18,155 - root - DEBUG - ACTION: 开始作战
2021-07-09 20:35:21,160 - root - DEBUG - ACTION: 计划模式
2021-07-09 20:35:57,052 - root - DEBUG - > 已运行：2:34:28.034672  踩点数: 117
2021-07-09 20:35:57,175 - root - DEBUG - STATE： 裂变链接第三章界面
2021-07-09 20:36:07,589 - root - DEBUG - STATE：地图
2021-07-09 20:36:07,589 - root - DEBUG - STATE: 战前整备
2021-07-09 20:36:20,796 - root - DEBUG - ACTION: 放置队伍
2021-07-09 20:36:30,037 - root - DEBUG - ACTION: 开始作战
2021-07-09 20:36:32,995 - root - DEBUG - ACTION: 计划模式
2021-07-09 20:37:08,062 - root - DEBUG - > 已运行：2:35:39.044810  踩点数: 118
2021-07-09 20:37:08,187 - root - DEBUG - STATE： 裂变链接第三章界面
2021-07-09 20:37:18,549 - root - DEBUG - STATE：地图
2021-07-09 20:37:18,550 - root - DEBUG - STATE: 战前整备
2021-07-09 20:37:31,859 - root - DEBUG - ACTION: 放置队伍
2021-07-09 20:37:35,498 - root - DEBUG - ACTION: 开始作战
2021-07-09 20:37:38,595 - root - DEBUG - ACTION: 计划模式
2021-07-09 20:38:14,444 - root - DEBUG - > 已运行：2:36:45.426691  踩点数: 119
2021-07-09 20:38:14,568 - root - DEBUG - STATE： 裂变链接第三章界面
2021-07-09 20:38:24,756 - root - DEBUG - STATE：地图
2021-07-09 20:38:24,757 - root - DEBUG - STATE: 战前整备
2021-07-09 20:38:37,977 - root - DEBUG - ACTION: 放置队伍
2021-07-09 20:38:41,249 - root - DEBUG - ACTION: 开始作战
2021-07-09 20:38:44,373 - root - DEBUG - ACTION: 计划模式
2021-07-09 20:39:20,371 - root - DEBUG - > 已运行：2:37:51.352810  踩点数: 120
2021-07-09 20:39:20,872 - root - DEBUG - ACTION: 跳转至主菜单
2021-07-09 20:39:28,027 - root - DEBUG - STATE： 主菜单界面
2021-07-09 20:39:28,027 - root - DEBUG - ACTION: 前往作战菜单
2021-07-09 20:39:33,433 - root - DEBUG - STATE： SC界面
2021-07-09 20:39:33,433 - root - DEBUG - ACTION: 进入裂变链接活动
2021-07-09 20:40:01,018 - root - DEBUG - STATE： 裂变链接第三章界面
2021-07-09 20:40:11,458 - root - DEBUG - STATE：地图
2021-07-09 20:40:11,458 - root - DEBUG - STATE: 战前整备
2021-07-09 20:40:24,901 - root - DEBUG - ACTION: 放置队伍
2021-07-09 20:40:38,816 - root - DEBUG - ACTION: 开始作战
2021-07-09 20:40:41,840 - root - DEBUG - ACTION: 计划模式
2021-07-09 20:41:17,690 - root - DEBUG - > 已运行：2:39:48.672130  踩点数: 121
2021-07-09 20:41:17,835 - root - DEBUG - STATE： 裂变链接第三章界面
2021-07-09 20:41:27,871 - root - DEBUG - STATE：地图
2021-07-09 20:41:27,871 - root - DEBUG - STATE: 战前整备
2021-07-09 20:41:40,983 - root - DEBUG - ACTION: 放置队伍
2021-07-09 20:41:45,867 - root - DEBUG - ACTION: 开始作战
2021-07-09 20:41:48,924 - root - DEBUG - ACTION: 计划模式
2021-07-09 20:42:24,743 - root - DEBUG - > 已运行：2:40:55.725832  踩点数: 122
2021-07-09 20:42:24,870 - root - DEBUG - STATE： 裂变链接第三章界面
2021-07-09 20:42:35,001 - root - DEBUG - STATE：地图
2021-07-09 20:42:35,002 - root - DEBUG - STATE: 战前整备
2021-07-09 20:42:48,237 - root - DEBUG - ACTION: 放置队伍
2021-07-09 20:42:57,183 - root - DEBUG - ACTION: 开始作战
2021-07-09 20:43:00,209 - root - DEBUG - ACTION: 计划模式
2021-07-09 20:43:35,028 - root - DEBUG - > 已运行：2:42:06.010144  踩点数: 123
2021-07-09 20:43:35,156 - root - DEBUG - STATE： 裂变链接第三章界面
2021-07-09 20:43:45,589 - root - DEBUG - STATE：地图
2021-07-09 20:43:45,589 - root - DEBUG - STATE: 战前整备
2021-07-09 20:43:58,725 - root - DEBUG - ACTION: 放置队伍
2021-07-09 20:44:04,913 - root - DEBUG - ACTION: 开始作战
2021-07-09 20:44:07,993 - root - DEBUG - ACTION: 计划模式
2021-07-09 20:44:43,233 - root - DEBUG - > 已运行：2:43:14.215677  踩点数: 124
2021-07-09 20:44:43,734 - root - DEBUG - ACTION: 跳转至主菜单
2021-07-09 20:44:50,919 - root - DEBUG - STATE： 主菜单界面
2021-07-09 20:44:50,919 - root - DEBUG - ACTION: 前往作战菜单
2021-07-09 20:44:56,196 - root - DEBUG - STATE： SC界面
2021-07-09 20:44:56,196 - root - DEBUG - ACTION: 进入裂变链接活动
2021-07-09 20:45:23,756 - root - DEBUG - STATE： 裂变链接第三章界面
2021-07-09 20:45:34,468 - root - DEBUG - STATE：地图
2021-07-09 20:45:34,468 - root - DEBUG - STATE: 战前整备
2021-07-09 20:45:47,608 - root - DEBUG - ACTION: 放置队伍
2021-07-09 20:45:52,792 - root - DEBUG - ACTION: 开始作战
2021-07-09 20:45:55,795 - root - DEBUG - ACTION: 计划模式
2021-07-09 20:46:30,766 - root - DEBUG - > 已运行：2:45:01.748024  踩点数: 125
2021-07-09 20:46:31,220 - root - DEBUG - ERROR： 当前状态未知!
2021-07-09 20:46:36,294 - root - DEBUG - STATE： 裂变链接第三章界面
2021-07-09 20:46:46,332 - root - DEBUG - STATE：地图
2021-07-09 20:46:46,333 - root - DEBUG - STATE: 战前整备
2021-07-09 20:46:59,465 - root - DEBUG - ACTION: 放置队伍
2021-07-09 20:47:04,576 - root - DEBUG - ACTION: 开始作战
2021-07-09 20:47:07,584 - root - DEBUG - ACTION: 计划模式
2021-07-09 20:47:43,132 - root - DEBUG - > 已运行：2:46:14.114350  踩点数: 126
2021-07-09 20:47:43,578 - root - DEBUG - ERROR： 当前状态未知!
2021-07-09 20:47:48,656 - root - DEBUG - STATE： 裂变链接第三章界面
2021-07-09 20:47:59,044 - root - DEBUG - STATE：地图
2021-07-09 20:47:59,044 - root - DEBUG - STATE: 战前整备
2021-07-09 20:48:12,291 - root - DEBUG - ACTION: 放置队伍
2021-07-09 20:48:17,039 - root - DEBUG - ACTION: 开始作战
2021-07-09 20:48:20,069 - root - DEBUG - ACTION: 计划模式
2021-07-09 20:48:56,267 - root - DEBUG - > 已运行：2:47:27.249050  踩点数: 127
2021-07-09 20:48:56,412 - root - DEBUG - STATE： 裂变链接第三章界面
2021-07-09 20:49:07,199 - root - DEBUG - STATE：地图
2021-07-09 20:49:07,200 - root - DEBUG - STATE: 战前整备
2021-07-09 20:49:20,395 - root - DEBUG - ACTION: 放置队伍
2021-07-09 20:49:24,970 - root - DEBUG - ACTION: 开始作战
2021-07-09 20:49:28,477 - root - DEBUG - ACTION: 计划模式
2021-07-09 20:50:06,897 - root - DEBUG - > 已运行：2:48:37.879812  踩点数: 128
2021-07-09 20:50:07,398 - root - DEBUG - ACTION: 跳转至主菜单
2021-07-09 20:50:15,260 - root - DEBUG - STATE： 主菜单界面
2021-07-09 20:50:15,260 - root - DEBUG - ACTION: 前往作战菜单
2021-07-09 20:50:21,242 - root - DEBUG - STATE： SC界面
2021-07-09 20:50:21,245 - root - DEBUG - ACTION: 进入裂变链接活动
2021-07-09 20:50:49,271 - root - DEBUG - STATE： 裂变链接第三章界面
2021-07-09 20:50:59,710 - root - DEBUG - STATE：地图
2021-07-09 20:50:59,710 - root - DEBUG - STATE: 战前整备
2021-07-09 20:51:13,002 - root - DEBUG - ACTION: 放置队伍
2021-07-09 20:51:21,863 - root - DEBUG - ACTION: 开始作战
2021-07-09 20:51:24,864 - root - DEBUG - ACTION: 计划模式
2021-07-09 20:51:59,838 - root - DEBUG - > 已运行：2:50:30.819889  踩点数: 129
2021-07-09 20:51:59,959 - root - DEBUG - STATE： 裂变链接第三章界面
2021-07-09 20:52:10,547 - root - DEBUG - STATE：地图
2021-07-09 20:52:10,547 - root - DEBUG - STATE: 战前整备
2021-07-09 20:52:23,729 - root - DEBUG - ACTION: 放置队伍
2021-07-09 20:52:28,820 - root - DEBUG - ACTION: 开始作战
2021-07-09 20:52:31,794 - root - DEBUG - ACTION: 计划模式
2021-07-09 20:53:07,818 - root - DEBUG - > 已运行：2:51:38.799882  踩点数: 130
2021-07-09 20:53:07,965 - root - DEBUG - STATE： 裂变链接第三章界面
2021-07-09 20:53:18,327 - root - DEBUG - STATE：地图
2021-07-09 20:53:18,328 - root - DEBUG - STATE: 战前整备
2021-07-09 20:53:31,601 - root - DEBUG - ACTION: 放置队伍
2021-07-09 20:53:34,870 - root - DEBUG - ACTION: 开始作战
2021-07-09 20:53:37,952 - root - DEBUG - ACTION: 计划模式
2021-07-09 20:54:12,546 - root - DEBUG - > 已运行：2:52:43.528618  踩点数: 131
2021-07-09 20:54:12,694 - root - DEBUG - STATE： 裂变链接第三章界面
2021-07-09 20:54:22,883 - root - DEBUG - STATE：地图
2021-07-09 20:54:22,884 - root - DEBUG - STATE: 战前整备
2021-07-09 20:54:36,038 - root - DEBUG - ACTION: 放置队伍
2021-07-09 20:54:39,752 - root - DEBUG - ACTION: 开始作战
2021-07-09 20:54:42,879 - root - DEBUG - ACTION: 计划模式
2021-07-09 20:55:18,751 - root - DEBUG - > 已运行：2:53:49.732476  踩点数: 132
2021-07-09 20:55:19,252 - root - DEBUG - ACTION: 跳转至主菜单
2021-07-09 20:55:27,387 - root - DEBUG - STATE： 后勤结束界面
2021-07-09 20:55:27,388 - root - DEBUG - ACTION: 收派后勤
2021-07-09 20:55:34,396 - root - DEBUG - STATE： 后勤结束界面
2021-07-09 20:55:34,397 - root - DEBUG - ACTION: 收派后勤
2021-07-09 20:55:42,052 - root - DEBUG - STATE： 主菜单界面
2021-07-09 20:55:42,053 - root - DEBUG - ACTION: 前往作战菜单
2021-07-09 20:55:47,782 - root - DEBUG - STATE： SC界面
2021-07-09 20:55:47,783 - root - DEBUG - ACTION: 进入裂变链接活动
2021-07-09 20:56:14,889 - root - DEBUG - STATE： 裂变链接第三章界面
2021-07-09 20:56:25,356 - root - DEBUG - STATE：地图
2021-07-09 20:56:25,357 - root - DEBUG - STATE: 战前整备
2021-07-09 20:56:38,623 - root - DEBUG - ACTION: 放置队伍
2021-07-09 20:56:43,328 - root - DEBUG - ACTION: 开始作战
2021-07-09 20:56:46,307 - root - DEBUG - ACTION: 计划模式
2021-07-09 20:57:26,755 - root - DEBUG - > 已运行：2:55:57.737106  踩点数: 133
2021-07-09 20:57:26,902 - root - DEBUG - STATE： 裂变链接第三章界面
2021-07-09 20:57:36,991 - root - DEBUG - STATE：地图
2021-07-09 20:57:36,991 - root - DEBUG - STATE: 战前整备
2021-07-09 20:57:50,334 - root - DEBUG - ACTION: 放置队伍
2021-07-09 20:57:54,962 - root - DEBUG - ACTION: 开始作战
2021-07-09 20:57:58,037 - root - DEBUG - ACTION: 计划模式
2021-07-09 20:58:34,010 - root - DEBUG - > 已运行：2:57:04.992438  踩点数: 134
2021-07-09 20:58:34,160 - root - DEBUG - STATE： 裂变链接第三章界面
2021-07-09 20:58:44,467 - root - DEBUG - STATE：地图
2021-07-09 20:58:44,468 - root - DEBUG - STATE: 战前整备
2021-07-09 20:58:57,773 - root - DEBUG - ACTION: 放置队伍
2021-07-09 20:59:06,047 - root - DEBUG - ACTION: 开始作战
2021-07-09 20:59:09,098 - root - DEBUG - ACTION: 计划模式
2021-07-09 20:59:44,045 - root - DEBUG - > 已运行：2:58:15.027147  踩点数: 135
2021-07-09 20:59:44,494 - root - DEBUG - ERROR： 当前状态未知!
2021-07-09 20:59:49,595 - root - DEBUG - STATE： 裂变链接第三章界面
2021-07-09 20:59:59,761 - root - DEBUG - STATE：地图
2021-07-09 20:59:59,761 - root - DEBUG - STATE: 战前整备
2021-07-09 21:00:12,982 - root - DEBUG - ACTION: 放置队伍
2021-07-09 21:00:21,311 - root - DEBUG - ACTION: 开始作战
2021-07-09 21:00:24,317 - root - DEBUG - ACTION: 计划模式
2021-07-09 21:01:00,161 - root - DEBUG - > 已运行：2:59:31.143486  踩点数: 136
2021-07-09 21:01:00,662 - root - DEBUG - ACTION: 跳转至主菜单
2021-07-09 21:01:07,364 - root - DEBUG - STATE： 主菜单界面
2021-07-09 21:01:07,364 - root - DEBUG - ACTION: 前往作战菜单
2021-07-09 21:01:12,799 - root - DEBUG - STATE： SC界面
2021-07-09 21:01:12,800 - root - DEBUG - ACTION: 进入裂变链接活动
2021-07-09 21:01:40,904 - root - DEBUG - STATE： 裂变链接第三章界面
2021-07-09 21:01:51,496 - root - DEBUG - STATE：地图
2021-07-09 21:01:51,496 - root - DEBUG - STATE: 战前整备
2021-07-09 21:02:04,541 - root - DEBUG - ACTION: 放置队伍
2021-07-09 21:02:11,345 - root - DEBUG - ACTION: 开始作战
2021-07-09 21:02:14,395 - root - DEBUG - ACTION: 计划模式
2021-07-09 21:02:49,043 - root - DEBUG - > 已运行：3:01:20.025353  踩点数: 137
2021-07-09 21:02:49,493 - root - DEBUG - ERROR： 当前状态未知!
2021-07-09 21:02:54,569 - root - DEBUG - STATE： 裂变链接第三章界面
2021-07-09 21:03:04,831 - root - DEBUG - STATE：地图
2021-07-09 21:03:04,832 - root - DEBUG - STATE: 战前整备
2021-07-09 21:03:17,928 - root - DEBUG - ACTION: 放置队伍
2021-07-09 21:03:21,155 - root - DEBUG - ACTION: 开始作战
2021-07-09 21:03:24,260 - root - DEBUG - ACTION: 计划模式
2021-07-09 21:04:01,329 - root - DEBUG - > 已运行：3:02:32.311767  踩点数: 138
2021-07-09 21:04:01,478 - root - DEBUG - STATE： 裂变链接第三章界面
2021-07-09 21:04:12,237 - root - DEBUG - STATE：地图
2021-07-09 21:04:12,237 - root - DEBUG - STATE: 战前整备
2021-07-09 21:04:25,637 - root - DEBUG - ACTION: 放置队伍
2021-07-09 21:04:31,287 - root - DEBUG - ACTION: 开始作战
2021-07-09 21:04:34,365 - root - DEBUG - ACTION: 计划模式
2021-07-09 21:05:10,563 - root - DEBUG - > 已运行：3:03:41.545467  踩点数: 139
2021-07-09 21:05:10,713 - root - DEBUG - STATE： 裂变链接第三章界面
2021-07-09 21:05:21,249 - root - DEBUG - STATE：地图
2021-07-09 21:05:21,250 - root - DEBUG - STATE: 战前整备
2021-07-09 21:05:34,584 - root - DEBUG - ACTION: 放置队伍
2021-07-09 21:05:37,719 - root - DEBUG - ACTION: 开始作战
2021-07-09 21:05:40,747 - root - DEBUG - ACTION: 计划模式
2021-07-09 21:06:18,343 - root - DEBUG - > 已运行：3:04:49.325453  踩点数: 140
2021-07-09 21:06:18,845 - root - DEBUG - ACTION: 跳转至主菜单
2021-07-09 21:06:26,152 - root - DEBUG - STATE： 主菜单界面
2021-07-09 21:06:26,152 - root - DEBUG - ACTION: 前往作战菜单
2021-07-09 21:06:31,633 - root - DEBUG - STATE： SC界面
2021-07-09 21:06:31,634 - root - DEBUG - ACTION: 进入裂变链接活动
2021-07-09 21:06:59,166 - root - DEBUG - STATE： 裂变链接第三章界面
2021-07-09 21:07:09,354 - root - DEBUG - STATE：地图
2021-07-09 21:07:09,354 - root - DEBUG - STATE: 战前整备
2021-07-09 21:07:22,576 - root - DEBUG - ACTION: 放置队伍
2021-07-09 21:07:27,325 - root - DEBUG - ACTION: 开始作战
2021-07-09 21:07:30,379 - root - DEBUG - ACTION: 计划模式
2021-07-09 21:08:06,524 - root - DEBUG - > 已运行：3:06:37.506355  踩点数: 141
2021-07-09 21:08:06,672 - root - DEBUG - STATE： 裂变链接第三章界面
2021-07-09 21:08:17,011 - root - DEBUG - STATE：地图
2021-07-09 21:08:17,012 - root - DEBUG - STATE: 战前整备
2021-07-09 21:08:30,158 - root - DEBUG - ACTION: 放置队伍
2021-07-09 21:08:42,563 - root - DEBUG - ACTION: 开始作战
2021-07-09 21:08:45,595 - root - DEBUG - ACTION: 计划模式
2021-07-09 21:09:23,591 - root - DEBUG - > 已运行：3:07:54.573711  踩点数: 142
2021-07-09 21:09:23,739 - root - DEBUG - STATE： 裂变链接第三章界面
2021-07-09 21:09:35,057 - root - DEBUG - ERROR： 当前状态未知!
2021-07-09 21:09:40,086 - root - DEBUG - STATE：地图
2021-07-09 21:09:40,087 - root - DEBUG - STATE: 战前整备
2021-07-09 21:09:53,321 - root - DEBUG - ACTION: 放置队伍
2021-07-09 21:09:56,828 - root - DEBUG - ACTION: 开始作战
2021-07-09 21:09:59,857 - root - DEBUG - ACTION: 计划模式
2021-07-09 21:10:37,256 - root - DEBUG - > 已运行：3:09:08.238308  踩点数: 143
2021-07-09 21:10:37,402 - root - DEBUG - STATE： 裂变链接第三章界面
2021-07-09 21:10:48,420 - root - DEBUG - ERROR： 当前状态未知!
2021-07-09 21:10:53,448 - root - DEBUG - STATE：地图
2021-07-09 21:10:53,449 - root - DEBUG - STATE: 战前整备
2021-07-09 21:11:06,725 - root - DEBUG - ACTION: 放置队伍
2021-07-09 21:11:13,247 - root - DEBUG - ACTION: 开始作战
2021-07-09 21:11:16,327 - root - DEBUG - ACTION: 计划模式
2021-07-09 21:11:51,067 - root - DEBUG - > 已运行：3:10:22.049695  踩点数: 144
2021-07-09 21:11:51,569 - root - DEBUG - ACTION: 跳转至主菜单
2021-07-09 21:11:58,775 - root - DEBUG - STATE： 主菜单界面
2021-07-09 21:11:58,776 - root - DEBUG - ACTION: 前往作战菜单
2021-07-09 21:12:04,257 - root - DEBUG - STATE： SC界面
2021-07-09 21:12:04,257 - root - DEBUG - ACTION: 进入裂变链接活动
2021-07-09 21:12:32,090 - root - DEBUG - STATE： 裂变链接第三章界面
2021-07-09 21:12:42,254 - root - DEBUG - STATE：地图
2021-07-09 21:12:42,255 - root - DEBUG - STATE: 战前整备
2021-07-09 21:12:55,342 - root - DEBUG - ACTION: 放置队伍
2021-07-09 21:12:58,598 - root - DEBUG - ACTION: 开始作战
2021-07-09 21:13:01,699 - root - DEBUG - ACTION: 计划模式
2021-07-09 21:13:37,947 - root - DEBUG - > 已运行：3:12:08.929267  踩点数: 145
2021-07-09 21:13:38,071 - root - DEBUG - STATE： 裂变链接第三章界面
2021-07-09 21:13:48,559 - root - DEBUG - STATE：地图
2021-07-09 21:13:48,559 - root - DEBUG - STATE: 战前整备
2021-07-09 21:14:01,740 - root - DEBUG - ACTION: 放置队伍
2021-07-09 21:14:06,380 - root - DEBUG - ACTION: 开始作战
2021-07-09 21:14:09,385 - root - DEBUG - ACTION: 计划模式
2021-07-09 21:14:45,455 - root - DEBUG - > 已运行：3:13:16.437421  踩点数: 146
2021-07-09 21:14:45,602 - root - DEBUG - STATE： 裂变链接第三章界面
2021-07-09 21:14:55,388 - root - DEBUG - STATE：地图
2021-07-09 21:14:55,389 - root - DEBUG - STATE: 战前整备
2021-07-09 21:15:08,495 - root - DEBUG - ACTION: 放置队伍
2021-07-09 21:15:14,088 - root - DEBUG - ACTION: 开始作战
2021-07-09 21:15:17,115 - root - DEBUG - ACTION: 计划模式
2021-07-09 21:15:52,559 - root - DEBUG - > 已运行：3:14:23.541426  踩点数: 147
2021-07-09 21:15:52,709 - root - DEBUG - STATE： 裂变链接第三章界面
2021-07-09 21:16:03,645 - root - DEBUG - STATE：地图
2021-07-09 21:16:03,645 - root - DEBUG - STATE: 战前整备
2021-07-09 21:16:16,707 - root - DEBUG - ACTION: 放置队伍
2021-07-09 21:16:19,916 - root - DEBUG - ACTION: 开始作战
2021-07-09 21:16:22,893 - root - DEBUG - ACTION: 计划模式
2021-07-09 21:16:58,390 - root - DEBUG - > 已运行：3:15:29.371375  踩点数: 148
2021-07-09 21:16:58,891 - root - DEBUG - ACTION: 跳转至主菜单
2021-07-09 21:17:05,768 - root - DEBUG - ERROR： 当前状态未知!
2021-07-09 21:17:11,099 - root - DEBUG - STATE： 后勤结束界面
2021-07-09 21:17:11,099 - root - DEBUG - ACTION: 收派后勤
2021-07-09 21:17:17,932 - root - DEBUG - STATE： 主菜单界面
2021-07-09 21:17:17,932 - root - DEBUG - ACTION: 前往作战菜单
2021-07-09 21:17:23,717 - root - DEBUG - STATE： SC界面
2021-07-09 21:17:23,717 - root - DEBUG - ACTION: 进入裂变链接活动
2021-07-09 21:17:51,897 - root - DEBUG - STATE： 裂变链接第三章界面
2021-07-09 21:18:02,310 - root - DEBUG - STATE：地图
2021-07-09 21:18:02,312 - root - DEBUG - STATE: 战前整备
2021-07-09 21:18:15,332 - root - DEBUG - ACTION: 放置队伍
2021-07-09 21:18:18,785 - root - DEBUG - ACTION: 开始作战
2021-07-09 21:18:21,813 - root - DEBUG - ACTION: 计划模式
2021-07-09 21:18:58,256 - root - DEBUG - > 已运行：3:17:29.238064  踩点数: 149
2021-07-09 21:18:58,405 - root - DEBUG - STATE： 裂变链接第三章界面
2021-07-09 21:19:09,167 - root - DEBUG - STATE：地图
2021-07-09 21:19:09,167 - root - DEBUG - STATE: 战前整备
2021-07-09 21:19:22,407 - root - DEBUG - ACTION: 放置队伍
2021-07-09 21:19:25,614 - root - DEBUG - ACTION: 开始作战
2021-07-09 21:19:28,691 - root - DEBUG - ACTION: 计划模式
2021-07-09 21:20:09,118 - root - DEBUG - > 已运行：3:18:40.100391  踩点数: 150
2021-07-09 21:20:09,239 - root - DEBUG - STATE： 裂变链接第三章界面
2021-07-09 21:20:19,201 - root - DEBUG - STATE：地图
2021-07-09 21:20:19,201 - root - DEBUG - STATE: 战前整备
2021-07-09 21:20:32,582 - root - DEBUG - ACTION: 放置队伍
2021-07-09 21:20:37,525 - root - DEBUG - ACTION: 开始作战
2021-07-09 21:20:40,579 - root - DEBUG - ACTION: 计划模式
2021-07-09 21:21:15,348 - root - DEBUG - > 已运行：3:19:46.330667  踩点数: 151
2021-07-09 21:21:15,502 - root - DEBUG - STATE： 裂变链接第三章界面
2021-07-09 21:21:25,583 - root - DEBUG - ERROR： 当前状态未知!
2021-07-09 21:21:30,615 - root - DEBUG - STATE：地图
2021-07-09 21:21:30,615 - root - DEBUG - STATE: 战前整备
2021-07-09 21:21:43,859 - root - DEBUG - ACTION: 放置队伍
2021-07-09 21:21:53,092 - root - DEBUG - ACTION: 开始作战
2021-07-09 21:21:56,094 - root - DEBUG - ACTION: 计划模式
2021-07-09 21:22:32,091 - root - DEBUG - > 已运行：3:21:03.073611  踩点数: 152
2021-07-09 21:22:32,593 - root - DEBUG - ACTION: 跳转至主菜单
2021-07-09 21:22:39,147 - root - DEBUG - STATE： 主菜单界面
2021-07-09 21:22:39,147 - root - DEBUG - ACTION: 前往作战菜单
2021-07-09 21:22:45,226 - root - DEBUG - STATE： SC界面
2021-07-09 21:22:45,227 - root - DEBUG - ACTION: 进入裂变链接活动
2021-07-09 21:23:12,786 - root - DEBUG - STATE： 裂变链接第三章界面
2021-07-09 21:23:22,749 - root - DEBUG - STATE：地图
2021-07-09 21:23:22,750 - root - DEBUG - STATE: 战前整备
2021-07-09 21:23:35,692 - root - DEBUG - ACTION: 放置队伍
2021-07-09 21:23:39,044 - root - DEBUG - ACTION: 开始作战
2021-07-09 21:23:42,048 - root - DEBUG - ACTION: 计划模式
2021-07-09 21:24:19,495 - root - DEBUG - > 已运行：3:22:50.476926  踩点数: 153
2021-07-09 21:24:19,644 - root - DEBUG - STATE： 裂变链接第三章界面
2021-07-09 21:24:29,579 - root - DEBUG - STATE：地图
2021-07-09 21:24:29,579 - root - DEBUG - STATE: 战前整备
2021-07-09 21:24:42,687 - root - DEBUG - ACTION: 放置队伍
2021-07-09 21:24:46,297 - root - DEBUG - ACTION: 开始作战
2021-07-09 21:24:49,328 - root - DEBUG - ACTION: 计划模式
2021-07-09 21:25:25,573 - root - DEBUG - > 已运行：3:23:56.555257  踩点数: 154
2021-07-09 21:25:25,723 - root - DEBUG - STATE： 裂变链接第三章界面
2021-07-09 21:25:36,608 - root - DEBUG - STATE：地图
2021-07-09 21:25:36,609 - root - DEBUG - STATE: 战前整备
2021-07-09 21:25:49,674 - root - DEBUG - ACTION: 放置队伍
2021-07-09 21:25:55,385 - root - DEBUG - ACTION: 开始作战
2021-07-09 21:25:58,488 - root - DEBUG - ACTION: 计划模式
2021-07-09 21:26:33,359 - root - DEBUG - > 已运行：3:25:04.341734  踩点数: 155
2021-07-09 21:26:33,807 - root - DEBUG - ERROR： 当前状态未知!
2021-07-09 21:26:38,885 - root - DEBUG - STATE： 裂变链接第三章界面
2021-07-09 21:26:49,348 - root - DEBUG - STATE：地图
2021-07-09 21:26:49,349 - root - DEBUG - STATE: 战前整备
2021-07-09 21:27:02,626 - root - DEBUG - ACTION: 放置队伍
2021-07-09 21:27:06,318 - root - DEBUG - ACTION: 开始作战
2021-07-09 21:27:09,369 - root - DEBUG - ACTION: 计划模式
2021-07-09 21:27:47,396 - root - DEBUG - > 已运行：3:26:18.377859  踩点数: 156
2021-07-09 21:27:47,897 - root - DEBUG - ACTION: 跳转至主菜单
2021-07-09 21:27:55,726 - root - DEBUG - STATE： 主菜单界面
2021-07-09 21:27:55,727 - root - DEBUG - ACTION: 前往作战菜单
2021-07-09 21:28:00,930 - root - DEBUG - STATE： SC界面
2021-07-09 21:28:00,930 - root - DEBUG - ACTION: 进入裂变链接活动
2021-07-09 21:28:28,290 - root - DEBUG - STATE： 裂变链接第三章界面
2021-07-09 21:28:38,802 - root - DEBUG - STATE：地图
2021-07-09 21:28:38,802 - root - DEBUG - STATE: 战前整备
2021-07-09 21:28:51,726 - root - DEBUG - ACTION: 放置队伍
2021-07-09 21:28:54,924 - root - DEBUG - ACTION: 开始作战
2021-07-09 21:28:57,927 - root - DEBUG - ACTION: 计划模式
2021-07-09 21:29:35,372 - root - DEBUG - > 已运行：3:28:06.354120  踩点数: 157
2021-07-09 21:29:35,497 - root - DEBUG - STATE： 裂变链接第三章界面
2021-07-09 21:29:46,765 - root - DEBUG - ERROR： 当前状态未知!
2021-07-09 21:29:51,791 - root - DEBUG - STATE：地图
2021-07-09 21:29:51,791 - root - DEBUG - STATE: 战前整备
2021-07-09 21:30:05,177 - root - DEBUG - ACTION: 放置队伍
2021-07-09 21:30:16,068 - root - DEBUG - ACTION: 开始作战
2021-07-09 21:30:19,172 - root - DEBUG - ACTION: 计划模式
2021-07-09 21:30:55,022 - root - DEBUG - > 已运行：3:29:26.004501  踩点数: 158
2021-07-09 21:30:55,474 - root - DEBUG - ERROR： 当前状态未知!
2021-07-09 21:31:00,551 - root - DEBUG - STATE： 裂变链接第三章界面
2021-07-09 21:31:11,312 - root - DEBUG - STATE：地图
2021-07-09 21:31:11,313 - root - DEBUG - STATE: 战前整备
2021-07-09 21:31:24,492 - root - DEBUG - ACTION: 放置队伍
2021-07-09 21:31:28,005 - root - DEBUG - ACTION: 开始作战
2021-07-09 21:31:31,033 - root - DEBUG - ACTION: 计划模式
2021-07-09 21:32:07,082 - root - DEBUG - > 已运行：3:30:38.064454  踩点数: 159
2021-07-09 21:32:07,230 - root - DEBUG - STATE： 裂变链接第三章界面
2021-07-09 21:32:18,068 - root - DEBUG - STATE：地图
2021-07-09 21:32:18,068 - root - DEBUG - STATE: 战前整备
2021-07-09 21:32:31,198 - root - DEBUG - ACTION: 放置队伍
2021-07-09 21:32:37,464 - root - DEBUG - ACTION: 开始作战
2021-07-09 21:32:40,996 - root - DEBUG - ACTION: 计划模式
2021-07-09 21:33:17,115 - root - DEBUG - > 已运行：3:31:48.097168  踩点数: 160
2021-07-09 21:33:17,615 - root - DEBUG - ACTION: 跳转至主菜单
2021-07-09 21:33:24,950 - root - DEBUG - STATE： 主菜单界面
2021-07-09 21:33:24,951 - root - DEBUG - ACTION: 前往作战菜单
2021-07-09 21:33:30,881 - root - DEBUG - STATE： SC界面
2021-07-09 21:33:30,882 - root - DEBUG - ACTION: 进入裂变链接活动
2021-07-09 21:33:33,907 - root - DEBUG - STATE： 裂变链接第三章界面
2021-07-09 21:33:43,745 - root - DEBUG - STATE：地图
2021-07-09 21:33:43,746 - root - DEBUG - STATE: 战前整备
2021-07-09 21:33:56,785 - root - DEBUG - ACTION: 放置队伍
2021-07-09 21:34:02,921 - root - DEBUG - ACTION: 开始作战
2021-07-09 21:34:06,025 - root - DEBUG - ACTION: 计划模式
2021-07-09 21:34:43,797 - root - DEBUG - > 已运行：3:33:14.779213  踩点数: 161
2021-07-09 21:34:43,943 - root - DEBUG - STATE： 裂变链接第三章界面
2021-07-09 21:34:54,255 - root - DEBUG - STATE：地图
2021-07-09 21:34:54,256 - root - DEBUG - STATE: 战前整备
2021-07-09 21:35:07,296 - root - DEBUG - ACTION: 放置队伍
2021-07-09 21:35:14,001 - root - DEBUG - ACTION: 开始作战
2021-07-09 21:35:17,030 - root - DEBUG - ACTION: 计划模式
2021-07-09 21:35:55,103 - root - DEBUG - > 已运行：3:34:26.084133  踩点数: 162
2021-07-09 21:35:55,229 - root - DEBUG - STATE： 裂变链接第三章界面
2021-07-09 21:36:04,991 - root - DEBUG - STATE：地图
2021-07-09 21:36:04,991 - root - DEBUG - STATE: 战前整备
2021-07-09 21:36:18,307 - root - DEBUG - ACTION: 放置队伍
2021-07-09 21:36:24,516 - root - DEBUG - ACTION: 开始作战
2021-07-09 21:36:27,466 - root - DEBUG - ACTION: 计划模式
2021-07-09 21:37:03,164 - root - DEBUG - > 已运行：3:35:34.145951  踩点数: 163
2021-07-09 21:37:03,313 - root - DEBUG - STATE： 裂变链接第三章界面
2021-07-09 21:37:13,050 - root - DEBUG - STATE：地图
2021-07-09 21:37:13,050 - root - DEBUG - STATE: 战前整备
2021-07-09 21:37:26,323 - root - DEBUG - ACTION: 放置队伍
2021-07-09 21:37:32,869 - root - DEBUG - ACTION: 开始作战
2021-07-09 21:37:35,900 - root - DEBUG - ACTION: 计划模式
2021-07-09 21:38:11,945 - root - DEBUG - > 已运行：3:36:42.927301  踩点数: 164
2021-07-09 21:38:12,448 - root - DEBUG - ACTION: 跳转至主菜单
2021-07-09 21:38:19,299 - root - DEBUG - STATE： 主菜单界面
2021-07-09 21:38:19,299 - root - DEBUG - ACTION: 前往作战菜单
2021-07-09 21:38:25,284 - root - DEBUG - STATE： SC界面
2021-07-09 21:38:25,284 - root - DEBUG - ACTION: 进入裂变链接活动
2021-07-09 21:38:53,265 - root - DEBUG - STATE： 裂变链接第三章界面
2021-07-09 21:39:03,556 - root - DEBUG - STATE：地图
2021-07-09 21:39:03,557 - root - DEBUG - STATE: 战前整备
2021-07-09 21:39:16,396 - root - DEBUG - ACTION: 放置队伍
2021-07-09 21:39:19,598 - root - DEBUG - ACTION: 开始作战
2021-07-09 21:39:22,655 - root - DEBUG - ACTION: 计划模式
2021-07-09 21:39:59,697 - root - DEBUG - > 已运行：3:38:30.679687  踩点数: 165
2021-07-09 21:39:59,824 - root - DEBUG - STATE： 裂变链接第三章界面
2021-07-09 21:40:10,360 - root - DEBUG - STATE：地图
2021-07-09 21:40:10,360 - root - DEBUG - STATE: 战前整备
2021-07-09 21:40:23,544 - root - DEBUG - ACTION: 放置队伍
2021-07-09 21:40:27,183 - root - DEBUG - ACTION: 开始作战
2021-07-09 21:40:30,259 - root - DEBUG - ACTION: 计划模式
2021-07-09 21:41:06,957 - root - DEBUG - > 已运行：3:39:37.939514  踩点数: 166
2021-07-09 21:41:07,082 - root - DEBUG - STATE： 裂变链接第三章界面
2021-07-09 21:41:17,642 - root - DEBUG - STATE：地图
2021-07-09 21:41:17,642 - root - DEBUG - STATE: 战前整备
2021-07-09 21:41:30,567 - root - DEBUG - ACTION: 放置队伍
2021-07-09 21:41:35,736 - root - DEBUG - ACTION: 开始作战
2021-07-09 21:41:38,741 - root - DEBUG - ACTION: 计划模式
