2021-03-20 22:19:08,339 - root - DEBUG - 开始操作
2021-03-20 22:19:08,442 - root - DEBUG - STATE： 8-1界面
2021-03-20 22:19:08,442 - root - DEBUG - ACTION: 启动8-1
2021-03-20 22:19:15,977 - root - DEBUG - STATE：地图
2021-03-20 22:19:15,977 - root - DEBUG - STATE: 战前整备
2021-03-20 22:19:23,580 - root - DEBUG - ACTION: 放置队伍
2021-03-20 22:19:25,565 - root - DEBUG - ACTION: 开始作战
2021-03-20 22:19:28,718 - root - DEBUG - ACTION: 前往1号点
2021-03-20 22:19:32,723 - root - DEBUG - ACTION: 放置队伍
2021-03-20 22:19:53,541 - root - DEBUG - ACTION: 前往3号点
2021-03-20 22:19:59,503 - root - DEBUG - ACTION: 遇敌撤退
2021-03-20 22:20:10,869 - root - DEBUG - ACTION: 重启作战
2021-03-20 22:20:17,154 - root - DEBUG - > 已运行：0:01:08.814999  踩点数: 1
2021-03-20 22:20:17,201 - root - DEBUG - STATE：地图
2021-03-20 22:20:17,202 - root - DEBUG - STATE: 战前整备
2021-03-20 22:20:24,696 - root - DEBUG - ACTION: 放置队伍
2021-03-20 22:20:26,713 - root - DEBUG - ACTION: 开始作战
2021-03-20 22:20:29,342 - root - DEBUG - ACTION: 前往1号点
2021-03-20 22:20:33,665 - root - DEBUG - ACTION: 放置队伍
2021-03-20 22:20:54,514 - root - DEBUG - ACTION: 前往3号点
2021-03-20 22:21:00,467 - root - DEBUG - ACTION: 遇敌撤退
2021-03-20 22:21:11,415 - root - DEBUG - ACTION: 重启作战
2021-03-20 22:21:17,997 - root - DEBUG - > 已运行：0:02:09.658429  踩点数: 2
2021-03-20 22:21:18,023 - root - DEBUG - STATE：地图
2021-03-20 22:21:18,024 - root - DEBUG - STATE: 战前整备
2021-03-20 22:21:25,625 - root - DEBUG - ACTION: 放置队伍
2021-03-20 22:21:27,612 - root - DEBUG - ACTION: 开始作战
2021-03-20 22:21:30,242 - root - DEBUG - ACTION: 前往1号点
2021-03-20 22:21:34,372 - root - DEBUG - ACTION: 放置队伍
2021-03-20 22:21:56,192 - root - DEBUG - ACTION: 前往3号点
2021-03-20 22:22:02,351 - root - DEBUG - ACTION: 遇敌撤退
2021-03-20 22:22:12,938 - root - DEBUG - ACTION: 重启作战
2021-03-20 22:22:19,022 - root - DEBUG - > 已运行：0:03:10.682806  踩点数: 3
2021-03-20 22:22:19,046 - root - DEBUG - STATE：地图
2021-03-20 22:22:19,047 - root - DEBUG - STATE: 战前整备
2021-03-20 22:22:26,596 - root - DEBUG - ACTION: 放置队伍
2021-03-20 22:22:28,610 - root - DEBUG - ACTION: 开始作战
2021-03-20 22:22:31,763 - root - DEBUG - ACTION: 前往1号点
2021-03-20 22:22:35,992 - root - DEBUG - ACTION: 放置队伍
2021-03-20 22:22:57,889 - root - DEBUG - ACTION: 前往3号点
2021-03-20 22:23:04,021 - root - DEBUG - ACTION: 遇敌撤退
2021-03-20 22:23:14,614 - root - DEBUG - ACTION: 重启作战
2021-03-20 22:23:20,923 - root - DEBUG - > 已运行：0:04:12.583808  踩点数: 4
2021-03-20 22:23:20,946 - root - DEBUG - STATE：地图
2021-03-20 22:23:20,946 - root - DEBUG - STATE: 战前整备
2021-03-20 22:23:28,397 - root - DEBUG - ACTION: 放置队伍
2021-03-20 22:23:30,409 - root - DEBUG - ACTION: 开始作战
2021-03-20 22:23:33,536 - root - DEBUG - ACTION: 前往1号点
2021-03-20 22:23:37,709 - root - DEBUG - ACTION: 放置队伍
2021-03-20 22:23:59,515 - root - DEBUG - ACTION: 前往3号点
2021-03-20 22:24:05,512 - root - DEBUG - ACTION: 遇敌撤退
2021-03-20 22:24:17,614 - root - DEBUG - ACTION: 重启作战
2021-03-20 22:24:24,046 - root - DEBUG - > 已运行：0:05:15.707417  踩点数: 5
2021-03-20 22:24:24,074 - root - DEBUG - STATE：地图
2021-03-20 22:24:24,075 - root - DEBUG - STATE: 战前整备
2021-03-20 22:24:31,491 - root - DEBUG - ACTION: 放置队伍
2021-03-20 22:24:33,510 - root - DEBUG - ACTION: 开始作战
2021-03-20 22:24:36,638 - root - DEBUG - ACTION: 前往1号点
2021-03-20 22:24:40,743 - root - DEBUG - ACTION: 放置队伍
2021-03-20 22:25:01,565 - root - DEBUG - ACTION: 前往3号点
2021-03-20 22:25:07,617 - root - DEBUG - ACTION: 遇敌撤退
2021-03-20 22:25:18,211 - root - DEBUG - ACTION: 重启作战
2021-03-20 22:25:24,770 - root - DEBUG - > 已运行：0:06:16.431644  踩点数: 6
2021-03-20 22:25:24,802 - root - DEBUG - STATE：地图
2021-03-20 22:25:24,803 - root - DEBUG - STATE: 战前整备
2021-03-20 22:25:32,250 - root - DEBUG - ACTION: 放置队伍
2021-03-20 22:25:34,236 - root - DEBUG - ACTION: 开始作战
2021-03-20 22:25:37,413 - root - DEBUG - ACTION: 前往1号点
2021-03-20 22:25:41,647 - root - DEBUG - ACTION: 放置队伍
2021-03-20 22:26:02,464 - root - DEBUG - ACTION: 前往3号点
2021-03-20 22:26:08,434 - root - DEBUG - ACTION: 遇敌撤退
