2021-05-02 16:18:59,492 - root - DEBUG - 开始操作
2021-05-02 16:18:59,740 - root - DEBUG - STATE： 主菜单界面
2021-05-02 16:18:59,740 - root - DEBUG - ACTION: 前往作战菜单
2021-05-02 16:19:05,722 - root - DEBUG - STATE： 战斗菜单
2021-05-02 16:19:05,722 - root - DEBUG - ACTION: 前往4-6选择界面
2021-05-02 16:19:14,756 - root - DEBUG - STATE： 4-6界面
2021-05-02 16:19:14,756 - root - DEBUG - ACTION: 启动4-6
2021-05-02 16:19:22,291 - root - DEBUG - ERROR： 当前状态未知!
2021-05-02 16:19:27,325 - root - DEBUG - STATE：地图
2021-05-02 16:19:27,326 - root - DEBUG - STATE: 战前整备
2021-05-02 16:19:37,645 - root - DEBUG - ACTION: 放置队伍
2021-05-02 16:19:41,468 - root - DEBUG - ACTION: 开始作战
2021-05-02 16:19:44,594 - root - DEBUG - ACTION: 计划模式
2021-05-02 16:21:38,906 - root - DEBUG - ACTION: 战役结算
2021-05-02 16:21:45,590 - root - DEBUG - 已运行：0:02:46.097491  13-4轮次：1
2021-05-02 16:21:45,714 - root - DEBUG - STATE： 战斗菜单
2021-05-02 16:21:45,714 - root - DEBUG - ACTION: 前往4-6选择界面
2021-05-02 16:21:55,676 - root - DEBUG - STATE： 4-6界面
2021-05-02 16:21:55,676 - root - DEBUG - ACTION: 启动4-6
2021-05-02 16:22:02,660 - root - DEBUG - ERROR： 当前状态未知!
2021-05-02 16:22:07,690 - root - DEBUG - STATE：地图
2021-05-02 16:22:07,691 - root - DEBUG - ACTION: 放置队伍
2021-05-02 16:22:11,599 - root - DEBUG - ACTION: 开始作战
2021-05-02 16:22:14,724 - root - DEBUG - ACTION: 计划模式
2021-05-02 16:24:08,412 - root - DEBUG - ACTION: 战役结算
2021-05-02 16:24:15,222 - root - DEBUG - 已运行：0:05:15.729411  13-4轮次：2
2021-05-02 16:24:15,345 - root - DEBUG - STATE： 战斗菜单
2021-05-02 16:24:15,346 - root - DEBUG - ACTION: 前往4-6选择界面
2021-05-02 16:24:24,430 - root - DEBUG - STATE： 4-6界面
2021-05-02 16:24:24,431 - root - DEBUG - ACTION: 启动4-6
2021-05-02 16:24:31,394 - root - DEBUG - ERROR： 当前状态未知!
